0:0:0:0:0:0:0:1 - - [24/Nov/2017:01:05:21 +0000] "GET / HTTP/1.1" 200 1569 "-" "Mozilla/5.0 (Windows NT 10.0; Win64; x64) AppleWebKit/537.36 (KHTML, like Gecko) Chrome/62.0.3202.94 Safari/537.36"
0:0:0:0:0:0:0:1 - - [24/Nov/2017:01:05:22 +0000] "GET /assets/js/script/icpay.js HTTP/1.1" 200 654 "http://localhost:8080/" "Mozilla/5.0 (Windows NT 10.0; Win64; x64) AppleWebKit/537.36 (KHTML, like Gecko) Chrome/62.0.3202.94 Safari/537.36"
0:0:0:0:0:0:0:1 - - [24/Nov/2017:01:05:22 +0000] "GET /assets/css/stylesheet.css HTTP/1.1" 304 0 "http://localhost:8080/" "Mozilla/5.0 (Windows NT 10.0; Win64; x64) AppleWebKit/537.36 (KHTML, like Gecko) Chrome/62.0.3202.94 Safari/537.36"
0:0:0:0:0:0:0:1 - - [24/Nov/2017:01:05:23 +0000] "GET /content/login.html HTTP/1.1" 200 2364 "http://localhost:8080/" "Mozilla/5.0 (Windows NT 10.0; Win64; x64) AppleWebKit/537.36 (KHTML, like Gecko) Chrome/62.0.3202.94 Safari/537.36"
0:0:0:0:0:0:0:1 - - [24/Nov/2017:01:05:23 +0000] "GET /common/header-test.html HTTP/1.1" 200 686 "http://localhost:8080/" "Mozilla/5.0 (Windows NT 10.0; Win64; x64) AppleWebKit/537.36 (KHTML, like Gecko) Chrome/62.0.3202.94 Safari/537.36"
0:0:0:0:0:0:0:1 - - [24/Nov/2017:01:05:23 +0000] "GET /assets/js/script/login.js?_=1511485523239 HTTP/1.1" 200 312 "http://localhost:8080/" "Mozilla/5.0 (Windows NT 10.0; Win64; x64) AppleWebKit/537.36 (KHTML, like Gecko) Chrome/62.0.3202.94 Safari/537.36"
0:0:0:0:0:0:0:1 - - [24/Nov/2017:01:05:23 +0000] "GET /assets/img/example/user/dmitry_b.jpg HTTP/1.1" 200 21402 "http://localhost:8080/" "Mozilla/5.0 (Windows NT 10.0; Win64; x64) AppleWebKit/537.36 (KHTML, like Gecko) Chrome/62.0.3202.94 Safari/537.36"
0:0:0:0:0:0:0:1 - - [24/Nov/2017:01:05:24 +0000] "GET /favicon.ico HTTP/1.1" 404 326 "http://localhost:8080/" "Mozilla/5.0 (Windows NT 10.0; Win64; x64) AppleWebKit/537.36 (KHTML, like Gecko) Chrome/62.0.3202.94 Safari/537.36"
0:0:0:0:0:0:0:1 - - [24/Nov/2017:01:05:38 +0000] "GET /admin HTTP/1.1" 302 0 "http://localhost:8080/" "Mozilla/5.0 (Windows NT 10.0; Win64; x64) AppleWebKit/537.36 (KHTML, like Gecko) Chrome/62.0.3202.94 Safari/537.36"
0:0:0:0:0:0:0:1 - - [24/Nov/2017:01:05:38 +0000] "GET /admin/ HTTP/1.1" 200 1605 "http://localhost:8080/" "Mozilla/5.0 (Windows NT 10.0; Win64; x64) AppleWebKit/537.36 (KHTML, like Gecko) Chrome/62.0.3202.94 Safari/537.36"
0:0:0:0:0:0:0:1 - - [24/Nov/2017:01:05:38 +0000] "GET /content/admin/.html HTTP/1.1" 404 334 "http://localhost:8080/admin/" "Mozilla/5.0 (Windows NT 10.0; Win64; x64) AppleWebKit/537.36 (KHTML, like Gecko) Chrome/62.0.3202.94 Safari/537.36"
0:0:0:0:0:0:0:1 - - [24/Nov/2017:01:05:38 +0000] "GET /common/header.html HTTP/1.1" 200 1460 "http://localhost:8080/admin/" "Mozilla/5.0 (Windows NT 10.0; Win64; x64) AppleWebKit/537.36 (KHTML, like Gecko) Chrome/62.0.3202.94 Safari/537.36"
0:0:0:0:0:0:0:1 - - [24/Nov/2017:01:05:38 +0000] "GET /assets/js/script/header.js?_=1511485538353 HTTP/1.1" 200 404 "http://localhost:8080/admin/" "Mozilla/5.0 (Windows NT 10.0; Win64; x64) AppleWebKit/537.36 (KHTML, like Gecko) Chrome/62.0.3202.94 Safari/537.36"
0:0:0:0:0:0:0:1 - - [24/Nov/2017:01:05:40 +0000] "GET /content/admin/monitoring_user.html HTTP/1.1" 200 0 "http://localhost:8080/admin/" "Mozilla/5.0 (Windows NT 10.0; Win64; x64) AppleWebKit/537.36 (KHTML, like Gecko) Chrome/62.0.3202.94 Safari/537.36"
0:0:0:0:0:0:0:1 - - [24/Nov/2017:01:05:57 +0000] "GET /admin/ HTTP/1.1" 304 0 "-" "Mozilla/5.0 (Windows NT 10.0; Win64; x64) AppleWebKit/537.36 (KHTML, like Gecko) Chrome/62.0.3202.94 Safari/537.36"
0:0:0:0:0:0:0:1 - - [24/Nov/2017:01:05:58 +0000] "GET /assets/js/script/header.js?_=1511485558263 HTTP/1.1" 200 404 "http://localhost:8080/admin/" "Mozilla/5.0 (Windows NT 10.0; Win64; x64) AppleWebKit/537.36 (KHTML, like Gecko) Chrome/62.0.3202.94 Safari/537.36"
0:0:0:0:0:0:0:1 - - [24/Nov/2017:01:06:00 +0000] "GET /content/admin/produk.html HTTP/1.1" 200 3909 "http://localhost:8080/admin/" "Mozilla/5.0 (Windows NT 10.0; Win64; x64) AppleWebKit/537.36 (KHTML, like Gecko) Chrome/62.0.3202.94 Safari/537.36"
0:0:0:0:0:0:0:1 - - [24/Nov/2017:01:06:00 +0000] "GET /assets/js/script/produk.js?_=1511485558264 HTTP/1.1" 200 800 "http://localhost:8080/admin/" "Mozilla/5.0 (Windows NT 10.0; Win64; x64) AppleWebKit/537.36 (KHTML, like Gecko) Chrome/62.0.3202.94 Safari/537.36"
0:0:0:0:0:0:0:1 - - [24/Nov/2017:01:10:14 +0000] "GET /admin/ HTTP/1.1" 304 0 "-" "Mozilla/5.0 (Windows NT 10.0; Win64; x64) AppleWebKit/537.36 (KHTML, like Gecko) Chrome/62.0.3202.94 Safari/537.36"
0:0:0:0:0:0:0:1 - - [24/Nov/2017:01:10:14 +0000] "GET /common/header.html HTTP/1.1" 304 0 "http://localhost:8080/admin/" "Mozilla/5.0 (Windows NT 10.0; Win64; x64) AppleWebKit/537.36 (KHTML, like Gecko) Chrome/62.0.3202.94 Safari/537.36"
0:0:0:0:0:0:0:1 - - [24/Nov/2017:01:10:14 +0000] "GET /content/admin/monitoring_user.html HTTP/1.1" 200 2345 "http://localhost:8080/admin/" "Mozilla/5.0 (Windows NT 10.0; Win64; x64) AppleWebKit/537.36 (KHTML, like Gecko) Chrome/62.0.3202.94 Safari/537.36"
0:0:0:0:0:0:0:1 - - [24/Nov/2017:01:10:14 +0000] "GET /assets/js/script/header.js?_=1511485814368 HTTP/1.1" 200 404 "http://localhost:8080/admin/" "Mozilla/5.0 (Windows NT 10.0; Win64; x64) AppleWebKit/537.36 (KHTML, like Gecko) Chrome/62.0.3202.94 Safari/537.36"
0:0:0:0:0:0:0:1 - - [24/Nov/2017:01:10:14 +0000] "GET /assets/js/script/monitoring_user.js?_=1511485814369 HTTP/1.1" 200 28 "http://localhost:8080/admin/" "Mozilla/5.0 (Windows NT 10.0; Win64; x64) AppleWebKit/537.36 (KHTML, like Gecko) Chrome/62.0.3202.94 Safari/537.36"
0:0:0:0:0:0:0:1 - - [24/Nov/2017:01:10:37 +0000] "GET /admin/ HTTP/1.1" 304 0 "-" "Mozilla/5.0 (Windows NT 10.0; Win64; x64) AppleWebKit/537.36 (KHTML, like Gecko) Chrome/62.0.3202.94 Safari/537.36"
0:0:0:0:0:0:0:1 - - [24/Nov/2017:01:10:37 +0000] "GET /content/admin/monitoring_user.html HTTP/1.1" 200 1562 "http://localhost:8080/admin/" "Mozilla/5.0 (Windows NT 10.0; Win64; x64) AppleWebKit/537.36 (KHTML, like Gecko) Chrome/62.0.3202.94 Safari/537.36"
0:0:0:0:0:0:0:1 - - [24/Nov/2017:01:10:37 +0000] "GET /assets/js/script/header.js?_=1511485837361 HTTP/1.1" 200 404 "http://localhost:8080/admin/" "Mozilla/5.0 (Windows NT 10.0; Win64; x64) AppleWebKit/537.36 (KHTML, like Gecko) Chrome/62.0.3202.94 Safari/537.36"
0:0:0:0:0:0:0:1 - - [24/Nov/2017:01:10:37 +0000] "GET /assets/js/script/monitoring_user.js?_=1511485837362 HTTP/1.1" 200 28 "http://localhost:8080/admin/" "Mozilla/5.0 (Windows NT 10.0; Win64; x64) AppleWebKit/537.36 (KHTML, like Gecko) Chrome/62.0.3202.94 Safari/537.36"
0:0:0:0:0:0:0:1 - - [24/Nov/2017:01:10:49 +0000] "GET /content/admin/user.html HTTP/1.1" 304 0 "http://localhost:8080/admin/" "Mozilla/5.0 (Windows NT 10.0; Win64; x64) AppleWebKit/537.36 (KHTML, like Gecko) Chrome/62.0.3202.94 Safari/537.36"
0:0:0:0:0:0:0:1 - - [24/Nov/2017:01:10:49 +0000] "GET /assets/js/script/user.js?_=1511485837363 HTTP/1.1" 200 712 "http://localhost:8080/admin/" "Mozilla/5.0 (Windows NT 10.0; Win64; x64) AppleWebKit/537.36 (KHTML, like Gecko) Chrome/62.0.3202.94 Safari/537.36"
0:0:0:0:0:0:0:1 - - [24/Nov/2017:01:11:43 +0000] "GET /content/admin/monitoring_user.html HTTP/1.1" 304 0 "http://localhost:8080/admin/" "Mozilla/5.0 (Windows NT 10.0; Win64; x64) AppleWebKit/537.36 (KHTML, like Gecko) Chrome/62.0.3202.94 Safari/537.36"
0:0:0:0:0:0:0:1 - - [24/Nov/2017:01:11:43 +0000] "GET /assets/js/script/monitoring_user.js?_=1511485837364 HTTP/1.1" 200 28 "http://localhost:8080/admin/" "Mozilla/5.0 (Windows NT 10.0; Win64; x64) AppleWebKit/537.36 (KHTML, like Gecko) Chrome/62.0.3202.94 Safari/537.36"
0:0:0:0:0:0:0:1 - - [24/Nov/2017:01:12:07 +0000] "GET /admin/ HTTP/1.1" 304 0 "-" "Mozilla/5.0 (Windows NT 10.0; Win64; x64) AppleWebKit/537.36 (KHTML, like Gecko) Chrome/62.0.3202.94 Safari/537.36"
0:0:0:0:0:0:0:1 - - [24/Nov/2017:01:12:08 +0000] "GET /common/header.html HTTP/1.1" 304 0 "http://localhost:8080/admin/" "Mozilla/5.0 (Windows NT 10.0; Win64; x64) AppleWebKit/537.36 (KHTML, like Gecko) Chrome/62.0.3202.94 Safari/537.36"
0:0:0:0:0:0:0:1 - - [24/Nov/2017:01:12:08 +0000] "GET /content/admin/monitoring_user.html HTTP/1.1" 200 1562 "http://localhost:8080/admin/" "Mozilla/5.0 (Windows NT 10.0; Win64; x64) AppleWebKit/537.36 (KHTML, like Gecko) Chrome/62.0.3202.94 Safari/537.36"
0:0:0:0:0:0:0:1 - - [24/Nov/2017:01:12:08 +0000] "GET /assets/js/script/header.js?_=1511485928222 HTTP/1.1" 200 404 "http://localhost:8080/admin/" "Mozilla/5.0 (Windows NT 10.0; Win64; x64) AppleWebKit/537.36 (KHTML, like Gecko) Chrome/62.0.3202.94 Safari/537.36"
0:0:0:0:0:0:0:1 - - [24/Nov/2017:01:12:08 +0000] "GET /assets/js/script/monitoring_user.js?_=1511485928223 HTTP/1.1" 200 28 "http://localhost:8080/admin/" "Mozilla/5.0 (Windows NT 10.0; Win64; x64) AppleWebKit/537.36 (KHTML, like Gecko) Chrome/62.0.3202.94 Safari/537.36"
0:0:0:0:0:0:0:1 - - [24/Nov/2017:03:52:34 +0000] "GET /assets/js/script/header.js?_=1511495548382 HTTP/1.1" 200 404 "http://localhost:8080/admin/" "Mozilla/5.0 (Windows NT 10.0; Win64; x64) AppleWebKit/537.36 (KHTML, like Gecko) Chrome/62.0.3202.94 Safari/537.36"
0:0:0:0:0:0:0:1 - - [24/Nov/2017:03:52:35 +0000] "GET /assets/js/script/monitoring_user.js?_=1511495548383 HTTP/1.1" 200 28 "http://localhost:8080/admin/" "Mozilla/5.0 (Windows NT 10.0; Win64; x64) AppleWebKit/537.36 (KHTML, like Gecko) Chrome/62.0.3202.94 Safari/537.36"
0:0:0:0:0:0:0:1 - - [24/Nov/2017:09:28:02 +0000] "GET /admin/ HTTP/1.1" 304 0 "-" "Mozilla/5.0 (Windows NT 10.0; Win64; x64) AppleWebKit/537.36 (KHTML, like Gecko) Chrome/62.0.3202.94 Safari/537.36"
0:0:0:0:0:0:0:1 - - [24/Nov/2017:09:28:02 +0000] "GET /assets/js/script/admin.js HTTP/1.1" 304 0 "http://localhost:8888/admin/" "Mozilla/5.0 (Windows NT 10.0; Win64; x64) AppleWebKit/537.36 (KHTML, like Gecko) Chrome/62.0.3202.94 Safari/537.36"
0:0:0:0:0:0:0:1 - - [24/Nov/2017:09:28:02 +0000] "GET /assets/css/stylesheets.css HTTP/1.1" 304 0 "http://localhost:8888/admin/" "Mozilla/5.0 (Windows NT 10.0; Win64; x64) AppleWebKit/537.36 (KHTML, like Gecko) Chrome/62.0.3202.94 Safari/537.36"
0:0:0:0:0:0:0:1 - - [24/Nov/2017:09:28:02 +0000] "GET /assets/js/plugins/flot/jquery.flot.resize.js HTTP/1.1" 304 0 "http://localhost:8888/admin/" "Mozilla/5.0 (Windows NT 10.0; Win64; x64) AppleWebKit/537.36 (KHTML, like Gecko) Chrome/62.0.3202.94 Safari/537.36"
0:0:0:0:0:0:0:1 - - [24/Nov/2017:09:28:02 +0000] "GET /assets/js/plugins/knob/jquery.knob.js HTTP/1.1" 304 0 "http://localhost:8888/admin/" "Mozilla/5.0 (Windows NT 10.0; Win64; x64) AppleWebKit/537.36 (KHTML, like Gecko) Chrome/62.0.3202.94 Safari/537.36"
0:0:0:0:0:0:0:1 - - [24/Nov/2017:09:28:02 +0000] "GET /assets/js/plugins/jquery/jquery-ui.min.js HTTP/1.1" 304 0 "http://localhost:8888/admin/" "Mozilla/5.0 (Windows NT 10.0; Win64; x64) AppleWebKit/537.36 (KHTML, like Gecko) Chrome/62.0.3202.94 Safari/537.36"
0:0:0:0:0:0:0:1 - - [24/Nov/2017:09:28:02 +0000] "GET /assets/js/plugins/jquery/globalize.js HTTP/1.1" 304 0 "http://localhost:8888/admin/" "Mozilla/5.0 (Windows NT 10.0; Win64; x64) AppleWebKit/537.36 (KHTML, like Gecko) Chrome/62.0.3202.94 Safari/537.36"
0:0:0:0:0:0:0:1 - - [24/Nov/2017:09:28:02 +0000] "GET /assets/js/plugins/jquery/jquery.min.js HTTP/1.1" 304 0 "http://localhost:8888/admin/" "Mozilla/5.0 (Windows NT 10.0; Win64; x64) AppleWebKit/537.36 (KHTML, like Gecko) Chrome/62.0.3202.94 Safari/537.36"
0:0:0:0:0:0:0:1 - - [24/Nov/2017:09:28:03 +0000] "GET /assets/js/plugins/sparkline/jquery.sparkline.min.js HTTP/1.1" 304 0 "http://localhost:8888/admin/" "Mozilla/5.0 (Windows NT 10.0; Win64; x64) AppleWebKit/537.36 (KHTML, like Gecko) Chrome/62.0.3202.94 Safari/537.36"
0:0:0:0:0:0:0:1 - - [24/Nov/2017:09:28:03 +0000] "GET /assets/css/bootstrap/bootstrap.min.css HTTP/1.1" 304 0 "http://localhost:8888/admin/" "Mozilla/5.0 (Windows NT 10.0; Win64; x64) AppleWebKit/537.36 (KHTML, like Gecko) Chrome/62.0.3202.94 Safari/537.36"
0:0:0:0:0:0:0:1 - - [24/Nov/2017:09:28:03 +0000] "GET /assets/css/jquery/jquery-ui.min.css HTTP/1.1" 304 0 "http://localhost:8888/admin/" "Mozilla/5.0 (Windows NT 10.0; Win64; x64) AppleWebKit/537.36 (KHTML, like Gecko) Chrome/62.0.3202.94 Safari/537.36"
0:0:0:0:0:0:0:1 - - [24/Nov/2017:09:28:03 +0000] "GET /assets/css/icons/font-awesome.min.css HTTP/1.1" 304 0 "http://localhost:8888/admin/" "Mozilla/5.0 (Windows NT 10.0; Win64; x64) AppleWebKit/537.36 (KHTML, like Gecko) Chrome/62.0.3202.94 Safari/537.36"
0:0:0:0:0:0:0:1 - - [24/Nov/2017:09:28:03 +0000] "GET /assets/css/cleditor/jquery.cleditor.css HTTP/1.1" 304 0 "http://localhost:8888/admin/" "Mozilla/5.0 (Windows NT 10.0; Win64; x64) AppleWebKit/537.36 (KHTML, like Gecko) Chrome/62.0.3202.94 Safari/537.36"
0:0:0:0:0:0:0:1 - - [24/Nov/2017:09:28:03 +0000] "GET /assets/css/shbrush/shCoreDefault.css HTTP/1.1" 304 0 "http://localhost:8888/admin/" "Mozilla/5.0 (Windows NT 10.0; Win64; x64) AppleWebKit/537.36 (KHTML, like Gecko) Chrome/62.0.3202.94 Safari/537.36"
0:0:0:0:0:0:0:1 - - [24/Nov/2017:09:28:03 +0000] "GET /assets/css/mcustomscrollbar/jquery.mCustomScrollbar.css HTTP/1.1" 304 0 "http://localhost:8888/admin/" "Mozilla/5.0 (Windows NT 10.0; Win64; x64) AppleWebKit/537.36 (KHTML, like Gecko) Chrome/62.0.3202.94 Safari/537.36"
0:0:0:0:0:0:0:1 - - [24/Nov/2017:09:28:03 +0000] "GET /assets/css/shbrush/shThemeDefault.css HTTP/1.1" 304 0 "http://localhost:8888/admin/" "Mozilla/5.0 (Windows NT 10.0; Win64; x64) AppleWebKit/537.36 (KHTML, like Gecko) Chrome/62.0.3202.94 Safari/537.36"
0:0:0:0:0:0:0:1 - - [24/Nov/2017:09:28:03 +0000] "GET /assets/css/validationengine/validationEngine.css HTTP/1.1" 304 0 "http://localhost:8888/admin/" "Mozilla/5.0 (Windows NT 10.0; Win64; x64) AppleWebKit/537.36 (KHTML, like Gecko) Chrome/62.0.3202.94 Safari/537.36"
0:0:0:0:0:0:0:1 - - [24/Nov/2017:09:28:03 +0000] "GET /assets/css/select2/select2.css HTTP/1.1" 304 0 "http://localhost:8888/admin/" "Mozilla/5.0 (Windows NT 10.0; Win64; x64) AppleWebKit/537.36 (KHTML, like Gecko) Chrome/62.0.3202.94 Safari/537.36"
0:0:0:0:0:0:0:1 - - [24/Nov/2017:09:28:04 +0000] "GET /assets/css/fullcalendar/fullcalendar.css HTTP/1.1" 304 0 "http://localhost:8888/admin/" "Mozilla/5.0 (Windows NT 10.0; Win64; x64) AppleWebKit/537.36 (KHTML, like Gecko) Chrome/62.0.3202.94 Safari/537.36"
0:0:0:0:0:0:0:1 - - [24/Nov/2017:09:28:04 +0000] "GET /assets/css/mystyles.css HTTP/1.1" 304 0 "http://localhost:8888/admin/" "Mozilla/5.0 (Windows NT 10.0; Win64; x64) AppleWebKit/537.36 (KHTML, like Gecko) Chrome/62.0.3202.94 Safari/537.36"
0:0:0:0:0:0:0:1 - - [24/Nov/2017:09:28:04 +0000] "GET /assets/css/fancybox/jquery.fancybox.css HTTP/1.1" 304 0 "http://localhost:8888/admin/" "Mozilla/5.0 (Windows NT 10.0; Win64; x64) AppleWebKit/537.36 (KHTML, like Gecko) Chrome/62.0.3202.94 Safari/537.36"
0:0:0:0:0:0:0:1 - - [24/Nov/2017:09:28:04 +0000] "GET /assets/css/backgrounds.css HTTP/1.1" 304 0 "http://localhost:8888/admin/" "Mozilla/5.0 (Windows NT 10.0; Win64; x64) AppleWebKit/537.36 (KHTML, like Gecko) Chrome/62.0.3202.94 Safari/537.36"
0:0:0:0:0:0:0:1 - - [24/Nov/2017:09:28:04 +0000] "GET /assets/css/codemirror/codemirror.css HTTP/1.1" 304 0 "http://localhost:8888/admin/" "Mozilla/5.0 (Windows NT 10.0; Win64; x64) AppleWebKit/537.36 (KHTML, like Gecko) Chrome/62.0.3202.94 Safari/537.36"
0:0:0:0:0:0:0:1 - - [24/Nov/2017:09:28:04 +0000] "GET /assets/css/filetree/jqueryFileTree.css HTTP/1.1" 304 0 "http://localhost:8888/admin/" "Mozilla/5.0 (Windows NT 10.0; Win64; x64) AppleWebKit/537.36 (KHTML, like Gecko) Chrome/62.0.3202.94 Safari/537.36"
0:0:0:0:0:0:0:1 - - [24/Nov/2017:09:28:04 +0000] "GET /assets/css/themes.css HTTP/1.1" 304 0 "http://localhost:8888/admin/" "Mozilla/5.0 (Windows NT 10.0; Win64; x64) AppleWebKit/537.36 (KHTML, like Gecko) Chrome/62.0.3202.94 Safari/537.36"
0:0:0:0:0:0:0:1 - - [24/Nov/2017:09:28:04 +0000] "GET /assets/css/elfinder/elfinder.min.css HTTP/1.1" 304 0 "http://localhost:8888/admin/" "Mozilla/5.0 (Windows NT 10.0; Win64; x64) AppleWebKit/537.36 (KHTML, like Gecko) Chrome/62.0.3202.94 Safari/537.36"
0:0:0:0:0:0:0:1 - - [24/Nov/2017:09:28:04 +0000] "GET /assets/css/stylesheet.css HTTP/1.1" 304 0 "http://localhost:8888/admin/" "Mozilla/5.0 (Windows NT 10.0; Win64; x64) AppleWebKit/537.36 (KHTML, like Gecko) Chrome/62.0.3202.94 Safari/537.36"
0:0:0:0:0:0:0:1 - - [24/Nov/2017:09:28:04 +0000] "GET /assets/js/plugins/jquery/jquery-migrate.min.js HTTP/1.1" 304 0 "http://localhost:8888/admin/" "Mozilla/5.0 (Windows NT 10.0; Win64; x64) AppleWebKit/537.36 (KHTML, like Gecko) Chrome/62.0.3202.94 Safari/537.36"
0:0:0:0:0:0:0:1 - - [24/Nov/2017:09:28:04 +0000] "GET /assets/js/plugins/mcustomscrollbar/jquery.mCustomScrollbar.min.js HTTP/1.1" 304 0 "http://localhost:8888/admin/" "Mozilla/5.0 (Windows NT 10.0; Win64; x64) AppleWebKit/537.36 (KHTML, like Gecko) Chrome/62.0.3202.94 Safari/537.36"
0:0:0:0:0:0:0:1 - - [24/Nov/2017:09:28:04 +0000] "GET /assets/js/plugins/bootstrap/bootstrap.min.js HTTP/1.1" 304 0 "http://localhost:8888/admin/" "Mozilla/5.0 (Windows NT 10.0; Win64; x64) AppleWebKit/537.36 (KHTML, like Gecko) Chrome/62.0.3202.94 Safari/537.36"
0:0:0:0:0:0:0:1 - - [24/Nov/2017:09:28:04 +0000] "GET /assets/js/plugins/datatables/jquery.dataTables.min.js HTTP/1.1" 304 0 "http://localhost:8888/admin/" "Mozilla/5.0 (Windows NT 10.0; Win64; x64) AppleWebKit/537.36 (KHTML, like Gecko) Chrome/62.0.3202.94 Safari/537.36"
0:0:0:0:0:0:0:1 - - [24/Nov/2017:09:28:04 +0000] "GET /assets/js/plugins/flot/jquery.flot.js HTTP/1.1" 304 0 "http://localhost:8888/admin/" "Mozilla/5.0 (Windows NT 10.0; Win64; x64) AppleWebKit/537.36 (KHTML, like Gecko) Chrome/62.0.3202.94 Safari/537.36"
0:0:0:0:0:0:0:1 - - [24/Nov/2017:09:28:04 +0000] "GET /assets/js/plugins/uniform/jquery.uniform.min.js HTTP/1.1" 304 0 "http://localhost:8888/admin/" "Mozilla/5.0 (Windows NT 10.0; Win64; x64) AppleWebKit/537.36 (KHTML, like Gecko) Chrome/62.0.3202.94 Safari/537.36"
0:0:0:0:0:0:0:1 - - [24/Nov/2017:09:28:05 +0000] "GET /common/footer.html HTTP/1.1" 304 0 "http://localhost:8888/admin/" "Mozilla/5.0 (Windows NT 10.0; Win64; x64) AppleWebKit/537.36 (KHTML, like Gecko) Chrome/62.0.3202.94 Safari/537.36"
0:0:0:0:0:0:0:1 - - [24/Nov/2017:09:28:05 +0000] "GET /assets/img/background/bg_num1.jpg HTTP/1.1" 304 0 "http://localhost:8888/assets/css/stylesheet.css" "Mozilla/5.0 (Windows NT 10.0; Win64; x64) AppleWebKit/537.36 (KHTML, like Gecko) Chrome/62.0.3202.94 Safari/537.36"
0:0:0:0:0:0:0:1 - - [24/Nov/2017:09:28:05 +0000] "GET /content/admin/index.html HTTP/1.1" 304 0 "http://localhost:8888/admin/" "Mozilla/5.0 (Windows NT 10.0; Win64; x64) AppleWebKit/537.36 (KHTML, like Gecko) Chrome/62.0.3202.94 Safari/537.36"
0:0:0:0:0:0:0:1 - - [24/Nov/2017:09:28:05 +0000] "GET /common/header.html HTTP/1.1" 200 1460 "http://localhost:8888/admin/" "Mozilla/5.0 (Windows NT 10.0; Win64; x64) AppleWebKit/537.36 (KHTML, like Gecko) Chrome/62.0.3202.94 Safari/537.36"
0:0:0:0:0:0:0:1 - - [24/Nov/2017:09:28:05 +0000] "GET /content/admin/produk.html HTTP/1.1" 304 0 "http://localhost:8888/admin/" "Mozilla/5.0 (Windows NT 10.0; Win64; x64) AppleWebKit/537.36 (KHTML, like Gecko) Chrome/62.0.3202.94 Safari/537.36"
0:0:0:0:0:0:0:1 - - [24/Nov/2017:09:28:05 +0000] "GET /assets/js/script/header.js?_=1511515685038 HTTP/1.1" 200 404 "http://localhost:8888/admin/" "Mozilla/5.0 (Windows NT 10.0; Win64; x64) AppleWebKit/537.36 (KHTML, like Gecko) Chrome/62.0.3202.94 Safari/537.36"
0:0:0:0:0:0:0:1 - - [24/Nov/2017:09:28:05 +0000] "GET /assets/js/script/produk.js?_=1511515685039 HTTP/1.1" 200 800 "http://localhost:8888/admin/" "Mozilla/5.0 (Windows NT 10.0; Win64; x64) AppleWebKit/537.36 (KHTML, like Gecko) Chrome/62.0.3202.94 Safari/537.36"
0:0:0:0:0:0:0:1 - - [24/Nov/2017:09:28:05 +0000] "GET /assets/img/background/bt_cubs.png HTTP/1.1" 304 0 "http://localhost:8888/assets/css/stylesheet.css" "Mozilla/5.0 (Windows NT 10.0; Win64; x64) AppleWebKit/537.36 (KHTML, like Gecko) Chrome/62.0.3202.94 Safari/537.36"
0:0:0:0:0:0:0:1 - - [24/Nov/2017:09:28:05 +0000] "GET /assets/css/fonts/fontawesome-webfont.woff?v=3.2.1 HTTP/1.1" 304 0 "http://localhost:8888/assets/css/icons/font-awesome.min.css" "Mozilla/5.0 (Windows NT 10.0; Win64; x64) AppleWebKit/537.36 (KHTML, like Gecko) Chrome/62.0.3202.94 Safari/537.36"
0:0:0:0:0:0:0:1 - - [24/Nov/2017:09:28:06 +0000] "GET /favicon.ico HTTP/1.1" 404 326 "http://localhost:8888/admin/" "Mozilla/5.0 (Windows NT 10.0; Win64; x64) AppleWebKit/537.36 (KHTML, like Gecko) Chrome/62.0.3202.94 Safari/537.36"
0:0:0:0:0:0:0:1 - - [24/Nov/2017:09:28:06 +0000] "GET /favicon.ico HTTP/1.1" 404 326 "http://localhost:8888/admin/" "Mozilla/5.0 (Windows NT 10.0; Win64; x64) AppleWebKit/537.36 (KHTML, like Gecko) Chrome/62.0.3202.94 Safari/537.36"
0:0:0:0:0:0:0:1 - - [24/Nov/2017:09:28:07 +0000] "GET /assets/img/background/bt_cubs_a.png HTTP/1.1" 304 0 "http://localhost:8888/assets/css/stylesheet.css" "Mozilla/5.0 (Windows NT 10.0; Win64; x64) AppleWebKit/537.36 (KHTML, like Gecko) Chrome/62.0.3202.94 Safari/537.36"
0:0:0:0:0:0:0:1 - - [24/Nov/2017:09:28:09 +0000] "GET /content/admin/user.html HTTP/1.1" 200 6515 "http://localhost:8888/admin/" "Mozilla/5.0 (Windows NT 10.0; Win64; x64) AppleWebKit/537.36 (KHTML, like Gecko) Chrome/62.0.3202.94 Safari/537.36"
0:0:0:0:0:0:0:1 - - [24/Nov/2017:09:28:09 +0000] "GET /assets/js/script/user.js?_=1511515685040 HTTP/1.1" 200 712 "http://localhost:8888/admin/" "Mozilla/5.0 (Windows NT 10.0; Win64; x64) AppleWebKit/537.36 (KHTML, like Gecko) Chrome/62.0.3202.94 Safari/537.36"
