0:0:0:0:0:0:0:1 - - [14/Nov/2017:01:24:48 +0000] "GET /admin/ HTTP/1.1" 304 0 "-" "Mozilla/5.0 (Windows NT 10.0; Win64; x64) AppleWebKit/537.36 (KHTML, like Gecko) Chrome/62.0.3202.94 Safari/537.36"
0:0:0:0:0:0:0:1 - - [14/Nov/2017:01:24:49 +0000] "GET /assets/js/plugins/jquery/globalize.js HTTP/1.1" 304 0 "http://localhost:8081/admin/" "Mozilla/5.0 (Windows NT 10.0; Win64; x64) AppleWebKit/537.36 (KHTML, like Gecko) Chrome/62.0.3202.94 Safari/537.36"
0:0:0:0:0:0:0:1 - - [14/Nov/2017:01:24:49 +0000] "GET /assets/js/plugins/jquery/jquery.min.js HTTP/1.1" 304 0 "http://localhost:8081/admin/" "Mozilla/5.0 (Windows NT 10.0; Win64; x64) AppleWebKit/537.36 (KHTML, like Gecko) Chrome/62.0.3202.94 Safari/537.36"
0:0:0:0:0:0:0:1 - - [14/Nov/2017:01:24:49 +0000] "GET /assets/js/plugins/jquery/jquery-migrate.min.js HTTP/1.1" 304 0 "http://localhost:8081/admin/" "Mozilla/5.0 (Windows NT 10.0; Win64; x64) AppleWebKit/537.36 (KHTML, like Gecko) Chrome/62.0.3202.94 Safari/537.36"
0:0:0:0:0:0:0:1 - - [14/Nov/2017:01:24:49 +0000] "GET /assets/js/plugins/bootstrap/bootstrap.min.js HTTP/1.1" 304 0 "http://localhost:8081/admin/" "Mozilla/5.0 (Windows NT 10.0; Win64; x64) AppleWebKit/537.36 (KHTML, like Gecko) Chrome/62.0.3202.94 Safari/537.36"
0:0:0:0:0:0:0:1 - - [14/Nov/2017:01:24:49 +0000] "GET /assets/css/stylesheets.css HTTP/1.1" 304 0 "http://localhost:8081/admin/" "Mozilla/5.0 (Windows NT 10.0; Win64; x64) AppleWebKit/537.36 (KHTML, like Gecko) Chrome/62.0.3202.94 Safari/537.36"
0:0:0:0:0:0:0:1 - - [14/Nov/2017:01:24:49 +0000] "GET /assets/js/plugins/datatables/jquery.dataTables.min.js HTTP/1.1" 304 0 "http://localhost:8081/admin/" "Mozilla/5.0 (Windows NT 10.0; Win64; x64) AppleWebKit/537.36 (KHTML, like Gecko) Chrome/62.0.3202.94 Safari/537.36"
0:0:0:0:0:0:0:1 - - [14/Nov/2017:01:24:49 +0000] "GET /assets/js/script/admin.js HTTP/1.1" 304 0 "http://localhost:8081/admin/" "Mozilla/5.0 (Windows NT 10.0; Win64; x64) AppleWebKit/537.36 (KHTML, like Gecko) Chrome/62.0.3202.94 Safari/537.36"
0:0:0:0:0:0:0:1 - - [14/Nov/2017:01:24:49 +0000] "GET /assets/js/plugins/jquery/jquery-ui.min.js HTTP/1.1" 304 0 "http://localhost:8081/admin/" "Mozilla/5.0 (Windows NT 10.0; Win64; x64) AppleWebKit/537.36 (KHTML, like Gecko) Chrome/62.0.3202.94 Safari/537.36"
0:0:0:0:0:0:0:1 - - [14/Nov/2017:01:24:49 +0000] "GET /assets/js/plugins/mcustomscrollbar/jquery.mCustomScrollbar.min.js HTTP/1.1" 304 0 "http://localhost:8081/admin/" "Mozilla/5.0 (Windows NT 10.0; Win64; x64) AppleWebKit/537.36 (KHTML, like Gecko) Chrome/62.0.3202.94 Safari/537.36"
0:0:0:0:0:0:0:1 - - [14/Nov/2017:01:24:49 +0000] "GET /assets/js/plugins/sparkline/jquery.sparkline.min.js HTTP/1.1" 304 0 "http://localhost:8081/admin/" "Mozilla/5.0 (Windows NT 10.0; Win64; x64) AppleWebKit/537.36 (KHTML, like Gecko) Chrome/62.0.3202.94 Safari/537.36"
0:0:0:0:0:0:0:1 - - [14/Nov/2017:01:24:49 +0000] "GET /assets/js/plugins/knob/jquery.knob.js HTTP/1.1" 304 0 "http://localhost:8081/admin/" "Mozilla/5.0 (Windows NT 10.0; Win64; x64) AppleWebKit/537.36 (KHTML, like Gecko) Chrome/62.0.3202.94 Safari/537.36"
0:0:0:0:0:0:0:1 - - [14/Nov/2017:01:24:49 +0000] "GET /assets/js/plugins/uniform/jquery.uniform.min.js HTTP/1.1" 304 0 "http://localhost:8081/admin/" "Mozilla/5.0 (Windows NT 10.0; Win64; x64) AppleWebKit/537.36 (KHTML, like Gecko) Chrome/62.0.3202.94 Safari/537.36"
0:0:0:0:0:0:0:1 - - [14/Nov/2017:01:24:49 +0000] "GET /assets/js/plugins/flot/jquery.flot.resize.js HTTP/1.1" 304 0 "http://localhost:8081/admin/" "Mozilla/5.0 (Windows NT 10.0; Win64; x64) AppleWebKit/537.36 (KHTML, like Gecko) Chrome/62.0.3202.94 Safari/537.36"
0:0:0:0:0:0:0:1 - - [14/Nov/2017:01:24:49 +0000] "GET /assets/js/plugins/flot/jquery.flot.js HTTP/1.1" 304 0 "http://localhost:8081/admin/" "Mozilla/5.0 (Windows NT 10.0; Win64; x64) AppleWebKit/537.36 (KHTML, like Gecko) Chrome/62.0.3202.94 Safari/537.36"
0:0:0:0:0:0:0:1 - - [14/Nov/2017:01:24:50 +0000] "GET /assets/css/jquery/jquery-ui.min.css HTTP/1.1" 304 0 "http://localhost:8081/admin/" "Mozilla/5.0 (Windows NT 10.0; Win64; x64) AppleWebKit/537.36 (KHTML, like Gecko) Chrome/62.0.3202.94 Safari/537.36"
0:0:0:0:0:0:0:1 - - [14/Nov/2017:01:24:50 +0000] "GET /assets/css/icons/font-awesome.min.css HTTP/1.1" 304 0 "http://localhost:8081/admin/" "Mozilla/5.0 (Windows NT 10.0; Win64; x64) AppleWebKit/537.36 (KHTML, like Gecko) Chrome/62.0.3202.94 Safari/537.36"
0:0:0:0:0:0:0:1 - - [14/Nov/2017:01:24:50 +0000] "GET /assets/css/shbrush/shThemeDefault.css HTTP/1.1" 304 0 "http://localhost:8081/admin/" "Mozilla/5.0 (Windows NT 10.0; Win64; x64) AppleWebKit/537.36 (KHTML, like Gecko) Chrome/62.0.3202.94 Safari/537.36"
0:0:0:0:0:0:0:1 - - [14/Nov/2017:01:24:50 +0000] "GET /assets/css/select2/select2.css HTTP/1.1" 304 0 "http://localhost:8081/admin/" "Mozilla/5.0 (Windows NT 10.0; Win64; x64) AppleWebKit/537.36 (KHTML, like Gecko) Chrome/62.0.3202.94 Safari/537.36"
0:0:0:0:0:0:0:1 - - [14/Nov/2017:01:24:50 +0000] "GET /assets/css/mcustomscrollbar/jquery.mCustomScrollbar.css HTTP/1.1" 304 0 "http://localhost:8081/admin/" "Mozilla/5.0 (Windows NT 10.0; Win64; x64) AppleWebKit/537.36 (KHTML, like Gecko) Chrome/62.0.3202.94 Safari/537.36"
0:0:0:0:0:0:0:1 - - [14/Nov/2017:01:24:50 +0000] "GET /assets/css/shbrush/shCoreDefault.css HTTP/1.1" 304 0 "http://localhost:8081/admin/" "Mozilla/5.0 (Windows NT 10.0; Win64; x64) AppleWebKit/537.36 (KHTML, like Gecko) Chrome/62.0.3202.94 Safari/537.36"
0:0:0:0:0:0:0:1 - - [14/Nov/2017:01:24:50 +0000] "GET /assets/css/cleditor/jquery.cleditor.css HTTP/1.1" 304 0 "http://localhost:8081/admin/" "Mozilla/5.0 (Windows NT 10.0; Win64; x64) AppleWebKit/537.36 (KHTML, like Gecko) Chrome/62.0.3202.94 Safari/537.36"
0:0:0:0:0:0:0:1 - - [14/Nov/2017:01:24:50 +0000] "GET /assets/css/codemirror/codemirror.css HTTP/1.1" 304 0 "http://localhost:8081/admin/" "Mozilla/5.0 (Windows NT 10.0; Win64; x64) AppleWebKit/537.36 (KHTML, like Gecko) Chrome/62.0.3202.94 Safari/537.36"
0:0:0:0:0:0:0:1 - - [14/Nov/2017:01:24:50 +0000] "GET /assets/css/validationengine/validationEngine.css HTTP/1.1" 304 0 "http://localhost:8081/admin/" "Mozilla/5.0 (Windows NT 10.0; Win64; x64) AppleWebKit/537.36 (KHTML, like Gecko) Chrome/62.0.3202.94 Safari/537.36"
0:0:0:0:0:0:0:1 - - [14/Nov/2017:01:24:50 +0000] "GET /assets/css/bootstrap/bootstrap.min.css HTTP/1.1" 304 0 "http://localhost:8081/admin/" "Mozilla/5.0 (Windows NT 10.0; Win64; x64) AppleWebKit/537.36 (KHTML, like Gecko) Chrome/62.0.3202.94 Safari/537.36"
0:0:0:0:0:0:0:1 - - [14/Nov/2017:01:24:50 +0000] "GET /assets/css/fullcalendar/fullcalendar.css HTTP/1.1" 304 0 "http://localhost:8081/admin/" "Mozilla/5.0 (Windows NT 10.0; Win64; x64) AppleWebKit/537.36 (KHTML, like Gecko) Chrome/62.0.3202.94 Safari/537.36"
0:0:0:0:0:0:0:1 - - [14/Nov/2017:01:24:50 +0000] "GET /assets/css/fancybox/jquery.fancybox.css HTTP/1.1" 304 0 "http://localhost:8081/admin/" "Mozilla/5.0 (Windows NT 10.0; Win64; x64) AppleWebKit/537.36 (KHTML, like Gecko) Chrome/62.0.3202.94 Safari/537.36"
0:0:0:0:0:0:0:1 - - [14/Nov/2017:01:24:51 +0000] "GET /assets/css/filetree/jqueryFileTree.css HTTP/1.1" 304 0 "http://localhost:8081/admin/" "Mozilla/5.0 (Windows NT 10.0; Win64; x64) AppleWebKit/537.36 (KHTML, like Gecko) Chrome/62.0.3202.94 Safari/537.36"
0:0:0:0:0:0:0:1 - - [14/Nov/2017:01:24:50 +0000] "GET /assets/css/elfinder/elfinder.min.css HTTP/1.1" 304 0 "http://localhost:8081/admin/" "Mozilla/5.0 (Windows NT 10.0; Win64; x64) AppleWebKit/537.36 (KHTML, like Gecko) Chrome/62.0.3202.94 Safari/537.36"
0:0:0:0:0:0:0:1 - - [14/Nov/2017:01:24:51 +0000] "GET /assets/css/backgrounds.css HTTP/1.1" 304 0 "http://localhost:8081/admin/" "Mozilla/5.0 (Windows NT 10.0; Win64; x64) AppleWebKit/537.36 (KHTML, like Gecko) Chrome/62.0.3202.94 Safari/537.36"
0:0:0:0:0:0:0:1 - - [14/Nov/2017:01:24:51 +0000] "GET /assets/css/themes.css HTTP/1.1" 304 0 "http://localhost:8081/admin/" "Mozilla/5.0 (Windows NT 10.0; Win64; x64) AppleWebKit/537.36 (KHTML, like Gecko) Chrome/62.0.3202.94 Safari/537.36"
0:0:0:0:0:0:0:1 - - [14/Nov/2017:01:24:51 +0000] "GET /assets/css/stylesheet.css HTTP/1.1" 304 0 "http://localhost:8081/admin/" "Mozilla/5.0 (Windows NT 10.0; Win64; x64) AppleWebKit/537.36 (KHTML, like Gecko) Chrome/62.0.3202.94 Safari/537.36"
0:0:0:0:0:0:0:1 - - [14/Nov/2017:01:24:51 +0000] "GET /assets/css/mystyles.css HTTP/1.1" 304 0 "http://localhost:8081/admin/" "Mozilla/5.0 (Windows NT 10.0; Win64; x64) AppleWebKit/537.36 (KHTML, like Gecko) Chrome/62.0.3202.94 Safari/537.36"
0:0:0:0:0:0:0:1 - - [14/Nov/2017:01:24:51 +0000] "GET /assets/img/background/bg_num1.jpg HTTP/1.1" 304 0 "http://localhost:8081/assets/css/stylesheet.css" "Mozilla/5.0 (Windows NT 10.0; Win64; x64) AppleWebKit/537.36 (KHTML, like Gecko) Chrome/62.0.3202.94 Safari/537.36"
0:0:0:0:0:0:0:1 - - [14/Nov/2017:01:24:51 +0000] "GET /common/header.html HTTP/1.1" 304 0 "http://localhost:8081/admin/" "Mozilla/5.0 (Windows NT 10.0; Win64; x64) AppleWebKit/537.36 (KHTML, like Gecko) Chrome/62.0.3202.94 Safari/537.36"
0:0:0:0:0:0:0:1 - - [14/Nov/2017:01:24:51 +0000] "GET /common/footer.html HTTP/1.1" 304 0 "http://localhost:8081/admin/" "Mozilla/5.0 (Windows NT 10.0; Win64; x64) AppleWebKit/537.36 (KHTML, like Gecko) Chrome/62.0.3202.94 Safari/537.36"
0:0:0:0:0:0:0:1 - - [14/Nov/2017:01:24:51 +0000] "GET /content/admin/produk.html HTTP/1.1" 304 0 "http://localhost:8081/admin/" "Mozilla/5.0 (Windows NT 10.0; Win64; x64) AppleWebKit/537.36 (KHTML, like Gecko) Chrome/62.0.3202.94 Safari/537.36"
0:0:0:0:0:0:0:1 - - [14/Nov/2017:01:24:51 +0000] "GET /content/admin/index.html HTTP/1.1" 304 0 "http://localhost:8081/admin/" "Mozilla/5.0 (Windows NT 10.0; Win64; x64) AppleWebKit/537.36 (KHTML, like Gecko) Chrome/62.0.3202.94 Safari/537.36"
0:0:0:0:0:0:0:1 - - [14/Nov/2017:01:24:51 +0000] "GET /assets/js/script/header.js?_=1510622691526 HTTP/1.1" 200 309 "http://localhost:8081/admin/" "Mozilla/5.0 (Windows NT 10.0; Win64; x64) AppleWebKit/537.36 (KHTML, like Gecko) Chrome/62.0.3202.94 Safari/537.36"
0:0:0:0:0:0:0:1 - - [14/Nov/2017:01:24:52 +0000] "GET /assets/js/script/produk.js?_=1510622691527 HTTP/1.1" 200 801 "http://localhost:8081/admin/" "Mozilla/5.0 (Windows NT 10.0; Win64; x64) AppleWebKit/537.36 (KHTML, like Gecko) Chrome/62.0.3202.94 Safari/537.36"
0:0:0:0:0:0:0:1 - - [14/Nov/2017:01:24:52 +0000] "GET /assets/img/background/bt_cubs.png HTTP/1.1" 304 0 "http://localhost:8081/assets/css/stylesheet.css" "Mozilla/5.0 (Windows NT 10.0; Win64; x64) AppleWebKit/537.36 (KHTML, like Gecko) Chrome/62.0.3202.94 Safari/537.36"
0:0:0:0:0:0:0:1 - - [14/Nov/2017:01:24:52 +0000] "GET /assets/css/fonts/fontawesome-webfont.woff?v=3.2.1 HTTP/1.1" 304 0 "http://localhost:8081/assets/css/icons/font-awesome.min.css" "Mozilla/5.0 (Windows NT 10.0; Win64; x64) AppleWebKit/537.36 (KHTML, like Gecko) Chrome/62.0.3202.94 Safari/537.36"
0:0:0:0:0:0:0:1 - - [14/Nov/2017:01:24:54 +0000] "GET /favicon.ico HTTP/1.1" 404 326 "http://localhost:8081/admin/" "Mozilla/5.0 (Windows NT 10.0; Win64; x64) AppleWebKit/537.36 (KHTML, like Gecko) Chrome/62.0.3202.94 Safari/537.36"
0:0:0:0:0:0:0:1 - - [14/Nov/2017:01:24:58 +0000] "GET /assets/img/background/bt_cubs_a.png HTTP/1.1" 304 0 "http://localhost:8081/assets/css/stylesheet.css" "Mozilla/5.0 (Windows NT 10.0; Win64; x64) AppleWebKit/537.36 (KHTML, like Gecko) Chrome/62.0.3202.94 Safari/537.36"
0:0:0:0:0:0:0:1 - - [14/Nov/2017:01:24:59 +0000] "GET /assets/js/script/produk.js?_=1510622691528 HTTP/1.1" 200 801 "http://localhost:8081/admin/" "Mozilla/5.0 (Windows NT 10.0; Win64; x64) AppleWebKit/537.36 (KHTML, like Gecko) Chrome/62.0.3202.94 Safari/537.36"
0:0:0:0:0:0:0:1 - - [14/Nov/2017:01:25:45 +0000] "GET /admin/ HTTP/1.1" 304 0 "-" "Mozilla/5.0 (Windows NT 10.0; Win64; x64) AppleWebKit/537.36 (KHTML, like Gecko) Chrome/62.0.3202.94 Safari/537.36"
0:0:0:0:0:0:0:1 - - [14/Nov/2017:01:25:45 +0000] "GET /assets/js/script/header.js?_=1510622745456 HTTP/1.1" 200 309 "http://localhost:8081/admin/" "Mozilla/5.0 (Windows NT 10.0; Win64; x64) AppleWebKit/537.36 (KHTML, like Gecko) Chrome/62.0.3202.94 Safari/537.36"
0:0:0:0:0:0:0:1 - - [14/Nov/2017:01:25:45 +0000] "GET /assets/js/script/produk.js?_=1510622745457 HTTP/1.1" 200 801 "http://localhost:8081/admin/" "Mozilla/5.0 (Windows NT 10.0; Win64; x64) AppleWebKit/537.36 (KHTML, like Gecko) Chrome/62.0.3202.94 Safari/537.36"
0:0:0:0:0:0:0:1 - - [14/Nov/2017:01:26:17 +0000] "GET /admin/ HTTP/1.1" 304 0 "-" "Mozilla/5.0 (Windows NT 10.0; Win64; x64) AppleWebKit/537.36 (KHTML, like Gecko) Chrome/62.0.3202.94 Safari/537.36"
0:0:0:0:0:0:0:1 - - [14/Nov/2017:01:26:18 +0000] "GET /assets/js/script/header.js?_=1510622778142 HTTP/1.1" 200 309 "http://localhost:8081/admin/" "Mozilla/5.0 (Windows NT 10.0; Win64; x64) AppleWebKit/537.36 (KHTML, like Gecko) Chrome/62.0.3202.94 Safari/537.36"
0:0:0:0:0:0:0:1 - - [14/Nov/2017:01:26:18 +0000] "GET /assets/js/script/produk.js?_=1510622778143 HTTP/1.1" 200 413 "http://localhost:8081/admin/" "Mozilla/5.0 (Windows NT 10.0; Win64; x64) AppleWebKit/537.36 (KHTML, like Gecko) Chrome/62.0.3202.94 Safari/537.36"
0:0:0:0:0:0:0:1 - - [14/Nov/2017:01:27:28 +0000] "GET /admin/ HTTP/1.1" 304 0 "-" "Mozilla/5.0 (Windows NT 10.0; Win64; x64) AppleWebKit/537.36 (KHTML, like Gecko) Chrome/62.0.3202.94 Safari/537.36"
0:0:0:0:0:0:0:1 - - [14/Nov/2017:01:27:29 +0000] "GET /assets/js/script/header.js?_=1510622848687 HTTP/1.1" 200 309 "http://localhost:8081/admin/" "Mozilla/5.0 (Windows NT 10.0; Win64; x64) AppleWebKit/537.36 (KHTML, like Gecko) Chrome/62.0.3202.94 Safari/537.36"
0:0:0:0:0:0:0:1 - - [14/Nov/2017:01:27:29 +0000] "GET /assets/js/script/produk.js?_=1510622848688 HTTP/1.1" 200 413 "http://localhost:8081/admin/" "Mozilla/5.0 (Windows NT 10.0; Win64; x64) AppleWebKit/537.36 (KHTML, like Gecko) Chrome/62.0.3202.94 Safari/537.36"
0:0:0:0:0:0:0:1 - - [14/Nov/2017:01:28:12 +0000] "GET /admin/ HTTP/1.1" 304 0 "-" "Mozilla/5.0 (Windows NT 10.0; Win64; x64) AppleWebKit/537.36 (KHTML, like Gecko) Chrome/62.0.3202.94 Safari/537.36"
0:0:0:0:0:0:0:1 - - [14/Nov/2017:01:28:13 +0000] "GET /assets/js/script/header.js?_=1510622893237 HTTP/1.1" 200 309 "http://localhost:8081/admin/" "Mozilla/5.0 (Windows NT 10.0; Win64; x64) AppleWebKit/537.36 (KHTML, like Gecko) Chrome/62.0.3202.94 Safari/537.36"
0:0:0:0:0:0:0:1 - - [14/Nov/2017:01:28:13 +0000] "GET /assets/js/script/produk.js?_=1510622893238 HTTP/1.1" 200 413 "http://localhost:8081/admin/" "Mozilla/5.0 (Windows NT 10.0; Win64; x64) AppleWebKit/537.36 (KHTML, like Gecko) Chrome/62.0.3202.94 Safari/537.36"
0:0:0:0:0:0:0:1 - - [14/Nov/2017:01:29:03 +0000] "GET /admin/ HTTP/1.1" 304 0 "-" "Mozilla/5.0 (Windows NT 10.0; Win64; x64) AppleWebKit/537.36 (KHTML, like Gecko) Chrome/62.0.3202.94 Safari/537.36"
0:0:0:0:0:0:0:1 - - [14/Nov/2017:01:29:04 +0000] "GET /assets/js/script/header.js?_=1510622944275 HTTP/1.1" 200 309 "http://localhost:8081/admin/" "Mozilla/5.0 (Windows NT 10.0; Win64; x64) AppleWebKit/537.36 (KHTML, like Gecko) Chrome/62.0.3202.94 Safari/537.36"
0:0:0:0:0:0:0:1 - - [14/Nov/2017:01:29:04 +0000] "GET /assets/js/script/produk.js?_=1510622944276 HTTP/1.1" 200 413 "http://localhost:8081/admin/" "Mozilla/5.0 (Windows NT 10.0; Win64; x64) AppleWebKit/537.36 (KHTML, like Gecko) Chrome/62.0.3202.94 Safari/537.36"
0:0:0:0:0:0:0:1 - - [14/Nov/2017:01:50:54 +0000] "GET /admin/ HTTP/1.1" 304 0 "-" "Mozilla/5.0 (Windows NT 10.0; Win64; x64) AppleWebKit/537.36 (KHTML, like Gecko) Chrome/62.0.3202.94 Safari/537.36"
0:0:0:0:0:0:0:1 - - [14/Nov/2017:01:50:55 +0000] "GET /assets/js/script/header.js?_=1510624255316 HTTP/1.1" 200 309 "http://localhost:8081/admin/" "Mozilla/5.0 (Windows NT 10.0; Win64; x64) AppleWebKit/537.36 (KHTML, like Gecko) Chrome/62.0.3202.94 Safari/537.36"
0:0:0:0:0:0:0:1 - - [14/Nov/2017:01:50:55 +0000] "GET /assets/js/script/produk.js?_=1510624255317 HTTP/1.1" 200 412 "http://localhost:8081/admin/" "Mozilla/5.0 (Windows NT 10.0; Win64; x64) AppleWebKit/537.36 (KHTML, like Gecko) Chrome/62.0.3202.94 Safari/537.36"
0:0:0:0:0:0:0:1 - - [14/Nov/2017:01:57:20 +0000] "GET /admin/ HTTP/1.1" 304 0 "-" "Mozilla/5.0 (Windows NT 10.0; Win64; x64) AppleWebKit/537.36 (KHTML, like Gecko) Chrome/62.0.3202.94 Safari/537.36"
0:0:0:0:0:0:0:1 - - [14/Nov/2017:01:57:21 +0000] "GET /assets/js/script/header.js?_=1510624641370 HTTP/1.1" 200 309 "http://localhost:8081/admin/" "Mozilla/5.0 (Windows NT 10.0; Win64; x64) AppleWebKit/537.36 (KHTML, like Gecko) Chrome/62.0.3202.94 Safari/537.36"
0:0:0:0:0:0:0:1 - - [14/Nov/2017:01:57:21 +0000] "GET /assets/js/script/produk.js?_=1510624641371 HTTP/1.1" 200 566 "http://localhost:8081/admin/" "Mozilla/5.0 (Windows NT 10.0; Win64; x64) AppleWebKit/537.36 (KHTML, like Gecko) Chrome/62.0.3202.94 Safari/537.36"
0:0:0:0:0:0:0:1 - - [14/Nov/2017:01:57:34 +0000] "GET /admin/ HTTP/1.1" 304 0 "-" "Mozilla/5.0 (Windows NT 10.0; Win64; x64) AppleWebKit/537.36 (KHTML, like Gecko) Chrome/62.0.3202.94 Safari/537.36"
0:0:0:0:0:0:0:1 - - [14/Nov/2017:01:57:35 +0000] "GET /assets/js/script/header.js?_=1510624655064 HTTP/1.1" 200 309 "http://localhost:8081/admin/" "Mozilla/5.0 (Windows NT 10.0; Win64; x64) AppleWebKit/537.36 (KHTML, like Gecko) Chrome/62.0.3202.94 Safari/537.36"
0:0:0:0:0:0:0:1 - - [14/Nov/2017:01:57:35 +0000] "GET /assets/js/script/produk.js?_=1510624655065 HTTP/1.1" 200 567 "http://localhost:8081/admin/" "Mozilla/5.0 (Windows NT 10.0; Win64; x64) AppleWebKit/537.36 (KHTML, like Gecko) Chrome/62.0.3202.94 Safari/537.36"
0:0:0:0:0:0:0:1 - - [14/Nov/2017:01:57:57 +0000] "GET /admin/ HTTP/1.1" 304 0 "-" "Mozilla/5.0 (Windows NT 10.0; Win64; x64) AppleWebKit/537.36 (KHTML, like Gecko) Chrome/62.0.3202.94 Safari/537.36"
0:0:0:0:0:0:0:1 - - [14/Nov/2017:01:57:58 +0000] "GET /assets/js/script/header.js?_=1510624677943 HTTP/1.1" 200 309 "http://localhost:8081/admin/" "Mozilla/5.0 (Windows NT 10.0; Win64; x64) AppleWebKit/537.36 (KHTML, like Gecko) Chrome/62.0.3202.94 Safari/537.36"
0:0:0:0:0:0:0:1 - - [14/Nov/2017:01:57:58 +0000] "GET /assets/js/script/produk.js?_=1510624677944 HTTP/1.1" 200 567 "http://localhost:8081/admin/" "Mozilla/5.0 (Windows NT 10.0; Win64; x64) AppleWebKit/537.36 (KHTML, like Gecko) Chrome/62.0.3202.94 Safari/537.36"
0:0:0:0:0:0:0:1 - - [14/Nov/2017:01:58:33 +0000] "GET /admin/ HTTP/1.1" 304 0 "-" "Mozilla/5.0 (Windows NT 10.0; Win64; x64) AppleWebKit/537.36 (KHTML, like Gecko) Chrome/62.0.3202.94 Safari/537.36"
0:0:0:0:0:0:0:1 - - [14/Nov/2017:01:58:34 +0000] "GET /assets/js/script/header.js?_=1510624714094 HTTP/1.1" 200 309 "http://localhost:8081/admin/" "Mozilla/5.0 (Windows NT 10.0; Win64; x64) AppleWebKit/537.36 (KHTML, like Gecko) Chrome/62.0.3202.94 Safari/537.36"
0:0:0:0:0:0:0:1 - - [14/Nov/2017:01:58:34 +0000] "GET /assets/js/script/produk.js?_=1510624714095 HTTP/1.1" 200 414 "http://localhost:8081/admin/" "Mozilla/5.0 (Windows NT 10.0; Win64; x64) AppleWebKit/537.36 (KHTML, like Gecko) Chrome/62.0.3202.94 Safari/537.36"
0:0:0:0:0:0:0:1 - - [14/Nov/2017:02:04:10 +0000] "GET /admin/ HTTP/1.1" 304 0 "-" "Mozilla/5.0 (Windows NT 10.0; Win64; x64) AppleWebKit/537.36 (KHTML, like Gecko) Chrome/62.0.3202.94 Safari/537.36"
0:0:0:0:0:0:0:1 - - [14/Nov/2017:02:04:11 +0000] "GET /assets/js/script/header.js?_=1510625050864 HTTP/1.1" 200 309 "http://localhost:8081/admin/" "Mozilla/5.0 (Windows NT 10.0; Win64; x64) AppleWebKit/537.36 (KHTML, like Gecko) Chrome/62.0.3202.94 Safari/537.36"
0:0:0:0:0:0:0:1 - - [14/Nov/2017:02:04:11 +0000] "GET /assets/js/script/produk.js?_=1510625050865 HTTP/1.1" 200 554 "http://localhost:8081/admin/" "Mozilla/5.0 (Windows NT 10.0; Win64; x64) AppleWebKit/537.36 (KHTML, like Gecko) Chrome/62.0.3202.94 Safari/537.36"
0:0:0:0:0:0:0:1 - - [14/Nov/2017:02:04:24 +0000] "POST /admin/ HTTP/1.1" 200 1605 "http://localhost:8081/admin/" "Mozilla/5.0 (Windows NT 10.0; Win64; x64) AppleWebKit/537.36 (KHTML, like Gecko) Chrome/62.0.3202.94 Safari/537.36"
0:0:0:0:0:0:0:1 - - [14/Nov/2017:02:04:25 +0000] "GET /assets/js/script/header.js?_=1510625065227 HTTP/1.1" 200 309 "http://localhost:8081/admin/" "Mozilla/5.0 (Windows NT 10.0; Win64; x64) AppleWebKit/537.36 (KHTML, like Gecko) Chrome/62.0.3202.94 Safari/537.36"
0:0:0:0:0:0:0:1 - - [14/Nov/2017:02:04:25 +0000] "GET /assets/js/script/produk.js?_=1510625065228 HTTP/1.1" 200 554 "http://localhost:8081/admin/" "Mozilla/5.0 (Windows NT 10.0; Win64; x64) AppleWebKit/537.36 (KHTML, like Gecko) Chrome/62.0.3202.94 Safari/537.36"
0:0:0:0:0:0:0:1 - - [14/Nov/2017:02:04:54 +0000] "POST /admin/ HTTP/1.1" 200 1605 "http://localhost:8081/admin/" "Mozilla/5.0 (Windows NT 10.0; Win64; x64) AppleWebKit/537.36 (KHTML, like Gecko) Chrome/62.0.3202.94 Safari/537.36"
0:0:0:0:0:0:0:1 - - [14/Nov/2017:02:04:55 +0000] "GET /assets/js/script/header.js?_=1510625095357 HTTP/1.1" 200 309 "http://localhost:8081/admin/" "Mozilla/5.0 (Windows NT 10.0; Win64; x64) AppleWebKit/537.36 (KHTML, like Gecko) Chrome/62.0.3202.94 Safari/537.36"
0:0:0:0:0:0:0:1 - - [14/Nov/2017:02:04:55 +0000] "GET /assets/js/script/produk.js?_=1510625095358 HTTP/1.1" 200 537 "http://localhost:8081/admin/" "Mozilla/5.0 (Windows NT 10.0; Win64; x64) AppleWebKit/537.36 (KHTML, like Gecko) Chrome/62.0.3202.94 Safari/537.36"
0:0:0:0:0:0:0:1 - - [14/Nov/2017:02:05:10 +0000] "GET /admin/ HTTP/1.1" 200 1605 "-" "Mozilla/5.0 (Windows NT 10.0; Win64; x64) AppleWebKit/537.36 (KHTML, like Gecko) Chrome/62.0.3202.94 Safari/537.36"
0:0:0:0:0:0:0:1 - - [14/Nov/2017:02:05:11 +0000] "GET /assets/js/script/header.js?_=1510625110768 HTTP/1.1" 200 309 "http://localhost:8081/admin/" "Mozilla/5.0 (Windows NT 10.0; Win64; x64) AppleWebKit/537.36 (KHTML, like Gecko) Chrome/62.0.3202.94 Safari/537.36"
0:0:0:0:0:0:0:1 - - [14/Nov/2017:02:05:11 +0000] "GET /assets/js/script/produk.js?_=1510625110769 HTTP/1.1" 200 536 "http://localhost:8081/admin/" "Mozilla/5.0 (Windows NT 10.0; Win64; x64) AppleWebKit/537.36 (KHTML, like Gecko) Chrome/62.0.3202.94 Safari/537.36"
0:0:0:0:0:0:0:1 - - [14/Nov/2017:02:05:19 +0000] "POST /admin/ HTTP/1.1" 200 1605 "http://localhost:8081/admin/" "Mozilla/5.0 (Windows NT 10.0; Win64; x64) AppleWebKit/537.36 (KHTML, like Gecko) Chrome/62.0.3202.94 Safari/537.36"
0:0:0:0:0:0:0:1 - - [14/Nov/2017:02:05:20 +0000] "GET /assets/js/script/header.js?_=1510625120162 HTTP/1.1" 200 309 "http://localhost:8081/admin/" "Mozilla/5.0 (Windows NT 10.0; Win64; x64) AppleWebKit/537.36 (KHTML, like Gecko) Chrome/62.0.3202.94 Safari/537.36"
0:0:0:0:0:0:0:1 - - [14/Nov/2017:02:05:20 +0000] "GET /assets/js/script/produk.js?_=1510625120163 HTTP/1.1" 200 536 "http://localhost:8081/admin/" "Mozilla/5.0 (Windows NT 10.0; Win64; x64) AppleWebKit/537.36 (KHTML, like Gecko) Chrome/62.0.3202.94 Safari/537.36"
0:0:0:0:0:0:0:1 - - [14/Nov/2017:02:05:54 +0000] "GET /admin/ HTTP/1.1" 200 1605 "-" "Mozilla/5.0 (Windows NT 10.0; Win64; x64) AppleWebKit/537.36 (KHTML, like Gecko) Chrome/62.0.3202.94 Safari/537.36"
0:0:0:0:0:0:0:1 - - [14/Nov/2017:02:05:55 +0000] "GET /assets/js/script/header.js?_=1510625155188 HTTP/1.1" 200 309 "http://localhost:8081/admin/" "Mozilla/5.0 (Windows NT 10.0; Win64; x64) AppleWebKit/537.36 (KHTML, like Gecko) Chrome/62.0.3202.94 Safari/537.36"
0:0:0:0:0:0:0:1 - - [14/Nov/2017:02:05:55 +0000] "GET /assets/js/script/produk.js?_=1510625155189 HTTP/1.1" 200 553 "http://localhost:8081/admin/" "Mozilla/5.0 (Windows NT 10.0; Win64; x64) AppleWebKit/537.36 (KHTML, like Gecko) Chrome/62.0.3202.94 Safari/537.36"
0:0:0:0:0:0:0:1 - - [14/Nov/2017:02:07:28 +0000] "GET /admin/ HTTP/1.1" 304 0 "-" "Mozilla/5.0 (Windows NT 10.0; Win64; x64) AppleWebKit/537.36 (KHTML, like Gecko) Chrome/62.0.3202.94 Safari/537.36"
0:0:0:0:0:0:0:1 - - [14/Nov/2017:02:07:28 +0000] "GET /assets/js/script/header.js?_=1510625248578 HTTP/1.1" 200 309 "http://localhost:8081/admin/" "Mozilla/5.0 (Windows NT 10.0; Win64; x64) AppleWebKit/537.36 (KHTML, like Gecko) Chrome/62.0.3202.94 Safari/537.36"
0:0:0:0:0:0:0:1 - - [14/Nov/2017:02:07:29 +0000] "GET /assets/js/script/produk.js?_=1510625248579 HTTP/1.1" 200 553 "http://localhost:8081/admin/" "Mozilla/5.0 (Windows NT 10.0; Win64; x64) AppleWebKit/537.36 (KHTML, like Gecko) Chrome/62.0.3202.94 Safari/537.36"
0:0:0:0:0:0:0:1 - - [14/Nov/2017:02:07:34 +0000] "GET /admin/ HTTP/1.1" 304 0 "-" "Mozilla/5.0 (Windows NT 10.0; Win64; x64) AppleWebKit/537.36 (KHTML, like Gecko) Chrome/62.0.3202.94 Safari/537.36"
0:0:0:0:0:0:0:1 - - [14/Nov/2017:02:07:35 +0000] "GET /assets/js/script/header.js?_=1510625255372 HTTP/1.1" 200 309 "http://localhost:8081/admin/" "Mozilla/5.0 (Windows NT 10.0; Win64; x64) AppleWebKit/537.36 (KHTML, like Gecko) Chrome/62.0.3202.94 Safari/537.36"
0:0:0:0:0:0:0:1 - - [14/Nov/2017:02:07:35 +0000] "GET /assets/js/script/produk.js?_=1510625255373 HTTP/1.1" 200 553 "http://localhost:8081/admin/" "Mozilla/5.0 (Windows NT 10.0; Win64; x64) AppleWebKit/537.36 (KHTML, like Gecko) Chrome/62.0.3202.94 Safari/537.36"
0:0:0:0:0:0:0:1 - - [14/Nov/2017:02:09:39 +0000] "GET /admin/ HTTP/1.1" 304 0 "-" "Mozilla/5.0 (Windows NT 10.0; Win64; x64) AppleWebKit/537.36 (KHTML, like Gecko) Chrome/62.0.3202.94 Safari/537.36"
0:0:0:0:0:0:0:1 - - [14/Nov/2017:02:09:40 +0000] "GET /assets/js/script/header.js?_=1510625379767 HTTP/1.1" 200 309 "http://localhost:8081/admin/" "Mozilla/5.0 (Windows NT 10.0; Win64; x64) AppleWebKit/537.36 (KHTML, like Gecko) Chrome/62.0.3202.94 Safari/537.36"
0:0:0:0:0:0:0:1 - - [14/Nov/2017:02:09:40 +0000] "GET /assets/js/script/produk.js?_=1510625379768 HTTP/1.1" 200 539 "http://localhost:8081/admin/" "Mozilla/5.0 (Windows NT 10.0; Win64; x64) AppleWebKit/537.36 (KHTML, like Gecko) Chrome/62.0.3202.94 Safari/537.36"
0:0:0:0:0:0:0:1 - - [14/Nov/2017:02:15:37 +0000] "GET /admin/ HTTP/1.1" 304 0 "-" "Mozilla/5.0 (Windows NT 10.0; Win64; x64) AppleWebKit/537.36 (KHTML, like Gecko) Chrome/62.0.3202.94 Safari/537.36"
0:0:0:0:0:0:0:1 - - [14/Nov/2017:02:15:37 +0000] "GET /assets/js/script/header.js?_=1510625737612 HTTP/1.1" 200 309 "http://localhost:8081/admin/" "Mozilla/5.0 (Windows NT 10.0; Win64; x64) AppleWebKit/537.36 (KHTML, like Gecko) Chrome/62.0.3202.94 Safari/537.36"
0:0:0:0:0:0:0:1 - - [14/Nov/2017:02:15:38 +0000] "GET /assets/js/script/produk.js?_=1510625737613 HTTP/1.1" 200 539 "http://localhost:8081/admin/" "Mozilla/5.0 (Windows NT 10.0; Win64; x64) AppleWebKit/537.36 (KHTML, like Gecko) Chrome/62.0.3202.94 Safari/537.36"
0:0:0:0:0:0:0:1 - - [14/Nov/2017:02:15:52 +0000] "GET /admin/ HTTP/1.1" 304 0 "-" "Mozilla/5.0 (Windows NT 10.0; Win64; x64) AppleWebKit/537.36 (KHTML, like Gecko) Chrome/62.0.3202.94 Safari/537.36"
0:0:0:0:0:0:0:1 - - [14/Nov/2017:02:15:52 +0000] "GET /assets/js/script/header.js?_=1510625752498 HTTP/1.1" 200 309 "http://localhost:8081/admin/" "Mozilla/5.0 (Windows NT 10.0; Win64; x64) AppleWebKit/537.36 (KHTML, like Gecko) Chrome/62.0.3202.94 Safari/537.36"
0:0:0:0:0:0:0:1 - - [14/Nov/2017:02:15:52 +0000] "GET /assets/js/script/produk.js?_=1510625752499 HTTP/1.1" 200 539 "http://localhost:8081/admin/" "Mozilla/5.0 (Windows NT 10.0; Win64; x64) AppleWebKit/537.36 (KHTML, like Gecko) Chrome/62.0.3202.94 Safari/537.36"
0:0:0:0:0:0:0:1 - - [14/Nov/2017:02:16:22 +0000] "GET /admin/ HTTP/1.1" 304 0 "-" "Mozilla/5.0 (Windows NT 10.0; Win64; x64) AppleWebKit/537.36 (KHTML, like Gecko) Chrome/62.0.3202.94 Safari/537.36"
0:0:0:0:0:0:0:1 - - [14/Nov/2017:02:16:23 +0000] "GET /assets/js/script/header.js?_=1510625782846 HTTP/1.1" 200 309 "http://localhost:8081/admin/" "Mozilla/5.0 (Windows NT 10.0; Win64; x64) AppleWebKit/537.36 (KHTML, like Gecko) Chrome/62.0.3202.94 Safari/537.36"
0:0:0:0:0:0:0:1 - - [14/Nov/2017:02:16:23 +0000] "GET /assets/js/script/produk.js?_=1510625782847 HTTP/1.1" 200 539 "http://localhost:8081/admin/" "Mozilla/5.0 (Windows NT 10.0; Win64; x64) AppleWebKit/537.36 (KHTML, like Gecko) Chrome/62.0.3202.94 Safari/537.36"
0:0:0:0:0:0:0:1 - - [14/Nov/2017:02:16:33 +0000] "GET /admin/ HTTP/1.1" 304 0 "-" "Mozilla/5.0 (Windows NT 10.0; Win64; x64) AppleWebKit/537.36 (KHTML, like Gecko) Chrome/62.0.3202.94 Safari/537.36"
0:0:0:0:0:0:0:1 - - [14/Nov/2017:02:16:34 +0000] "GET /assets/js/script/header.js?_=1510625794101 HTTP/1.1" 200 309 "http://localhost:8081/admin/" "Mozilla/5.0 (Windows NT 10.0; Win64; x64) AppleWebKit/537.36 (KHTML, like Gecko) Chrome/62.0.3202.94 Safari/537.36"
0:0:0:0:0:0:0:1 - - [14/Nov/2017:02:16:34 +0000] "GET /assets/js/script/produk.js?_=1510625794102 HTTP/1.1" 200 539 "http://localhost:8081/admin/" "Mozilla/5.0 (Windows NT 10.0; Win64; x64) AppleWebKit/537.36 (KHTML, like Gecko) Chrome/62.0.3202.94 Safari/537.36"
0:0:0:0:0:0:0:1 - - [14/Nov/2017:02:19:22 +0000] "GET /admin/ HTTP/1.1" 200 1605 "-" "Mozilla/5.0 (Windows NT 10.0; Win64; x64) AppleWebKit/537.36 (KHTML, like Gecko) Chrome/62.0.3202.94 Safari/537.36"
0:0:0:0:0:0:0:1 - - [14/Nov/2017:02:19:22 +0000] "GET /assets/css/stylesheets.css HTTP/1.1" 200 2864 "http://localhost:8080/admin/" "Mozilla/5.0 (Windows NT 10.0; Win64; x64) AppleWebKit/537.36 (KHTML, like Gecko) Chrome/62.0.3202.94 Safari/537.36"
0:0:0:0:0:0:0:1 - - [14/Nov/2017:02:19:22 +0000] "GET /assets/js/plugins/jquery/jquery-migrate.min.js HTTP/1.1" 200 7200 "http://localhost:8080/admin/" "Mozilla/5.0 (Windows NT 10.0; Win64; x64) AppleWebKit/537.36 (KHTML, like Gecko) Chrome/62.0.3202.94 Safari/537.36"
0:0:0:0:0:0:0:1 - - [14/Nov/2017:02:19:22 +0000] "GET /assets/js/script/admin.js HTTP/1.1" 200 623 "http://localhost:8080/admin/" "Mozilla/5.0 (Windows NT 10.0; Win64; x64) AppleWebKit/537.36 (KHTML, like Gecko) Chrome/62.0.3202.94 Safari/537.36"
0:0:0:0:0:0:0:1 - - [14/Nov/2017:02:19:22 +0000] "GET /assets/js/plugins/mcustomscrollbar/jquery.mCustomScrollbar.min.js HTTP/1.1" 200 24110 "http://localhost:8080/admin/" "Mozilla/5.0 (Windows NT 10.0; Win64; x64) AppleWebKit/537.36 (KHTML, like Gecko) Chrome/62.0.3202.94 Safari/537.36"
0:0:0:0:0:0:0:1 - - [14/Nov/2017:02:19:22 +0000] "GET /assets/js/plugins/jquery/jquery.min.js HTTP/1.1" 200 83618 "http://localhost:8080/admin/" "Mozilla/5.0 (Windows NT 10.0; Win64; x64) AppleWebKit/537.36 (KHTML, like Gecko) Chrome/62.0.3202.94 Safari/537.36"
0:0:0:0:0:0:0:1 - - [14/Nov/2017:02:19:22 +0000] "GET /assets/js/plugins/bootstrap/bootstrap.min.js HTTP/1.1" 200 34659 "http://localhost:8080/admin/" "Mozilla/5.0 (Windows NT 10.0; Win64; x64) AppleWebKit/537.36 (KHTML, like Gecko) Chrome/62.0.3202.94 Safari/537.36"
0:0:0:0:0:0:0:1 - - [14/Nov/2017:02:19:22 +0000] "GET /assets/js/plugins/datatables/jquery.dataTables.min.js HTTP/1.1" 200 71012 "http://localhost:8080/admin/" "Mozilla/5.0 (Windows NT 10.0; Win64; x64) AppleWebKit/537.36 (KHTML, like Gecko) Chrome/62.0.3202.94 Safari/537.36"
0:0:0:0:0:0:0:1 - - [14/Nov/2017:02:19:22 +0000] "GET /assets/js/plugins/jquery/globalize.js HTTP/1.1" 200 46821 "http://localhost:8080/admin/" "Mozilla/5.0 (Windows NT 10.0; Win64; x64) AppleWebKit/537.36 (KHTML, like Gecko) Chrome/62.0.3202.94 Safari/537.36"
0:0:0:0:0:0:0:1 - - [14/Nov/2017:02:19:22 +0000] "GET /assets/js/plugins/jquery/jquery-ui.min.js HTTP/1.1" 200 228143 "http://localhost:8080/admin/" "Mozilla/5.0 (Windows NT 10.0; Win64; x64) AppleWebKit/537.36 (KHTML, like Gecko) Chrome/62.0.3202.94 Safari/537.36"
0:0:0:0:0:0:0:1 - - [14/Nov/2017:02:19:23 +0000] "GET /assets/css/icons/font-awesome.min.css HTTP/1.1" 200 22492 "http://localhost:8080/admin/" "Mozilla/5.0 (Windows NT 10.0; Win64; x64) AppleWebKit/537.36 (KHTML, like Gecko) Chrome/62.0.3202.94 Safari/537.36"
0:0:0:0:0:0:0:1 - - [14/Nov/2017:02:19:23 +0000] "GET /assets/css/select2/select2.css HTTP/1.1" 200 13406 "http://localhost:8080/admin/" "Mozilla/5.0 (Windows NT 10.0; Win64; x64) AppleWebKit/537.36 (KHTML, like Gecko) Chrome/62.0.3202.94 Safari/537.36"
0:0:0:0:0:0:0:1 - - [14/Nov/2017:02:19:23 +0000] "GET /assets/css/mcustomscrollbar/jquery.mCustomScrollbar.css HTTP/1.1" 200 13765 "http://localhost:8080/admin/" "Mozilla/5.0 (Windows NT 10.0; Win64; x64) AppleWebKit/537.36 (KHTML, like Gecko) Chrome/62.0.3202.94 Safari/537.36"
0:0:0:0:0:0:0:1 - - [14/Nov/2017:02:19:23 +0000] "GET /assets/css/bootstrap/bootstrap.min.css HTTP/1.1" 200 114015 "http://localhost:8080/admin/" "Mozilla/5.0 (Windows NT 10.0; Win64; x64) AppleWebKit/537.36 (KHTML, like Gecko) Chrome/62.0.3202.94 Safari/537.36"
0:0:0:0:0:0:0:1 - - [14/Nov/2017:02:19:23 +0000] "GET /assets/css/shbrush/shCoreDefault.css HTTP/1.1" 200 8921 "http://localhost:8080/admin/" "Mozilla/5.0 (Windows NT 10.0; Win64; x64) AppleWebKit/537.36 (KHTML, like Gecko) Chrome/62.0.3202.94 Safari/537.36"
0:0:0:0:0:0:0:1 - - [14/Nov/2017:02:19:23 +0000] "GET /assets/css/shbrush/shThemeDefault.css HTTP/1.1" 200 3023 "http://localhost:8080/admin/" "Mozilla/5.0 (Windows NT 10.0; Win64; x64) AppleWebKit/537.36 (KHTML, like Gecko) Chrome/62.0.3202.94 Safari/537.36"
0:0:0:0:0:0:0:1 - - [14/Nov/2017:02:19:23 +0000] "GET /assets/css/jquery/jquery-ui.min.css HTTP/1.1" 200 27289 "http://localhost:8080/admin/" "Mozilla/5.0 (Windows NT 10.0; Win64; x64) AppleWebKit/537.36 (KHTML, like Gecko) Chrome/62.0.3202.94 Safari/537.36"
0:0:0:0:0:0:0:1 - - [14/Nov/2017:02:19:23 +0000] "GET /assets/css/fancybox/jquery.fancybox.css HTTP/1.1" 200 4372 "http://localhost:8080/admin/" "Mozilla/5.0 (Windows NT 10.0; Win64; x64) AppleWebKit/537.36 (KHTML, like Gecko) Chrome/62.0.3202.94 Safari/537.36"
0:0:0:0:0:0:0:1 - - [14/Nov/2017:02:19:23 +0000] "GET /assets/css/cleditor/jquery.cleditor.css HTTP/1.1" 200 1429 "http://localhost:8080/admin/" "Mozilla/5.0 (Windows NT 10.0; Win64; x64) AppleWebKit/537.36 (KHTML, like Gecko) Chrome/62.0.3202.94 Safari/537.36"
0:0:0:0:0:0:0:1 - - [14/Nov/2017:02:19:23 +0000] "GET /assets/css/fullcalendar/fullcalendar.css HTTP/1.1" 200 10711 "http://localhost:8080/admin/" "Mozilla/5.0 (Windows NT 10.0; Win64; x64) AppleWebKit/537.36 (KHTML, like Gecko) Chrome/62.0.3202.94 Safari/537.36"
0:0:0:0:0:0:0:1 - - [14/Nov/2017:02:19:23 +0000] "GET /assets/css/codemirror/codemirror.css HTTP/1.1" 200 6355 "http://localhost:8080/admin/" "Mozilla/5.0 (Windows NT 10.0; Win64; x64) AppleWebKit/537.36 (KHTML, like Gecko) Chrome/62.0.3202.94 Safari/537.36"
0:0:0:0:0:0:0:1 - - [14/Nov/2017:02:19:23 +0000] "GET /assets/css/elfinder/elfinder.min.css HTTP/1.1" 200 33738 "http://localhost:8080/admin/" "Mozilla/5.0 (Windows NT 10.0; Win64; x64) AppleWebKit/537.36 (KHTML, like Gecko) Chrome/62.0.3202.94 Safari/537.36"
0:0:0:0:0:0:0:1 - - [14/Nov/2017:02:19:23 +0000] "GET /assets/css/filetree/jqueryFileTree.css HTTP/1.1" 200 6597 "http://localhost:8080/admin/" "Mozilla/5.0 (Windows NT 10.0; Win64; x64) AppleWebKit/537.36 (KHTML, like Gecko) Chrome/62.0.3202.94 Safari/537.36"
0:0:0:0:0:0:0:1 - - [14/Nov/2017:02:19:23 +0000] "GET /assets/css/validationengine/validationEngine.css HTTP/1.1" 200 2889 "http://localhost:8080/admin/" "Mozilla/5.0 (Windows NT 10.0; Win64; x64) AppleWebKit/537.36 (KHTML, like Gecko) Chrome/62.0.3202.94 Safari/537.36"
0:0:0:0:0:0:0:1 - - [14/Nov/2017:02:19:23 +0000] "GET /assets/css/backgrounds.css HTTP/1.1" 200 6244 "http://localhost:8080/admin/" "Mozilla/5.0 (Windows NT 10.0; Win64; x64) AppleWebKit/537.36 (KHTML, like Gecko) Chrome/62.0.3202.94 Safari/537.36"
0:0:0:0:0:0:0:1 - - [14/Nov/2017:02:19:23 +0000] "GET /assets/css/stylesheet.css HTTP/1.1" 200 70906 "http://localhost:8080/admin/" "Mozilla/5.0 (Windows NT 10.0; Win64; x64) AppleWebKit/537.36 (KHTML, like Gecko) Chrome/62.0.3202.94 Safari/537.36"
0:0:0:0:0:0:0:1 - - [14/Nov/2017:02:19:23 +0000] "GET /assets/css/mystyles.css HTTP/1.1" 200 0 "http://localhost:8080/admin/" "Mozilla/5.0 (Windows NT 10.0; Win64; x64) AppleWebKit/537.36 (KHTML, like Gecko) Chrome/62.0.3202.94 Safari/537.36"
0:0:0:0:0:0:0:1 - - [14/Nov/2017:02:19:23 +0000] "GET /assets/js/plugins/sparkline/jquery.sparkline.min.js HTTP/1.1" 200 43231 "http://localhost:8080/admin/" "Mozilla/5.0 (Windows NT 10.0; Win64; x64) AppleWebKit/537.36 (KHTML, like Gecko) Chrome/62.0.3202.94 Safari/537.36"
0:0:0:0:0:0:0:1 - - [14/Nov/2017:02:19:23 +0000] "GET /assets/js/plugins/uniform/jquery.uniform.min.js HTTP/1.1" 200 8308 "http://localhost:8080/admin/" "Mozilla/5.0 (Windows NT 10.0; Win64; x64) AppleWebKit/537.36 (KHTML, like Gecko) Chrome/62.0.3202.94 Safari/537.36"
0:0:0:0:0:0:0:1 - - [14/Nov/2017:02:19:23 +0000] "GET /assets/css/themes.css HTTP/1.1" 200 5054 "http://localhost:8080/admin/" "Mozilla/5.0 (Windows NT 10.0; Win64; x64) AppleWebKit/537.36 (KHTML, like Gecko) Chrome/62.0.3202.94 Safari/537.36"
0:0:0:0:0:0:0:1 - - [14/Nov/2017:02:19:23 +0000] "GET /assets/js/plugins/knob/jquery.knob.js HTTP/1.1" 200 24766 "http://localhost:8080/admin/" "Mozilla/5.0 (Windows NT 10.0; Win64; x64) AppleWebKit/537.36 (KHTML, like Gecko) Chrome/62.0.3202.94 Safari/537.36"
0:0:0:0:0:0:0:1 - - [14/Nov/2017:02:19:23 +0000] "GET /assets/js/plugins/flot/jquery.flot.resize.js HTTP/1.1" 200 3195 "http://localhost:8080/admin/" "Mozilla/5.0 (Windows NT 10.0; Win64; x64) AppleWebKit/537.36 (KHTML, like Gecko) Chrome/62.0.3202.94 Safari/537.36"
0:0:0:0:0:0:0:1 - - [14/Nov/2017:02:19:23 +0000] "GET /assets/js/plugins/flot/jquery.flot.js HTTP/1.1" 200 122463 "http://localhost:8080/admin/" "Mozilla/5.0 (Windows NT 10.0; Win64; x64) AppleWebKit/537.36 (KHTML, like Gecko) Chrome/62.0.3202.94 Safari/537.36"
0:0:0:0:0:0:0:1 - - [14/Nov/2017:02:19:24 +0000] "GET /assets/img/background/bg_num1.jpg HTTP/1.1" 200 14495 "http://localhost:8080/assets/css/stylesheet.css" "Mozilla/5.0 (Windows NT 10.0; Win64; x64) AppleWebKit/537.36 (KHTML, like Gecko) Chrome/62.0.3202.94 Safari/537.36"
0:0:0:0:0:0:0:1 - - [14/Nov/2017:02:19:24 +0000] "GET /common/footer.html HTTP/1.1" 200 287 "http://localhost:8080/admin/" "Mozilla/5.0 (Windows NT 10.0; Win64; x64) AppleWebKit/537.36 (KHTML, like Gecko) Chrome/62.0.3202.94 Safari/537.36"
0:0:0:0:0:0:0:1 - - [14/Nov/2017:02:19:24 +0000] "GET /common/header.html HTTP/1.1" 200 1305 "http://localhost:8080/admin/" "Mozilla/5.0 (Windows NT 10.0; Win64; x64) AppleWebKit/537.36 (KHTML, like Gecko) Chrome/62.0.3202.94 Safari/537.36"
0:0:0:0:0:0:0:1 - - [14/Nov/2017:02:19:24 +0000] "GET /content/admin/index.html HTTP/1.1" 200 1740 "http://localhost:8080/admin/" "Mozilla/5.0 (Windows NT 10.0; Win64; x64) AppleWebKit/537.36 (KHTML, like Gecko) Chrome/62.0.3202.94 Safari/537.36"
0:0:0:0:0:0:0:1 - - [14/Nov/2017:02:19:24 +0000] "GET /content/admin/produk.html HTTP/1.1" 200 3437 "http://localhost:8080/admin/" "Mozilla/5.0 (Windows NT 10.0; Win64; x64) AppleWebKit/537.36 (KHTML, like Gecko) Chrome/62.0.3202.94 Safari/537.36"
0:0:0:0:0:0:0:1 - - [14/Nov/2017:02:19:24 +0000] "GET /assets/js/script/header.js?_=1510625964054 HTTP/1.1" 200 309 "http://localhost:8080/admin/" "Mozilla/5.0 (Windows NT 10.0; Win64; x64) AppleWebKit/537.36 (KHTML, like Gecko) Chrome/62.0.3202.94 Safari/537.36"
0:0:0:0:0:0:0:1 - - [14/Nov/2017:02:19:24 +0000] "GET /assets/img/background/bt_cubs.png HTTP/1.1" 200 193 "http://localhost:8080/assets/css/stylesheet.css" "Mozilla/5.0 (Windows NT 10.0; Win64; x64) AppleWebKit/537.36 (KHTML, like Gecko) Chrome/62.0.3202.94 Safari/537.36"
0:0:0:0:0:0:0:1 - - [14/Nov/2017:02:19:24 +0000] "GET /assets/js/script/produk.js?_=1510625964055 HTTP/1.1" 200 539 "http://localhost:8080/admin/" "Mozilla/5.0 (Windows NT 10.0; Win64; x64) AppleWebKit/537.36 (KHTML, like Gecko) Chrome/62.0.3202.94 Safari/537.36"
0:0:0:0:0:0:0:1 - - [14/Nov/2017:02:19:25 +0000] "GET /assets/css/fonts/fontawesome-webfont.woff?v=3.2.1 HTTP/1.1" 200 43572 "http://localhost:8080/assets/css/icons/font-awesome.min.css" "Mozilla/5.0 (Windows NT 10.0; Win64; x64) AppleWebKit/537.36 (KHTML, like Gecko) Chrome/62.0.3202.94 Safari/537.36"
0:0:0:0:0:0:0:1 - - [14/Nov/2017:02:19:25 +0000] "GET /favicon.ico HTTP/1.1" 404 326 "http://localhost:8080/admin/" "Mozilla/5.0 (Windows NT 10.0; Win64; x64) AppleWebKit/537.36 (KHTML, like Gecko) Chrome/62.0.3202.94 Safari/537.36"
0:0:0:0:0:0:0:1 - - [14/Nov/2017:02:19:26 +0000] "GET /assets/img/background/bt_cubs_a.png HTTP/1.1" 200 193 "http://localhost:8080/assets/css/stylesheet.css" "Mozilla/5.0 (Windows NT 10.0; Win64; x64) AppleWebKit/537.36 (KHTML, like Gecko) Chrome/62.0.3202.94 Safari/537.36"
0:0:0:0:0:0:0:1 - - [14/Nov/2017:02:20:02 +0000] "GET /admin/ HTTP/1.1" 304 0 "-" "Mozilla/5.0 (Windows NT 10.0; Win64; x64) AppleWebKit/537.36 (KHTML, like Gecko) Chrome/62.0.3202.94 Safari/537.36"
0:0:0:0:0:0:0:1 - - [14/Nov/2017:02:20:04 +0000] "GET /content/admin/produk.html HTTP/1.1" 304 0 "http://localhost:8080/admin/" "Mozilla/5.0 (Windows NT 10.0; Win64; x64) AppleWebKit/537.36 (KHTML, like Gecko) Chrome/62.0.3202.94 Safari/537.36"
0:0:0:0:0:0:0:1 - - [14/Nov/2017:02:20:04 +0000] "GET /assets/js/script/header.js?_=1510626003613 HTTP/1.1" 200 309 "http://localhost:8080/admin/" "Mozilla/5.0 (Windows NT 10.0; Win64; x64) AppleWebKit/537.36 (KHTML, like Gecko) Chrome/62.0.3202.94 Safari/537.36"
0:0:0:0:0:0:0:1 - - [14/Nov/2017:02:20:04 +0000] "GET /assets/js/script/produk.js?_=1510626003614 HTTP/1.1" 200 539 "http://localhost:8080/admin/" "Mozilla/5.0 (Windows NT 10.0; Win64; x64) AppleWebKit/537.36 (KHTML, like Gecko) Chrome/62.0.3202.94 Safari/537.36"
0:0:0:0:0:0:0:1 - - [14/Nov/2017:02:20:18 +0000] "GET /admin/ HTTP/1.1" 304 0 "-" "Mozilla/5.0 (Windows NT 10.0; Win64; x64) AppleWebKit/537.36 (KHTML, like Gecko) Chrome/62.0.3202.94 Safari/537.36"
0:0:0:0:0:0:0:1 - - [14/Nov/2017:02:20:27 +0000] "GET /assets/js/script/produk.js?_=1510626019109 HTTP/1.1" 200 539 "http://localhost:8080/admin/" "Mozilla/5.0 (Windows NT 10.0; Win64; x64) AppleWebKit/537.36 (KHTML, like Gecko) Chrome/62.0.3202.94 Safari/537.36"
0:0:0:0:0:0:0:1 - - [14/Nov/2017:02:20:33 +0000] "GET /admin/ HTTP/1.1" 304 0 "-" "Mozilla/5.0 (Windows NT 10.0; Win64; x64) AppleWebKit/537.36 (KHTML, like Gecko) Chrome/62.0.3202.94 Safari/537.36"
0:0:0:0:0:0:0:1 - - [14/Nov/2017:02:20:34 +0000] "GET /content/admin/produk.html HTTP/1.1" 304 0 "http://localhost:8080/admin/" "Mozilla/5.0 (Windows NT 10.0; Win64; x64) AppleWebKit/537.36 (KHTML, like Gecko) Chrome/62.0.3202.94 Safari/537.36"
0:0:0:0:0:0:0:1 - - [14/Nov/2017:02:20:35 +0000] "GET /assets/js/script/header.js?_=1510626034574 HTTP/1.1" 200 309 "http://localhost:8080/admin/" "Mozilla/5.0 (Windows NT 10.0; Win64; x64) AppleWebKit/537.36 (KHTML, like Gecko) Chrome/62.0.3202.94 Safari/537.36"
0:0:0:0:0:0:0:1 - - [14/Nov/2017:02:20:35 +0000] "GET /assets/js/script/produk.js?_=1510626034575 HTTP/1.1" 200 539 "http://localhost:8080/admin/" "Mozilla/5.0 (Windows NT 10.0; Win64; x64) AppleWebKit/537.36 (KHTML, like Gecko) Chrome/62.0.3202.94 Safari/537.36"
