0:0:0:0:0:0:0:1 - - [15/Nov/2017:02:21:08 +0000] "GET / HTTP/1.1" 200 1568 "-" "Mozilla/5.0 (Windows NT 10.0; Win64; x64) AppleWebKit/537.36 (KHTML, like Gecko) Chrome/62.0.3202.94 Safari/537.36"
0:0:0:0:0:0:0:1 - - [15/Nov/2017:02:21:08 +0000] "GET /assets/js/plugins/jquery/jquery-migrate.min.js HTTP/1.1" 304 0 "http://localhost:8080/" "Mozilla/5.0 (Windows NT 10.0; Win64; x64) AppleWebKit/537.36 (KHTML, like Gecko) Chrome/62.0.3202.94 Safari/537.36"
0:0:0:0:0:0:0:1 - - [15/Nov/2017:02:21:08 +0000] "GET /assets/js/plugins/jquery/jquery.min.js HTTP/1.1" 304 0 "http://localhost:8080/" "Mozilla/5.0 (Windows NT 10.0; Win64; x64) AppleWebKit/537.36 (KHTML, like Gecko) Chrome/62.0.3202.94 Safari/537.36"
0:0:0:0:0:0:0:1 - - [15/Nov/2017:02:21:08 +0000] "GET /assets/js/plugins/jquery/globalize.js HTTP/1.1" 304 0 "http://localhost:8080/" "Mozilla/5.0 (Windows NT 10.0; Win64; x64) AppleWebKit/537.36 (KHTML, like Gecko) Chrome/62.0.3202.94 Safari/537.36"
0:0:0:0:0:0:0:1 - - [15/Nov/2017:02:21:08 +0000] "GET /assets/js/plugins/bootstrap/bootstrap.min.js HTTP/1.1" 304 0 "http://localhost:8080/" "Mozilla/5.0 (Windows NT 10.0; Win64; x64) AppleWebKit/537.36 (KHTML, like Gecko) Chrome/62.0.3202.94 Safari/537.36"
0:0:0:0:0:0:0:1 - - [15/Nov/2017:02:21:08 +0000] "GET /assets/css/stylesheets.css HTTP/1.1" 304 0 "http://localhost:8080/" "Mozilla/5.0 (Windows NT 10.0; Win64; x64) AppleWebKit/537.36 (KHTML, like Gecko) Chrome/62.0.3202.94 Safari/537.36"
0:0:0:0:0:0:0:1 - - [15/Nov/2017:02:21:08 +0000] "GET /assets/js/plugins/jquery/jquery-ui.min.js HTTP/1.1" 304 0 "http://localhost:8080/" "Mozilla/5.0 (Windows NT 10.0; Win64; x64) AppleWebKit/537.36 (KHTML, like Gecko) Chrome/62.0.3202.94 Safari/537.36"
0:0:0:0:0:0:0:1 - - [15/Nov/2017:02:21:08 +0000] "GET /assets/js/plugins/datatables/jquery.dataTables.min.js HTTP/1.1" 304 0 "http://localhost:8080/" "Mozilla/5.0 (Windows NT 10.0; Win64; x64) AppleWebKit/537.36 (KHTML, like Gecko) Chrome/62.0.3202.94 Safari/537.36"
0:0:0:0:0:0:0:1 - - [15/Nov/2017:02:21:09 +0000] "GET /assets/js/plugins/mcustomscrollbar/jquery.mCustomScrollbar.min.js HTTP/1.1" 304 0 "http://localhost:8080/" "Mozilla/5.0 (Windows NT 10.0; Win64; x64) AppleWebKit/537.36 (KHTML, like Gecko) Chrome/62.0.3202.94 Safari/537.36"
0:0:0:0:0:0:0:1 - - [15/Nov/2017:02:21:09 +0000] "GET /assets/js/script/icpay.js HTTP/1.1" 200 654 "http://localhost:8080/" "Mozilla/5.0 (Windows NT 10.0; Win64; x64) AppleWebKit/537.36 (KHTML, like Gecko) Chrome/62.0.3202.94 Safari/537.36"
0:0:0:0:0:0:0:1 - - [15/Nov/2017:02:21:09 +0000] "GET /assets/js/plugins/knob/jquery.knob.js HTTP/1.1" 304 0 "http://localhost:8080/" "Mozilla/5.0 (Windows NT 10.0; Win64; x64) AppleWebKit/537.36 (KHTML, like Gecko) Chrome/62.0.3202.94 Safari/537.36"
0:0:0:0:0:0:0:1 - - [15/Nov/2017:02:21:09 +0000] "GET /assets/js/plugins/uniform/jquery.uniform.min.js HTTP/1.1" 304 0 "http://localhost:8080/" "Mozilla/5.0 (Windows NT 10.0; Win64; x64) AppleWebKit/537.36 (KHTML, like Gecko) Chrome/62.0.3202.94 Safari/537.36"
0:0:0:0:0:0:0:1 - - [15/Nov/2017:02:21:09 +0000] "GET /assets/js/plugins/flot/jquery.flot.resize.js HTTP/1.1" 304 0 "http://localhost:8080/" "Mozilla/5.0 (Windows NT 10.0; Win64; x64) AppleWebKit/537.36 (KHTML, like Gecko) Chrome/62.0.3202.94 Safari/537.36"
0:0:0:0:0:0:0:1 - - [15/Nov/2017:02:21:09 +0000] "GET /assets/js/plugins/sparkline/jquery.sparkline.min.js HTTP/1.1" 304 0 "http://localhost:8080/" "Mozilla/5.0 (Windows NT 10.0; Win64; x64) AppleWebKit/537.36 (KHTML, like Gecko) Chrome/62.0.3202.94 Safari/537.36"
0:0:0:0:0:0:0:1 - - [15/Nov/2017:02:21:09 +0000] "GET /assets/js/plugins/flot/jquery.flot.js HTTP/1.1" 304 0 "http://localhost:8080/" "Mozilla/5.0 (Windows NT 10.0; Win64; x64) AppleWebKit/537.36 (KHTML, like Gecko) Chrome/62.0.3202.94 Safari/537.36"
0:0:0:0:0:0:0:1 - - [15/Nov/2017:02:21:10 +0000] "GET /assets/css/mcustomscrollbar/jquery.mCustomScrollbar.css HTTP/1.1" 200 13765 "http://localhost:8080/" "Mozilla/5.0 (Windows NT 10.0; Win64; x64) AppleWebKit/537.36 (KHTML, like Gecko) Chrome/62.0.3202.94 Safari/537.36"
0:0:0:0:0:0:0:1 - - [15/Nov/2017:02:21:10 +0000] "GET /assets/css/select2/select2.css HTTP/1.1" 200 13406 "http://localhost:8080/" "Mozilla/5.0 (Windows NT 10.0; Win64; x64) AppleWebKit/537.36 (KHTML, like Gecko) Chrome/62.0.3202.94 Safari/537.36"
0:0:0:0:0:0:0:1 - - [15/Nov/2017:02:21:10 +0000] "GET /assets/css/jquery/jquery-ui.min.css HTTP/1.1" 200 27289 "http://localhost:8080/" "Mozilla/5.0 (Windows NT 10.0; Win64; x64) AppleWebKit/537.36 (KHTML, like Gecko) Chrome/62.0.3202.94 Safari/537.36"
0:0:0:0:0:0:0:1 - - [15/Nov/2017:02:21:10 +0000] "GET /assets/css/icons/font-awesome.min.css HTTP/1.1" 200 22492 "http://localhost:8080/" "Mozilla/5.0 (Windows NT 10.0; Win64; x64) AppleWebKit/537.36 (KHTML, like Gecko) Chrome/62.0.3202.94 Safari/537.36"
0:0:0:0:0:0:0:1 - - [15/Nov/2017:02:21:10 +0000] "GET /assets/css/bootstrap/bootstrap.min.css HTTP/1.1" 200 114015 "http://localhost:8080/" "Mozilla/5.0 (Windows NT 10.0; Win64; x64) AppleWebKit/537.36 (KHTML, like Gecko) Chrome/62.0.3202.94 Safari/537.36"
0:0:0:0:0:0:0:1 - - [15/Nov/2017:02:21:10 +0000] "GET /assets/css/shbrush/shThemeDefault.css HTTP/1.1" 200 3023 "http://localhost:8080/" "Mozilla/5.0 (Windows NT 10.0; Win64; x64) AppleWebKit/537.36 (KHTML, like Gecko) Chrome/62.0.3202.94 Safari/537.36"
0:0:0:0:0:0:0:1 - - [15/Nov/2017:02:21:10 +0000] "GET /assets/css/shbrush/shCoreDefault.css HTTP/1.1" 200 8921 "http://localhost:8080/" "Mozilla/5.0 (Windows NT 10.0; Win64; x64) AppleWebKit/537.36 (KHTML, like Gecko) Chrome/62.0.3202.94 Safari/537.36"
0:0:0:0:0:0:0:1 - - [15/Nov/2017:02:21:10 +0000] "GET /assets/css/cleditor/jquery.cleditor.css HTTP/1.1" 200 1429 "http://localhost:8080/" "Mozilla/5.0 (Windows NT 10.0; Win64; x64) AppleWebKit/537.36 (KHTML, like Gecko) Chrome/62.0.3202.94 Safari/537.36"
0:0:0:0:0:0:0:1 - - [15/Nov/2017:02:21:10 +0000] "GET /assets/css/codemirror/codemirror.css HTTP/1.1" 200 6355 "http://localhost:8080/" "Mozilla/5.0 (Windows NT 10.0; Win64; x64) AppleWebKit/537.36 (KHTML, like Gecko) Chrome/62.0.3202.94 Safari/537.36"
0:0:0:0:0:0:0:1 - - [15/Nov/2017:02:21:10 +0000] "GET /assets/css/validationengine/validationEngine.css HTTP/1.1" 200 2889 "http://localhost:8080/" "Mozilla/5.0 (Windows NT 10.0; Win64; x64) AppleWebKit/537.36 (KHTML, like Gecko) Chrome/62.0.3202.94 Safari/537.36"
0:0:0:0:0:0:0:1 - - [15/Nov/2017:02:21:10 +0000] "GET /assets/css/fancybox/jquery.fancybox.css HTTP/1.1" 200 4372 "http://localhost:8080/" "Mozilla/5.0 (Windows NT 10.0; Win64; x64) AppleWebKit/537.36 (KHTML, like Gecko) Chrome/62.0.3202.94 Safari/537.36"
0:0:0:0:0:0:0:1 - - [15/Nov/2017:02:21:10 +0000] "GET /assets/css/filetree/jqueryFileTree.css HTTP/1.1" 200 6597 "http://localhost:8080/" "Mozilla/5.0 (Windows NT 10.0; Win64; x64) AppleWebKit/537.36 (KHTML, like Gecko) Chrome/62.0.3202.94 Safari/537.36"
0:0:0:0:0:0:0:1 - - [15/Nov/2017:02:21:10 +0000] "GET /assets/css/fullcalendar/fullcalendar.css HTTP/1.1" 200 10711 "http://localhost:8080/" "Mozilla/5.0 (Windows NT 10.0; Win64; x64) AppleWebKit/537.36 (KHTML, like Gecko) Chrome/62.0.3202.94 Safari/537.36"
0:0:0:0:0:0:0:1 - - [15/Nov/2017:02:21:10 +0000] "GET /assets/css/backgrounds.css HTTP/1.1" 200 6244 "http://localhost:8080/" "Mozilla/5.0 (Windows NT 10.0; Win64; x64) AppleWebKit/537.36 (KHTML, like Gecko) Chrome/62.0.3202.94 Safari/537.36"
0:0:0:0:0:0:0:1 - - [15/Nov/2017:02:21:10 +0000] "GET /assets/css/elfinder/elfinder.min.css HTTP/1.1" 200 33738 "http://localhost:8080/" "Mozilla/5.0 (Windows NT 10.0; Win64; x64) AppleWebKit/537.36 (KHTML, like Gecko) Chrome/62.0.3202.94 Safari/537.36"
0:0:0:0:0:0:0:1 - - [15/Nov/2017:02:21:10 +0000] "GET /assets/css/mystyles.css HTTP/1.1" 200 0 "http://localhost:8080/" "Mozilla/5.0 (Windows NT 10.0; Win64; x64) AppleWebKit/537.36 (KHTML, like Gecko) Chrome/62.0.3202.94 Safari/537.36"
0:0:0:0:0:0:0:1 - - [15/Nov/2017:02:21:10 +0000] "GET /assets/css/themes.css HTTP/1.1" 200 5054 "http://localhost:8080/" "Mozilla/5.0 (Windows NT 10.0; Win64; x64) AppleWebKit/537.36 (KHTML, like Gecko) Chrome/62.0.3202.94 Safari/537.36"
0:0:0:0:0:0:0:1 - - [15/Nov/2017:02:21:10 +0000] "GET /assets/css/stylesheet.css HTTP/1.1" 200 70906 "http://localhost:8080/" "Mozilla/5.0 (Windows NT 10.0; Win64; x64) AppleWebKit/537.36 (KHTML, like Gecko) Chrome/62.0.3202.94 Safari/537.36"
0:0:0:0:0:0:0:1 - - [15/Nov/2017:02:21:11 +0000] "GET /assets/img/background/bg_num1.jpg HTTP/1.1" 200 14495 "http://localhost:8080/assets/css/stylesheet.css" "Mozilla/5.0 (Windows NT 10.0; Win64; x64) AppleWebKit/537.36 (KHTML, like Gecko) Chrome/62.0.3202.94 Safari/537.36"
0:0:0:0:0:0:0:1 - - [15/Nov/2017:02:21:11 +0000] "GET /common/footer.html HTTP/1.1" 304 0 "http://localhost:8080/" "Mozilla/5.0 (Windows NT 10.0; Win64; x64) AppleWebKit/537.36 (KHTML, like Gecko) Chrome/62.0.3202.94 Safari/537.36"
0:0:0:0:0:0:0:1 - - [15/Nov/2017:02:21:11 +0000] "GET /common/header-test.html HTTP/1.1" 200 685 "http://localhost:8080/" "Mozilla/5.0 (Windows NT 10.0; Win64; x64) AppleWebKit/537.36 (KHTML, like Gecko) Chrome/62.0.3202.94 Safari/537.36"
0:0:0:0:0:0:0:1 - - [15/Nov/2017:02:21:11 +0000] "GET /content/login.html HTTP/1.1" 200 2285 "http://localhost:8080/" "Mozilla/5.0 (Windows NT 10.0; Win64; x64) AppleWebKit/537.36 (KHTML, like Gecko) Chrome/62.0.3202.94 Safari/537.36"
0:0:0:0:0:0:0:1 - - [15/Nov/2017:02:21:11 +0000] "GET /assets/js/script/login.js?_=1510712470925 HTTP/1.1" 200 146 "http://localhost:8080/" "Mozilla/5.0 (Windows NT 10.0; Win64; x64) AppleWebKit/537.36 (KHTML, like Gecko) Chrome/62.0.3202.94 Safari/537.36"
0:0:0:0:0:0:0:1 - - [15/Nov/2017:02:21:11 +0000] "GET /assets/img/example/user/dmitry_b.jpg HTTP/1.1" 200 21402 "http://localhost:8080/" "Mozilla/5.0 (Windows NT 10.0; Win64; x64) AppleWebKit/537.36 (KHTML, like Gecko) Chrome/62.0.3202.94 Safari/537.36"
0:0:0:0:0:0:0:1 - - [15/Nov/2017:02:21:11 +0000] "GET /assets/img/background/bt_cubs.png HTTP/1.1" 200 193 "http://localhost:8080/assets/css/stylesheet.css" "Mozilla/5.0 (Windows NT 10.0; Win64; x64) AppleWebKit/537.36 (KHTML, like Gecko) Chrome/62.0.3202.94 Safari/537.36"
0:0:0:0:0:0:0:1 - - [15/Nov/2017:02:21:11 +0000] "GET /assets/css/fonts/fontawesome-webfont.woff?v=3.2.1 HTTP/1.1" 200 43572 "http://localhost:8080/assets/css/icons/font-awesome.min.css" "Mozilla/5.0 (Windows NT 10.0; Win64; x64) AppleWebKit/537.36 (KHTML, like Gecko) Chrome/62.0.3202.94 Safari/537.36"
0:0:0:0:0:0:0:1 - - [15/Nov/2017:02:21:12 +0000] "GET /favicon.ico HTTP/1.1" 404 326 "http://localhost:8080/" "Mozilla/5.0 (Windows NT 10.0; Win64; x64) AppleWebKit/537.36 (KHTML, like Gecko) Chrome/62.0.3202.94 Safari/537.36"
0:0:0:0:0:0:0:1 - - [15/Nov/2017:02:21:14 +0000] "GET /admin HTTP/1.1" 302 0 "http://localhost:8080/" "Mozilla/5.0 (Windows NT 10.0; Win64; x64) AppleWebKit/537.36 (KHTML, like Gecko) Chrome/62.0.3202.94 Safari/537.36"
0:0:0:0:0:0:0:1 - - [15/Nov/2017:02:21:14 +0000] "GET /admin/ HTTP/1.1" 304 0 "http://localhost:8080/" "Mozilla/5.0 (Windows NT 10.0; Win64; x64) AppleWebKit/537.36 (KHTML, like Gecko) Chrome/62.0.3202.94 Safari/537.36"
0:0:0:0:0:0:0:1 - - [15/Nov/2017:02:21:14 +0000] "GET /assets/js/script/admin.js HTTP/1.1" 200 623 "http://localhost:8080/admin/" "Mozilla/5.0 (Windows NT 10.0; Win64; x64) AppleWebKit/537.36 (KHTML, like Gecko) Chrome/62.0.3202.94 Safari/537.36"
0:0:0:0:0:0:0:1 - - [15/Nov/2017:02:21:15 +0000] "GET /common/header.html HTTP/1.1" 304 0 "http://localhost:8080/admin/" "Mozilla/5.0 (Windows NT 10.0; Win64; x64) AppleWebKit/537.36 (KHTML, like Gecko) Chrome/62.0.3202.94 Safari/537.36"
0:0:0:0:0:0:0:1 - - [15/Nov/2017:02:21:15 +0000] "GET /content/admin/.html HTTP/1.1" 404 334 "http://localhost:8080/admin/" "Mozilla/5.0 (Windows NT 10.0; Win64; x64) AppleWebKit/537.36 (KHTML, like Gecko) Chrome/62.0.3202.94 Safari/537.36"
0:0:0:0:0:0:0:1 - - [15/Nov/2017:02:21:15 +0000] "GET /content/admin/index.html HTTP/1.1" 304 0 "http://localhost:8080/admin/" "Mozilla/5.0 (Windows NT 10.0; Win64; x64) AppleWebKit/537.36 (KHTML, like Gecko) Chrome/62.0.3202.94 Safari/537.36"
0:0:0:0:0:0:0:1 - - [15/Nov/2017:02:21:15 +0000] "GET /assets/js/script/header.js?_=1510712475239 HTTP/1.1" 200 309 "http://localhost:8080/admin/" "Mozilla/5.0 (Windows NT 10.0; Win64; x64) AppleWebKit/537.36 (KHTML, like Gecko) Chrome/62.0.3202.94 Safari/537.36"
0:0:0:0:0:0:0:1 - - [15/Nov/2017:02:21:16 +0000] "GET /assets/img/background/bt_cubs_a.png HTTP/1.1" 304 0 "http://localhost:8080/assets/css/stylesheet.css" "Mozilla/5.0 (Windows NT 10.0; Win64; x64) AppleWebKit/537.36 (KHTML, like Gecko) Chrome/62.0.3202.94 Safari/537.36"
0:0:0:0:0:0:0:1 - - [15/Nov/2017:02:21:17 +0000] "GET /content/admin/produk.html HTTP/1.1" 304 0 "http://localhost:8080/admin/" "Mozilla/5.0 (Windows NT 10.0; Win64; x64) AppleWebKit/537.36 (KHTML, like Gecko) Chrome/62.0.3202.94 Safari/537.36"
0:0:0:0:0:0:0:1 - - [15/Nov/2017:02:21:17 +0000] "GET /assets/js/script/produk.js?_=1510712475240 HTTP/1.1" 200 539 "http://localhost:8080/admin/" "Mozilla/5.0 (Windows NT 10.0; Win64; x64) AppleWebKit/537.36 (KHTML, like Gecko) Chrome/62.0.3202.94 Safari/537.36"
0:0:0:0:0:0:0:1 - - [15/Nov/2017:02:35:09 +0000] "GET /assets/js/script/produk.js?_=1510712475241 HTTP/1.1" 200 539 "http://localhost:8080/admin/" "Mozilla/5.0 (Windows NT 10.0; Win64; x64) AppleWebKit/537.36 (KHTML, like Gecko) Chrome/62.0.3202.94 Safari/537.36"
0:0:0:0:0:0:0:1 - - [15/Nov/2017:02:43:53 +0000] "GET /admin/ HTTP/1.1" 304 0 "-" "Mozilla/5.0 (Windows NT 10.0; Win64; x64) AppleWebKit/537.36 (KHTML, like Gecko) Chrome/62.0.3202.94 Safari/537.36"
0:0:0:0:0:0:0:1 - - [15/Nov/2017:02:43:54 +0000] "GET /assets/js/script/header.js?_=1510713834356 HTTP/1.1" 200 309 "http://localhost:8080/admin/" "Mozilla/5.0 (Windows NT 10.0; Win64; x64) AppleWebKit/537.36 (KHTML, like Gecko) Chrome/62.0.3202.94 Safari/537.36"
0:0:0:0:0:0:0:1 - - [15/Nov/2017:02:43:55 +0000] "GET /assets/js/script/produk.js?_=1510713834357 HTTP/1.1" 200 678 "http://localhost:8080/admin/" "Mozilla/5.0 (Windows NT 10.0; Win64; x64) AppleWebKit/537.36 (KHTML, like Gecko) Chrome/62.0.3202.94 Safari/537.36"
0:0:0:0:0:0:0:1 - - [15/Nov/2017:02:44:29 +0000] "GET /admin/ HTTP/1.1" 304 0 "-" "Mozilla/5.0 (Windows NT 10.0; Win64; x64) AppleWebKit/537.36 (KHTML, like Gecko) Chrome/62.0.3202.94 Safari/537.36"
0:0:0:0:0:0:0:1 - - [15/Nov/2017:02:44:29 +0000] "GET /assets/css/stylesheets.css HTTP/1.1" 304 0 "http://localhost:8081/admin/" "Mozilla/5.0 (Windows NT 10.0; Win64; x64) AppleWebKit/537.36 (KHTML, like Gecko) Chrome/62.0.3202.94 Safari/537.36"
0:0:0:0:0:0:0:1 - - [15/Nov/2017:02:44:29 +0000] "GET /assets/js/plugins/bootstrap/bootstrap.min.js HTTP/1.1" 304 0 "http://localhost:8081/admin/" "Mozilla/5.0 (Windows NT 10.0; Win64; x64) AppleWebKit/537.36 (KHTML, like Gecko) Chrome/62.0.3202.94 Safari/537.36"
0:0:0:0:0:0:0:1 - - [15/Nov/2017:02:44:29 +0000] "GET /assets/js/plugins/datatables/jquery.dataTables.min.js HTTP/1.1" 304 0 "http://localhost:8081/admin/" "Mozilla/5.0 (Windows NT 10.0; Win64; x64) AppleWebKit/537.36 (KHTML, like Gecko) Chrome/62.0.3202.94 Safari/537.36"
0:0:0:0:0:0:0:1 - - [15/Nov/2017:02:44:29 +0000] "GET /assets/js/plugins/jquery/globalize.js HTTP/1.1" 304 0 "http://localhost:8081/admin/" "Mozilla/5.0 (Windows NT 10.0; Win64; x64) AppleWebKit/537.36 (KHTML, like Gecko) Chrome/62.0.3202.94 Safari/537.36"
0:0:0:0:0:0:0:1 - - [15/Nov/2017:02:44:29 +0000] "GET /assets/js/script/admin.js HTTP/1.1" 304 0 "http://localhost:8081/admin/" "Mozilla/5.0 (Windows NT 10.0; Win64; x64) AppleWebKit/537.36 (KHTML, like Gecko) Chrome/62.0.3202.94 Safari/537.36"
0:0:0:0:0:0:0:1 - - [15/Nov/2017:02:44:30 +0000] "GET /assets/js/plugins/mcustomscrollbar/jquery.mCustomScrollbar.min.js HTTP/1.1" 304 0 "http://localhost:8081/admin/" "Mozilla/5.0 (Windows NT 10.0; Win64; x64) AppleWebKit/537.36 (KHTML, like Gecko) Chrome/62.0.3202.94 Safari/537.36"
0:0:0:0:0:0:0:1 - - [15/Nov/2017:02:44:30 +0000] "GET /assets/js/plugins/sparkline/jquery.sparkline.min.js HTTP/1.1" 304 0 "http://localhost:8081/admin/" "Mozilla/5.0 (Windows NT 10.0; Win64; x64) AppleWebKit/537.36 (KHTML, like Gecko) Chrome/62.0.3202.94 Safari/537.36"
0:0:0:0:0:0:0:1 - - [15/Nov/2017:02:44:29 +0000] "GET /assets/js/plugins/jquery/jquery.min.js HTTP/1.1" 304 0 "http://localhost:8081/admin/" "Mozilla/5.0 (Windows NT 10.0; Win64; x64) AppleWebKit/537.36 (KHTML, like Gecko) Chrome/62.0.3202.94 Safari/537.36"
0:0:0:0:0:0:0:1 - - [15/Nov/2017:02:44:29 +0000] "GET /assets/js/plugins/jquery/jquery-migrate.min.js HTTP/1.1" 304 0 "http://localhost:8081/admin/" "Mozilla/5.0 (Windows NT 10.0; Win64; x64) AppleWebKit/537.36 (KHTML, like Gecko) Chrome/62.0.3202.94 Safari/537.36"
0:0:0:0:0:0:0:1 - - [15/Nov/2017:02:44:30 +0000] "GET /assets/js/plugins/uniform/jquery.uniform.min.js HTTP/1.1" 304 0 "http://localhost:8081/admin/" "Mozilla/5.0 (Windows NT 10.0; Win64; x64) AppleWebKit/537.36 (KHTML, like Gecko) Chrome/62.0.3202.94 Safari/537.36"
0:0:0:0:0:0:0:1 - - [15/Nov/2017:02:44:30 +0000] "GET /assets/js/plugins/knob/jquery.knob.js HTTP/1.1" 304 0 "http://localhost:8081/admin/" "Mozilla/5.0 (Windows NT 10.0; Win64; x64) AppleWebKit/537.36 (KHTML, like Gecko) Chrome/62.0.3202.94 Safari/537.36"
0:0:0:0:0:0:0:1 - - [15/Nov/2017:02:44:29 +0000] "GET /assets/js/plugins/jquery/jquery-ui.min.js HTTP/1.1" 304 0 "http://localhost:8081/admin/" "Mozilla/5.0 (Windows NT 10.0; Win64; x64) AppleWebKit/537.36 (KHTML, like Gecko) Chrome/62.0.3202.94 Safari/537.36"
0:0:0:0:0:0:0:1 - - [15/Nov/2017:02:44:30 +0000] "GET /assets/js/plugins/flot/jquery.flot.js HTTP/1.1" 304 0 "http://localhost:8081/admin/" "Mozilla/5.0 (Windows NT 10.0; Win64; x64) AppleWebKit/537.36 (KHTML, like Gecko) Chrome/62.0.3202.94 Safari/537.36"
0:0:0:0:0:0:0:1 - - [15/Nov/2017:02:44:30 +0000] "GET /assets/js/plugins/flot/jquery.flot.resize.js HTTP/1.1" 304 0 "http://localhost:8081/admin/" "Mozilla/5.0 (Windows NT 10.0; Win64; x64) AppleWebKit/537.36 (KHTML, like Gecko) Chrome/62.0.3202.94 Safari/537.36"
0:0:0:0:0:0:0:1 - - [15/Nov/2017:02:44:30 +0000] "GET /assets/css/bootstrap/bootstrap.min.css HTTP/1.1" 304 0 "http://localhost:8081/admin/" "Mozilla/5.0 (Windows NT 10.0; Win64; x64) AppleWebKit/537.36 (KHTML, like Gecko) Chrome/62.0.3202.94 Safari/537.36"
0:0:0:0:0:0:0:1 - - [15/Nov/2017:02:44:31 +0000] "GET /assets/css/jquery/jquery-ui.min.css HTTP/1.1" 304 0 "http://localhost:8081/admin/" "Mozilla/5.0 (Windows NT 10.0; Win64; x64) AppleWebKit/537.36 (KHTML, like Gecko) Chrome/62.0.3202.94 Safari/537.36"
0:0:0:0:0:0:0:1 - - [15/Nov/2017:02:44:31 +0000] "GET /assets/css/mcustomscrollbar/jquery.mCustomScrollbar.css HTTP/1.1" 304 0 "http://localhost:8081/admin/" "Mozilla/5.0 (Windows NT 10.0; Win64; x64) AppleWebKit/537.36 (KHTML, like Gecko) Chrome/62.0.3202.94 Safari/537.36"
0:0:0:0:0:0:0:1 - - [15/Nov/2017:02:44:31 +0000] "GET /assets/css/select2/select2.css HTTP/1.1" 304 0 "http://localhost:8081/admin/" "Mozilla/5.0 (Windows NT 10.0; Win64; x64) AppleWebKit/537.36 (KHTML, like Gecko) Chrome/62.0.3202.94 Safari/537.36"
0:0:0:0:0:0:0:1 - - [15/Nov/2017:02:44:31 +0000] "GET /assets/css/icons/font-awesome.min.css HTTP/1.1" 304 0 "http://localhost:8081/admin/" "Mozilla/5.0 (Windows NT 10.0; Win64; x64) AppleWebKit/537.36 (KHTML, like Gecko) Chrome/62.0.3202.94 Safari/537.36"
0:0:0:0:0:0:0:1 - - [15/Nov/2017:02:44:31 +0000] "GET /assets/css/shbrush/shCoreDefault.css HTTP/1.1" 304 0 "http://localhost:8081/admin/" "Mozilla/5.0 (Windows NT 10.0; Win64; x64) AppleWebKit/537.36 (KHTML, like Gecko) Chrome/62.0.3202.94 Safari/537.36"
0:0:0:0:0:0:0:1 - - [15/Nov/2017:02:44:31 +0000] "GET /assets/css/shbrush/shThemeDefault.css HTTP/1.1" 304 0 "http://localhost:8081/admin/" "Mozilla/5.0 (Windows NT 10.0; Win64; x64) AppleWebKit/537.36 (KHTML, like Gecko) Chrome/62.0.3202.94 Safari/537.36"
0:0:0:0:0:0:0:1 - - [15/Nov/2017:02:44:31 +0000] "GET /assets/css/cleditor/jquery.cleditor.css HTTP/1.1" 304 0 "http://localhost:8081/admin/" "Mozilla/5.0 (Windows NT 10.0; Win64; x64) AppleWebKit/537.36 (KHTML, like Gecko) Chrome/62.0.3202.94 Safari/537.36"
0:0:0:0:0:0:0:1 - - [15/Nov/2017:02:44:31 +0000] "GET /assets/css/codemirror/codemirror.css HTTP/1.1" 304 0 "http://localhost:8081/admin/" "Mozilla/5.0 (Windows NT 10.0; Win64; x64) AppleWebKit/537.36 (KHTML, like Gecko) Chrome/62.0.3202.94 Safari/537.36"
0:0:0:0:0:0:0:1 - - [15/Nov/2017:02:44:31 +0000] "GET /assets/css/fullcalendar/fullcalendar.css HTTP/1.1" 304 0 "http://localhost:8081/admin/" "Mozilla/5.0 (Windows NT 10.0; Win64; x64) AppleWebKit/537.36 (KHTML, like Gecko) Chrome/62.0.3202.94 Safari/537.36"
0:0:0:0:0:0:0:1 - - [15/Nov/2017:02:44:31 +0000] "GET /assets/css/validationengine/validationEngine.css HTTP/1.1" 304 0 "http://localhost:8081/admin/" "Mozilla/5.0 (Windows NT 10.0; Win64; x64) AppleWebKit/537.36 (KHTML, like Gecko) Chrome/62.0.3202.94 Safari/537.36"
0:0:0:0:0:0:0:1 - - [15/Nov/2017:02:44:31 +0000] "GET /assets/css/fancybox/jquery.fancybox.css HTTP/1.1" 304 0 "http://localhost:8081/admin/" "Mozilla/5.0 (Windows NT 10.0; Win64; x64) AppleWebKit/537.36 (KHTML, like Gecko) Chrome/62.0.3202.94 Safari/537.36"
0:0:0:0:0:0:0:1 - - [15/Nov/2017:02:44:31 +0000] "GET /assets/css/elfinder/elfinder.min.css HTTP/1.1" 304 0 "http://localhost:8081/admin/" "Mozilla/5.0 (Windows NT 10.0; Win64; x64) AppleWebKit/537.36 (KHTML, like Gecko) Chrome/62.0.3202.94 Safari/537.36"
0:0:0:0:0:0:0:1 - - [15/Nov/2017:02:44:31 +0000] "GET /assets/css/filetree/jqueryFileTree.css HTTP/1.1" 304 0 "http://localhost:8081/admin/" "Mozilla/5.0 (Windows NT 10.0; Win64; x64) AppleWebKit/537.36 (KHTML, like Gecko) Chrome/62.0.3202.94 Safari/537.36"
0:0:0:0:0:0:0:1 - - [15/Nov/2017:02:44:31 +0000] "GET /assets/css/mystyles.css HTTP/1.1" 304 0 "http://localhost:8081/admin/" "Mozilla/5.0 (Windows NT 10.0; Win64; x64) AppleWebKit/537.36 (KHTML, like Gecko) Chrome/62.0.3202.94 Safari/537.36"
0:0:0:0:0:0:0:1 - - [15/Nov/2017:02:44:31 +0000] "GET /assets/css/themes.css HTTP/1.1" 304 0 "http://localhost:8081/admin/" "Mozilla/5.0 (Windows NT 10.0; Win64; x64) AppleWebKit/537.36 (KHTML, like Gecko) Chrome/62.0.3202.94 Safari/537.36"
0:0:0:0:0:0:0:1 - - [15/Nov/2017:02:44:31 +0000] "GET /assets/css/backgrounds.css HTTP/1.1" 304 0 "http://localhost:8081/admin/" "Mozilla/5.0 (Windows NT 10.0; Win64; x64) AppleWebKit/537.36 (KHTML, like Gecko) Chrome/62.0.3202.94 Safari/537.36"
0:0:0:0:0:0:0:1 - - [15/Nov/2017:02:44:31 +0000] "GET /assets/css/stylesheet.css HTTP/1.1" 304 0 "http://localhost:8081/admin/" "Mozilla/5.0 (Windows NT 10.0; Win64; x64) AppleWebKit/537.36 (KHTML, like Gecko) Chrome/62.0.3202.94 Safari/537.36"
0:0:0:0:0:0:0:1 - - [15/Nov/2017:02:44:31 +0000] "GET /assets/img/background/bg_num1.jpg HTTP/1.1" 304 0 "http://localhost:8081/assets/css/stylesheet.css" "Mozilla/5.0 (Windows NT 10.0; Win64; x64) AppleWebKit/537.36 (KHTML, like Gecko) Chrome/62.0.3202.94 Safari/537.36"
0:0:0:0:0:0:0:1 - - [15/Nov/2017:02:44:32 +0000] "GET /common/header.html HTTP/1.1" 304 0 "http://localhost:8081/admin/" "Mozilla/5.0 (Windows NT 10.0; Win64; x64) AppleWebKit/537.36 (KHTML, like Gecko) Chrome/62.0.3202.94 Safari/537.36"
0:0:0:0:0:0:0:1 - - [15/Nov/2017:02:44:32 +0000] "GET /common/footer.html HTTP/1.1" 304 0 "http://localhost:8081/admin/" "Mozilla/5.0 (Windows NT 10.0; Win64; x64) AppleWebKit/537.36 (KHTML, like Gecko) Chrome/62.0.3202.94 Safari/537.36"
0:0:0:0:0:0:0:1 - - [15/Nov/2017:02:44:32 +0000] "GET /content/admin/index.html HTTP/1.1" 304 0 "http://localhost:8081/admin/" "Mozilla/5.0 (Windows NT 10.0; Win64; x64) AppleWebKit/537.36 (KHTML, like Gecko) Chrome/62.0.3202.94 Safari/537.36"
0:0:0:0:0:0:0:1 - - [15/Nov/2017:02:44:32 +0000] "GET /content/admin/produk.html HTTP/1.1" 200 4192 "http://localhost:8081/admin/" "Mozilla/5.0 (Windows NT 10.0; Win64; x64) AppleWebKit/537.36 (KHTML, like Gecko) Chrome/62.0.3202.94 Safari/537.36"
0:0:0:0:0:0:0:1 - - [15/Nov/2017:02:44:32 +0000] "GET /assets/js/script/header.js?_=1510713871785 HTTP/1.1" 200 309 "http://localhost:8081/admin/" "Mozilla/5.0 (Windows NT 10.0; Win64; x64) AppleWebKit/537.36 (KHTML, like Gecko) Chrome/62.0.3202.94 Safari/537.36"
0:0:0:0:0:0:0:1 - - [15/Nov/2017:02:44:32 +0000] "GET /assets/img/background/bt_cubs.png HTTP/1.1" 304 0 "http://localhost:8081/assets/css/stylesheet.css" "Mozilla/5.0 (Windows NT 10.0; Win64; x64) AppleWebKit/537.36 (KHTML, like Gecko) Chrome/62.0.3202.94 Safari/537.36"
0:0:0:0:0:0:0:1 - - [15/Nov/2017:02:44:32 +0000] "GET /assets/js/script/produk.js?_=1510713871786 HTTP/1.1" 200 678 "http://localhost:8081/admin/" "Mozilla/5.0 (Windows NT 10.0; Win64; x64) AppleWebKit/537.36 (KHTML, like Gecko) Chrome/62.0.3202.94 Safari/537.36"
0:0:0:0:0:0:0:1 - - [15/Nov/2017:02:44:32 +0000] "GET /assets/css/fonts/fontawesome-webfont.woff?v=3.2.1 HTTP/1.1" 304 0 "http://localhost:8081/assets/css/icons/font-awesome.min.css" "Mozilla/5.0 (Windows NT 10.0; Win64; x64) AppleWebKit/537.36 (KHTML, like Gecko) Chrome/62.0.3202.94 Safari/537.36"
0:0:0:0:0:0:0:1 - - [15/Nov/2017:02:44:33 +0000] "GET /favicon.ico HTTP/1.1" 404 326 "http://localhost:8081/admin/" "Mozilla/5.0 (Windows NT 10.0; Win64; x64) AppleWebKit/537.36 (KHTML, like Gecko) Chrome/62.0.3202.94 Safari/537.36"
0:0:0:0:0:0:0:1 - - [15/Nov/2017:02:44:33 +0000] "GET /assets/img/background/bt_cubs_a.png HTTP/1.1" 304 0 "http://localhost:8081/assets/css/stylesheet.css" "Mozilla/5.0 (Windows NT 10.0; Win64; x64) AppleWebKit/537.36 (KHTML, like Gecko) Chrome/62.0.3202.94 Safari/537.36"
0:0:0:0:0:0:0:1 - - [15/Nov/2017:02:45:35 +0000] "GET /admin/ HTTP/1.1" 304 0 "-" "Mozilla/5.0 (Windows NT 10.0; Win64; x64) AppleWebKit/537.36 (KHTML, like Gecko) Chrome/62.0.3202.94 Safari/537.36"
0:0:0:0:0:0:0:1 - - [15/Nov/2017:02:45:36 +0000] "GET /content/admin/produk.html HTTP/1.1" 200 4280 "http://localhost:8081/admin/" "Mozilla/5.0 (Windows NT 10.0; Win64; x64) AppleWebKit/537.36 (KHTML, like Gecko) Chrome/62.0.3202.94 Safari/537.36"
0:0:0:0:0:0:0:1 - - [15/Nov/2017:02:45:36 +0000] "GET /assets/js/script/header.js?_=1510713936314 HTTP/1.1" 200 309 "http://localhost:8081/admin/" "Mozilla/5.0 (Windows NT 10.0; Win64; x64) AppleWebKit/537.36 (KHTML, like Gecko) Chrome/62.0.3202.94 Safari/537.36"
0:0:0:0:0:0:0:1 - - [15/Nov/2017:02:45:37 +0000] "GET /assets/js/script/produk.js?_=1510713936315 HTTP/1.1" 200 678 "http://localhost:8081/admin/" "Mozilla/5.0 (Windows NT 10.0; Win64; x64) AppleWebKit/537.36 (KHTML, like Gecko) Chrome/62.0.3202.94 Safari/537.36"
0:0:0:0:0:0:0:1 - - [15/Nov/2017:02:51:08 +0000] "GET /admin/ HTTP/1.1" 304 0 "-" "Mozilla/5.0 (Windows NT 10.0; Win64; x64) AppleWebKit/537.36 (KHTML, like Gecko) Chrome/62.0.3202.94 Safari/537.36"
0:0:0:0:0:0:0:1 - - [15/Nov/2017:02:51:09 +0000] "GET /content/admin/produk.html HTTP/1.1" 200 4674 "http://localhost:8081/admin/" "Mozilla/5.0 (Windows NT 10.0; Win64; x64) AppleWebKit/537.36 (KHTML, like Gecko) Chrome/62.0.3202.94 Safari/537.36"
0:0:0:0:0:0:0:1 - - [15/Nov/2017:02:51:09 +0000] "GET /assets/js/script/header.js?_=1510714269084 HTTP/1.1" 200 309 "http://localhost:8081/admin/" "Mozilla/5.0 (Windows NT 10.0; Win64; x64) AppleWebKit/537.36 (KHTML, like Gecko) Chrome/62.0.3202.94 Safari/537.36"
0:0:0:0:0:0:0:1 - - [15/Nov/2017:02:51:09 +0000] "GET /assets/js/script/produk.js?_=1510714269085 HTTP/1.1" 200 678 "http://localhost:8081/admin/" "Mozilla/5.0 (Windows NT 10.0; Win64; x64) AppleWebKit/537.36 (KHTML, like Gecko) Chrome/62.0.3202.94 Safari/537.36"
0:0:0:0:0:0:0:1 - - [15/Nov/2017:02:52:05 +0000] "GET /content/admin/secman.html HTTP/1.1" 304 0 "http://localhost:8081/admin/" "Mozilla/5.0 (Windows NT 10.0; Win64; x64) AppleWebKit/537.36 (KHTML, like Gecko) Chrome/62.0.3202.94 Safari/537.36"
0:0:0:0:0:0:0:1 - - [15/Nov/2017:02:52:05 +0000] "GET /assets/js/script/monitoring.js?_=1510714269086 HTTP/1.1" 200 123 "http://localhost:8081/admin/" "Mozilla/5.0 (Windows NT 10.0; Win64; x64) AppleWebKit/537.36 (KHTML, like Gecko) Chrome/62.0.3202.94 Safari/537.36"
0:0:0:0:0:0:0:1 - - [15/Nov/2017:02:52:06 +0000] "GET /content/admin/produk.html HTTP/1.1" 200 4342 "http://localhost:8081/admin/" "Mozilla/5.0 (Windows NT 10.0; Win64; x64) AppleWebKit/537.36 (KHTML, like Gecko) Chrome/62.0.3202.94 Safari/537.36"
0:0:0:0:0:0:0:1 - - [15/Nov/2017:02:52:06 +0000] "GET /assets/js/script/produk.js?_=1510714269087 HTTP/1.1" 200 678 "http://localhost:8081/admin/" "Mozilla/5.0 (Windows NT 10.0; Win64; x64) AppleWebKit/537.36 (KHTML, like Gecko) Chrome/62.0.3202.94 Safari/537.36"
0:0:0:0:0:0:0:1 - - [15/Nov/2017:02:52:07 +0000] "GET /admin/ HTTP/1.1" 304 0 "-" "Mozilla/5.0 (Windows NT 10.0; Win64; x64) AppleWebKit/537.36 (KHTML, like Gecko) Chrome/62.0.3202.94 Safari/537.36"
0:0:0:0:0:0:0:1 - - [15/Nov/2017:02:52:09 +0000] "GET /content/admin/produk.html HTTP/1.1" 304 0 "http://localhost:8081/admin/" "Mozilla/5.0 (Windows NT 10.0; Win64; x64) AppleWebKit/537.36 (KHTML, like Gecko) Chrome/62.0.3202.94 Safari/537.36"
0:0:0:0:0:0:0:1 - - [15/Nov/2017:02:52:09 +0000] "GET /assets/js/script/header.js?_=1510714328629 HTTP/1.1" 200 309 "http://localhost:8081/admin/" "Mozilla/5.0 (Windows NT 10.0; Win64; x64) AppleWebKit/537.36 (KHTML, like Gecko) Chrome/62.0.3202.94 Safari/537.36"
0:0:0:0:0:0:0:1 - - [15/Nov/2017:02:52:09 +0000] "GET /assets/js/script/produk.js?_=1510714328630 HTTP/1.1" 200 678 "http://localhost:8081/admin/" "Mozilla/5.0 (Windows NT 10.0; Win64; x64) AppleWebKit/537.36 (KHTML, like Gecko) Chrome/62.0.3202.94 Safari/537.36"
0:0:0:0:0:0:0:1 - - [15/Nov/2017:02:52:10 +0000] "GET /assets/js/script/monitoring.js?_=1510714328631 HTTP/1.1" 200 123 "http://localhost:8081/admin/" "Mozilla/5.0 (Windows NT 10.0; Win64; x64) AppleWebKit/537.36 (KHTML, like Gecko) Chrome/62.0.3202.94 Safari/537.36"
0:0:0:0:0:0:0:1 - - [15/Nov/2017:02:52:12 +0000] "GET /content/admin/produk.html HTTP/1.1" 304 0 "http://localhost:8081/admin/" "Mozilla/5.0 (Windows NT 10.0; Win64; x64) AppleWebKit/537.36 (KHTML, like Gecko) Chrome/62.0.3202.94 Safari/537.36"
0:0:0:0:0:0:0:1 - - [15/Nov/2017:02:52:12 +0000] "GET /assets/js/script/produk.js?_=1510714328632 HTTP/1.1" 200 678 "http://localhost:8081/admin/" "Mozilla/5.0 (Windows NT 10.0; Win64; x64) AppleWebKit/537.36 (KHTML, like Gecko) Chrome/62.0.3202.94 Safari/537.36"
0:0:0:0:0:0:0:1 - - [15/Nov/2017:02:54:45 +0000] "GET /admin/ HTTP/1.1" 304 0 "-" "Mozilla/5.0 (Windows NT 10.0; Win64; x64) AppleWebKit/537.36 (KHTML, like Gecko) Chrome/62.0.3202.94 Safari/537.36"
0:0:0:0:0:0:0:1 - - [15/Nov/2017:02:54:47 +0000] "GET /content/admin/produk.html HTTP/1.1" 200 4326 "http://localhost:8081/admin/" "Mozilla/5.0 (Windows NT 10.0; Win64; x64) AppleWebKit/537.36 (KHTML, like Gecko) Chrome/62.0.3202.94 Safari/537.36"
0:0:0:0:0:0:0:1 - - [15/Nov/2017:02:54:47 +0000] "GET /assets/js/script/header.js?_=1510714486622 HTTP/1.1" 200 309 "http://localhost:8081/admin/" "Mozilla/5.0 (Windows NT 10.0; Win64; x64) AppleWebKit/537.36 (KHTML, like Gecko) Chrome/62.0.3202.94 Safari/537.36"
0:0:0:0:0:0:0:1 - - [15/Nov/2017:02:54:47 +0000] "GET /assets/js/script/produk.js?_=1510714486623 HTTP/1.1" 200 678 "http://localhost:8081/admin/" "Mozilla/5.0 (Windows NT 10.0; Win64; x64) AppleWebKit/537.36 (KHTML, like Gecko) Chrome/62.0.3202.94 Safari/537.36"
0:0:0:0:0:0:0:1 - - [15/Nov/2017:02:56:35 +0000] "GET /admin/ HTTP/1.1" 304 0 "-" "Mozilla/5.0 (Windows NT 10.0; Win64; x64) AppleWebKit/537.36 (KHTML, like Gecko) Chrome/62.0.3202.94 Safari/537.36"
0:0:0:0:0:0:0:1 - - [15/Nov/2017:02:56:36 +0000] "GET /content/admin/produk.html HTTP/1.1" 200 4323 "http://localhost:8081/admin/" "Mozilla/5.0 (Windows NT 10.0; Win64; x64) AppleWebKit/537.36 (KHTML, like Gecko) Chrome/62.0.3202.94 Safari/537.36"
0:0:0:0:0:0:0:1 - - [15/Nov/2017:02:56:37 +0000] "GET /assets/js/script/header.js?_=1510714596402 HTTP/1.1" 200 309 "http://localhost:8081/admin/" "Mozilla/5.0 (Windows NT 10.0; Win64; x64) AppleWebKit/537.36 (KHTML, like Gecko) Chrome/62.0.3202.94 Safari/537.36"
0:0:0:0:0:0:0:1 - - [15/Nov/2017:02:56:37 +0000] "GET /assets/js/script/produk.js?_=1510714596403 HTTP/1.1" 200 678 "http://localhost:8081/admin/" "Mozilla/5.0 (Windows NT 10.0; Win64; x64) AppleWebKit/537.36 (KHTML, like Gecko) Chrome/62.0.3202.94 Safari/537.36"
0:0:0:0:0:0:0:1 - - [15/Nov/2017:02:56:54 +0000] "GET /admin/ HTTP/1.1" 304 0 "-" "Mozilla/5.0 (Windows NT 10.0; Win64; x64) AppleWebKit/537.36 (KHTML, like Gecko) Chrome/62.0.3202.94 Safari/537.36"
0:0:0:0:0:0:0:1 - - [15/Nov/2017:02:56:55 +0000] "GET /content/admin/produk.html HTTP/1.1" 200 4320 "http://localhost:8081/admin/" "Mozilla/5.0 (Windows NT 10.0; Win64; x64) AppleWebKit/537.36 (KHTML, like Gecko) Chrome/62.0.3202.94 Safari/537.36"
0:0:0:0:0:0:0:1 - - [15/Nov/2017:02:56:55 +0000] "GET /assets/js/script/header.js?_=1510714615212 HTTP/1.1" 200 309 "http://localhost:8081/admin/" "Mozilla/5.0 (Windows NT 10.0; Win64; x64) AppleWebKit/537.36 (KHTML, like Gecko) Chrome/62.0.3202.94 Safari/537.36"
0:0:0:0:0:0:0:1 - - [15/Nov/2017:02:56:56 +0000] "GET /assets/js/script/produk.js?_=1510714615213 HTTP/1.1" 200 678 "http://localhost:8081/admin/" "Mozilla/5.0 (Windows NT 10.0; Win64; x64) AppleWebKit/537.36 (KHTML, like Gecko) Chrome/62.0.3202.94 Safari/537.36"
0:0:0:0:0:0:0:1 - - [15/Nov/2017:02:57:32 +0000] "GET /admin/ HTTP/1.1" 304 0 "-" "Mozilla/5.0 (Windows NT 10.0; Win64; x64) AppleWebKit/537.36 (KHTML, like Gecko) Chrome/62.0.3202.94 Safari/537.36"
0:0:0:0:0:0:0:1 - - [15/Nov/2017:02:57:33 +0000] "GET /content/admin/produk.html HTTP/1.1" 200 4310 "http://localhost:8081/admin/" "Mozilla/5.0 (Windows NT 10.0; Win64; x64) AppleWebKit/537.36 (KHTML, like Gecko) Chrome/62.0.3202.94 Safari/537.36"
0:0:0:0:0:0:0:1 - - [15/Nov/2017:02:57:33 +0000] "GET /assets/js/script/header.js?_=1510714653012 HTTP/1.1" 200 309 "http://localhost:8081/admin/" "Mozilla/5.0 (Windows NT 10.0; Win64; x64) AppleWebKit/537.36 (KHTML, like Gecko) Chrome/62.0.3202.94 Safari/537.36"
0:0:0:0:0:0:0:1 - - [15/Nov/2017:02:57:33 +0000] "GET /assets/js/script/produk.js?_=1510714653013 HTTP/1.1" 200 678 "http://localhost:8081/admin/" "Mozilla/5.0 (Windows NT 10.0; Win64; x64) AppleWebKit/537.36 (KHTML, like Gecko) Chrome/62.0.3202.94 Safari/537.36"
0:0:0:0:0:0:0:1 - - [15/Nov/2017:02:58:13 +0000] "GET /admin/ HTTP/1.1" 304 0 "-" "Mozilla/5.0 (Windows NT 10.0; Win64; x64) AppleWebKit/537.36 (KHTML, like Gecko) Chrome/62.0.3202.94 Safari/537.36"
0:0:0:0:0:0:0:1 - - [15/Nov/2017:02:58:14 +0000] "GET /content/admin/produk.html HTTP/1.1" 200 4331 "http://localhost:8081/admin/" "Mozilla/5.0 (Windows NT 10.0; Win64; x64) AppleWebKit/537.36 (KHTML, like Gecko) Chrome/62.0.3202.94 Safari/537.36"
0:0:0:0:0:0:0:1 - - [15/Nov/2017:02:58:14 +0000] "GET /assets/js/script/header.js?_=1510714693891 HTTP/1.1" 200 309 "http://localhost:8081/admin/" "Mozilla/5.0 (Windows NT 10.0; Win64; x64) AppleWebKit/537.36 (KHTML, like Gecko) Chrome/62.0.3202.94 Safari/537.36"
0:0:0:0:0:0:0:1 - - [15/Nov/2017:02:58:14 +0000] "GET /assets/js/script/produk.js?_=1510714693892 HTTP/1.1" 200 678 "http://localhost:8081/admin/" "Mozilla/5.0 (Windows NT 10.0; Win64; x64) AppleWebKit/537.36 (KHTML, like Gecko) Chrome/62.0.3202.94 Safari/537.36"
0:0:0:0:0:0:0:1 - - [15/Nov/2017:02:58:56 +0000] "GET /admin/ HTTP/1.1" 304 0 "-" "Mozilla/5.0 (Windows NT 10.0; Win64; x64) AppleWebKit/537.36 (KHTML, like Gecko) Chrome/62.0.3202.94 Safari/537.36"
0:0:0:0:0:0:0:1 - - [15/Nov/2017:02:58:57 +0000] "GET /content/admin/produk.html HTTP/1.1" 200 4306 "http://localhost:8081/admin/" "Mozilla/5.0 (Windows NT 10.0; Win64; x64) AppleWebKit/537.36 (KHTML, like Gecko) Chrome/62.0.3202.94 Safari/537.36"
0:0:0:0:0:0:0:1 - - [15/Nov/2017:02:58:57 +0000] "GET /assets/js/script/header.js?_=1510714736737 HTTP/1.1" 200 309 "http://localhost:8081/admin/" "Mozilla/5.0 (Windows NT 10.0; Win64; x64) AppleWebKit/537.36 (KHTML, like Gecko) Chrome/62.0.3202.94 Safari/537.36"
0:0:0:0:0:0:0:1 - - [15/Nov/2017:02:58:57 +0000] "GET /assets/js/script/produk.js?_=1510714736738 HTTP/1.1" 200 678 "http://localhost:8081/admin/" "Mozilla/5.0 (Windows NT 10.0; Win64; x64) AppleWebKit/537.36 (KHTML, like Gecko) Chrome/62.0.3202.94 Safari/537.36"
0:0:0:0:0:0:0:1 - - [15/Nov/2017:02:59:14 +0000] "GET /admin/ HTTP/1.1" 304 0 "-" "Mozilla/5.0 (Windows NT 10.0; Win64; x64) AppleWebKit/537.36 (KHTML, like Gecko) Chrome/62.0.3202.94 Safari/537.36"
0:0:0:0:0:0:0:1 - - [15/Nov/2017:02:59:15 +0000] "GET /content/admin/produk.html HTTP/1.1" 200 4292 "http://localhost:8081/admin/" "Mozilla/5.0 (Windows NT 10.0; Win64; x64) AppleWebKit/537.36 (KHTML, like Gecko) Chrome/62.0.3202.94 Safari/537.36"
0:0:0:0:0:0:0:1 - - [15/Nov/2017:02:59:16 +0000] "GET /assets/js/script/header.js?_=1510714755328 HTTP/1.1" 200 309 "http://localhost:8081/admin/" "Mozilla/5.0 (Windows NT 10.0; Win64; x64) AppleWebKit/537.36 (KHTML, like Gecko) Chrome/62.0.3202.94 Safari/537.36"
0:0:0:0:0:0:0:1 - - [15/Nov/2017:02:59:16 +0000] "GET /assets/js/script/produk.js?_=1510714755329 HTTP/1.1" 200 678 "http://localhost:8081/admin/" "Mozilla/5.0 (Windows NT 10.0; Win64; x64) AppleWebKit/537.36 (KHTML, like Gecko) Chrome/62.0.3202.94 Safari/537.36"
