0:0:0:0:0:0:0:1 - - [17/Nov/2017:01:53:09 +0000] "GET /admin/ HTTP/1.1" 304 0 "-" "Mozilla/5.0 (Windows NT 10.0; Win64; x64) AppleWebKit/537.36 (KHTML, like Gecko) Chrome/62.0.3202.94 Safari/537.36"
0:0:0:0:0:0:0:1 - - [17/Nov/2017:01:53:10 +0000] "GET /assets/js/plugins/jquery/jquery.min.js HTTP/1.1" 304 0 "http://localhost:8081/admin/" "Mozilla/5.0 (Windows NT 10.0; Win64; x64) AppleWebKit/537.36 (KHTML, like Gecko) Chrome/62.0.3202.94 Safari/537.36"
0:0:0:0:0:0:0:1 - - [17/Nov/2017:01:53:10 +0000] "GET /assets/js/plugins/jquery/jquery-migrate.min.js HTTP/1.1" 304 0 "http://localhost:8081/admin/" "Mozilla/5.0 (Windows NT 10.0; Win64; x64) AppleWebKit/537.36 (KHTML, like Gecko) Chrome/62.0.3202.94 Safari/537.36"
0:0:0:0:0:0:0:1 - - [17/Nov/2017:01:53:10 +0000] "GET /assets/css/stylesheets.css HTTP/1.1" 304 0 "http://localhost:8081/admin/" "Mozilla/5.0 (Windows NT 10.0; Win64; x64) AppleWebKit/537.36 (KHTML, like Gecko) Chrome/62.0.3202.94 Safari/537.36"
0:0:0:0:0:0:0:1 - - [17/Nov/2017:01:53:10 +0000] "GET /assets/js/plugins/jquery/jquery-ui.min.js HTTP/1.1" 304 0 "http://localhost:8081/admin/" "Mozilla/5.0 (Windows NT 10.0; Win64; x64) AppleWebKit/537.36 (KHTML, like Gecko) Chrome/62.0.3202.94 Safari/537.36"
0:0:0:0:0:0:0:1 - - [17/Nov/2017:01:53:10 +0000] "GET /assets/js/plugins/bootstrap/bootstrap.min.js HTTP/1.1" 304 0 "http://localhost:8081/admin/" "Mozilla/5.0 (Windows NT 10.0; Win64; x64) AppleWebKit/537.36 (KHTML, like Gecko) Chrome/62.0.3202.94 Safari/537.36"
0:0:0:0:0:0:0:1 - - [17/Nov/2017:01:53:10 +0000] "GET /assets/js/plugins/datatables/jquery.dataTables.min.js HTTP/1.1" 304 0 "http://localhost:8081/admin/" "Mozilla/5.0 (Windows NT 10.0; Win64; x64) AppleWebKit/537.36 (KHTML, like Gecko) Chrome/62.0.3202.94 Safari/537.36"
0:0:0:0:0:0:0:1 - - [17/Nov/2017:01:53:10 +0000] "GET /assets/js/plugins/jquery/globalize.js HTTP/1.1" 304 0 "http://localhost:8081/admin/" "Mozilla/5.0 (Windows NT 10.0; Win64; x64) AppleWebKit/537.36 (KHTML, like Gecko) Chrome/62.0.3202.94 Safari/537.36"
0:0:0:0:0:0:0:1 - - [17/Nov/2017:01:53:10 +0000] "GET /assets/js/script/admin.js HTTP/1.1" 304 0 "http://localhost:8081/admin/" "Mozilla/5.0 (Windows NT 10.0; Win64; x64) AppleWebKit/537.36 (KHTML, like Gecko) Chrome/62.0.3202.94 Safari/537.36"
0:0:0:0:0:0:0:1 - - [17/Nov/2017:01:53:10 +0000] "GET /assets/js/plugins/mcustomscrollbar/jquery.mCustomScrollbar.min.js HTTP/1.1" 304 0 "http://localhost:8081/admin/" "Mozilla/5.0 (Windows NT 10.0; Win64; x64) AppleWebKit/537.36 (KHTML, like Gecko) Chrome/62.0.3202.94 Safari/537.36"
0:0:0:0:0:0:0:1 - - [17/Nov/2017:01:53:10 +0000] "GET /assets/js/plugins/uniform/jquery.uniform.min.js HTTP/1.1" 304 0 "http://localhost:8081/admin/" "Mozilla/5.0 (Windows NT 10.0; Win64; x64) AppleWebKit/537.36 (KHTML, like Gecko) Chrome/62.0.3202.94 Safari/537.36"
0:0:0:0:0:0:0:1 - - [17/Nov/2017:01:53:10 +0000] "GET /assets/js/plugins/knob/jquery.knob.js HTTP/1.1" 304 0 "http://localhost:8081/admin/" "Mozilla/5.0 (Windows NT 10.0; Win64; x64) AppleWebKit/537.36 (KHTML, like Gecko) Chrome/62.0.3202.94 Safari/537.36"
0:0:0:0:0:0:0:1 - - [17/Nov/2017:01:53:10 +0000] "GET /assets/js/plugins/sparkline/jquery.sparkline.min.js HTTP/1.1" 304 0 "http://localhost:8081/admin/" "Mozilla/5.0 (Windows NT 10.0; Win64; x64) AppleWebKit/537.36 (KHTML, like Gecko) Chrome/62.0.3202.94 Safari/537.36"
0:0:0:0:0:0:0:1 - - [17/Nov/2017:01:53:10 +0000] "GET /assets/js/plugins/flot/jquery.flot.js HTTP/1.1" 304 0 "http://localhost:8081/admin/" "Mozilla/5.0 (Windows NT 10.0; Win64; x64) AppleWebKit/537.36 (KHTML, like Gecko) Chrome/62.0.3202.94 Safari/537.36"
0:0:0:0:0:0:0:1 - - [17/Nov/2017:01:53:10 +0000] "GET /assets/js/plugins/flot/jquery.flot.resize.js HTTP/1.1" 304 0 "http://localhost:8081/admin/" "Mozilla/5.0 (Windows NT 10.0; Win64; x64) AppleWebKit/537.36 (KHTML, like Gecko) Chrome/62.0.3202.94 Safari/537.36"
0:0:0:0:0:0:0:1 - - [17/Nov/2017:01:53:11 +0000] "GET /assets/css/bootstrap/bootstrap.min.css HTTP/1.1" 304 0 "http://localhost:8081/admin/" "Mozilla/5.0 (Windows NT 10.0; Win64; x64) AppleWebKit/537.36 (KHTML, like Gecko) Chrome/62.0.3202.94 Safari/537.36"
0:0:0:0:0:0:0:1 - - [17/Nov/2017:01:53:11 +0000] "GET /assets/css/jquery/jquery-ui.min.css HTTP/1.1" 304 0 "http://localhost:8081/admin/" "Mozilla/5.0 (Windows NT 10.0; Win64; x64) AppleWebKit/537.36 (KHTML, like Gecko) Chrome/62.0.3202.94 Safari/537.36"
0:0:0:0:0:0:0:1 - - [17/Nov/2017:01:53:11 +0000] "GET /assets/css/select2/select2.css HTTP/1.1" 304 0 "http://localhost:8081/admin/" "Mozilla/5.0 (Windows NT 10.0; Win64; x64) AppleWebKit/537.36 (KHTML, like Gecko) Chrome/62.0.3202.94 Safari/537.36"
0:0:0:0:0:0:0:1 - - [17/Nov/2017:01:53:11 +0000] "GET /assets/css/icons/font-awesome.min.css HTTP/1.1" 304 0 "http://localhost:8081/admin/" "Mozilla/5.0 (Windows NT 10.0; Win64; x64) AppleWebKit/537.36 (KHTML, like Gecko) Chrome/62.0.3202.94 Safari/537.36"
0:0:0:0:0:0:0:1 - - [17/Nov/2017:01:53:11 +0000] "GET /assets/css/shbrush/shCoreDefault.css HTTP/1.1" 304 0 "http://localhost:8081/admin/" "Mozilla/5.0 (Windows NT 10.0; Win64; x64) AppleWebKit/537.36 (KHTML, like Gecko) Chrome/62.0.3202.94 Safari/537.36"
0:0:0:0:0:0:0:1 - - [17/Nov/2017:01:53:11 +0000] "GET /assets/css/mcustomscrollbar/jquery.mCustomScrollbar.css HTTP/1.1" 304 0 "http://localhost:8081/admin/" "Mozilla/5.0 (Windows NT 10.0; Win64; x64) AppleWebKit/537.36 (KHTML, like Gecko) Chrome/62.0.3202.94 Safari/537.36"
0:0:0:0:0:0:0:1 - - [17/Nov/2017:01:53:11 +0000] "GET /assets/css/shbrush/shThemeDefault.css HTTP/1.1" 304 0 "http://localhost:8081/admin/" "Mozilla/5.0 (Windows NT 10.0; Win64; x64) AppleWebKit/537.36 (KHTML, like Gecko) Chrome/62.0.3202.94 Safari/537.36"
0:0:0:0:0:0:0:1 - - [17/Nov/2017:01:53:11 +0000] "GET /assets/css/codemirror/codemirror.css HTTP/1.1" 304 0 "http://localhost:8081/admin/" "Mozilla/5.0 (Windows NT 10.0; Win64; x64) AppleWebKit/537.36 (KHTML, like Gecko) Chrome/62.0.3202.94 Safari/537.36"
0:0:0:0:0:0:0:1 - - [17/Nov/2017:01:53:11 +0000] "GET /assets/css/cleditor/jquery.cleditor.css HTTP/1.1" 304 0 "http://localhost:8081/admin/" "Mozilla/5.0 (Windows NT 10.0; Win64; x64) AppleWebKit/537.36 (KHTML, like Gecko) Chrome/62.0.3202.94 Safari/537.36"
0:0:0:0:0:0:0:1 - - [17/Nov/2017:01:53:11 +0000] "GET /assets/css/validationengine/validationEngine.css HTTP/1.1" 304 0 "http://localhost:8081/admin/" "Mozilla/5.0 (Windows NT 10.0; Win64; x64) AppleWebKit/537.36 (KHTML, like Gecko) Chrome/62.0.3202.94 Safari/537.36"
0:0:0:0:0:0:0:1 - - [17/Nov/2017:01:53:11 +0000] "GET /assets/css/fancybox/jquery.fancybox.css HTTP/1.1" 304 0 "http://localhost:8081/admin/" "Mozilla/5.0 (Windows NT 10.0; Win64; x64) AppleWebKit/537.36 (KHTML, like Gecko) Chrome/62.0.3202.94 Safari/537.36"
0:0:0:0:0:0:0:1 - - [17/Nov/2017:01:53:11 +0000] "GET /assets/css/fullcalendar/fullcalendar.css HTTP/1.1" 304 0 "http://localhost:8081/admin/" "Mozilla/5.0 (Windows NT 10.0; Win64; x64) AppleWebKit/537.36 (KHTML, like Gecko) Chrome/62.0.3202.94 Safari/537.36"
0:0:0:0:0:0:0:1 - - [17/Nov/2017:01:53:11 +0000] "GET /assets/css/filetree/jqueryFileTree.css HTTP/1.1" 304 0 "http://localhost:8081/admin/" "Mozilla/5.0 (Windows NT 10.0; Win64; x64) AppleWebKit/537.36 (KHTML, like Gecko) Chrome/62.0.3202.94 Safari/537.36"
0:0:0:0:0:0:0:1 - - [17/Nov/2017:01:53:11 +0000] "GET /assets/css/elfinder/elfinder.min.css HTTP/1.1" 304 0 "http://localhost:8081/admin/" "Mozilla/5.0 (Windows NT 10.0; Win64; x64) AppleWebKit/537.36 (KHTML, like Gecko) Chrome/62.0.3202.94 Safari/537.36"
0:0:0:0:0:0:0:1 - - [17/Nov/2017:01:53:11 +0000] "GET /assets/css/backgrounds.css HTTP/1.1" 304 0 "http://localhost:8081/admin/" "Mozilla/5.0 (Windows NT 10.0; Win64; x64) AppleWebKit/537.36 (KHTML, like Gecko) Chrome/62.0.3202.94 Safari/537.36"
0:0:0:0:0:0:0:1 - - [17/Nov/2017:01:53:11 +0000] "GET /assets/css/mystyles.css HTTP/1.1" 304 0 "http://localhost:8081/admin/" "Mozilla/5.0 (Windows NT 10.0; Win64; x64) AppleWebKit/537.36 (KHTML, like Gecko) Chrome/62.0.3202.94 Safari/537.36"
0:0:0:0:0:0:0:1 - - [17/Nov/2017:01:53:11 +0000] "GET /assets/css/themes.css HTTP/1.1" 304 0 "http://localhost:8081/admin/" "Mozilla/5.0 (Windows NT 10.0; Win64; x64) AppleWebKit/537.36 (KHTML, like Gecko) Chrome/62.0.3202.94 Safari/537.36"
0:0:0:0:0:0:0:1 - - [17/Nov/2017:01:53:11 +0000] "GET /assets/css/stylesheet.css HTTP/1.1" 304 0 "http://localhost:8081/admin/" "Mozilla/5.0 (Windows NT 10.0; Win64; x64) AppleWebKit/537.36 (KHTML, like Gecko) Chrome/62.0.3202.94 Safari/537.36"
0:0:0:0:0:0:0:1 - - [17/Nov/2017:01:53:11 +0000] "GET /assets/img/background/bg_num1.jpg HTTP/1.1" 304 0 "http://localhost:8081/assets/css/stylesheet.css" "Mozilla/5.0 (Windows NT 10.0; Win64; x64) AppleWebKit/537.36 (KHTML, like Gecko) Chrome/62.0.3202.94 Safari/537.36"
0:0:0:0:0:0:0:1 - - [17/Nov/2017:01:53:11 +0000] "GET /common/header.html HTTP/1.1" 304 0 "http://localhost:8081/admin/" "Mozilla/5.0 (Windows NT 10.0; Win64; x64) AppleWebKit/537.36 (KHTML, like Gecko) Chrome/62.0.3202.94 Safari/537.36"
0:0:0:0:0:0:0:1 - - [17/Nov/2017:01:53:11 +0000] "GET /common/footer.html HTTP/1.1" 304 0 "http://localhost:8081/admin/" "Mozilla/5.0 (Windows NT 10.0; Win64; x64) AppleWebKit/537.36 (KHTML, like Gecko) Chrome/62.0.3202.94 Safari/537.36"
0:0:0:0:0:0:0:1 - - [17/Nov/2017:01:53:11 +0000] "GET /content/admin/produk.html HTTP/1.1" 304 0 "http://localhost:8081/admin/" "Mozilla/5.0 (Windows NT 10.0; Win64; x64) AppleWebKit/537.36 (KHTML, like Gecko) Chrome/62.0.3202.94 Safari/537.36"
0:0:0:0:0:0:0:1 - - [17/Nov/2017:01:53:11 +0000] "GET /content/admin/index.html HTTP/1.1" 304 0 "http://localhost:8081/admin/" "Mozilla/5.0 (Windows NT 10.0; Win64; x64) AppleWebKit/537.36 (KHTML, like Gecko) Chrome/62.0.3202.94 Safari/537.36"
0:0:0:0:0:0:0:1 - - [17/Nov/2017:01:53:11 +0000] "GET /assets/js/script/header.js?_=1510883591648 HTTP/1.1" 200 309 "http://localhost:8081/admin/" "Mozilla/5.0 (Windows NT 10.0; Win64; x64) AppleWebKit/537.36 (KHTML, like Gecko) Chrome/62.0.3202.94 Safari/537.36"
0:0:0:0:0:0:0:1 - - [17/Nov/2017:01:53:11 +0000] "GET /assets/img/background/bt_cubs.png HTTP/1.1" 304 0 "http://localhost:8081/assets/css/stylesheet.css" "Mozilla/5.0 (Windows NT 10.0; Win64; x64) AppleWebKit/537.36 (KHTML, like Gecko) Chrome/62.0.3202.94 Safari/537.36"
0:0:0:0:0:0:0:1 - - [17/Nov/2017:01:53:11 +0000] "GET /assets/js/script/produk.js?_=1510883591649 HTTP/1.1" 200 754 "http://localhost:8081/admin/" "Mozilla/5.0 (Windows NT 10.0; Win64; x64) AppleWebKit/537.36 (KHTML, like Gecko) Chrome/62.0.3202.94 Safari/537.36"
0:0:0:0:0:0:0:1 - - [17/Nov/2017:01:53:12 +0000] "GET /assets/css/fonts/fontawesome-webfont.woff?v=3.2.1 HTTP/1.1" 304 0 "http://localhost:8081/assets/css/icons/font-awesome.min.css" "Mozilla/5.0 (Windows NT 10.0; Win64; x64) AppleWebKit/537.36 (KHTML, like Gecko) Chrome/62.0.3202.94 Safari/537.36"
0:0:0:0:0:0:0:1 - - [17/Nov/2017:01:53:12 +0000] "GET /favicon.ico HTTP/1.1" 404 326 "http://localhost:8081/admin/" "Mozilla/5.0 (Windows NT 10.0; Win64; x64) AppleWebKit/537.36 (KHTML, like Gecko) Chrome/62.0.3202.94 Safari/537.36"
0:0:0:0:0:0:0:1 - - [17/Nov/2017:01:53:13 +0000] "GET /assets/img/background/bt_cubs_a.png HTTP/1.1" 304 0 "http://localhost:8081/assets/css/stylesheet.css" "Mozilla/5.0 (Windows NT 10.0; Win64; x64) AppleWebKit/537.36 (KHTML, like Gecko) Chrome/62.0.3202.94 Safari/537.36"
0:0:0:0:0:0:0:1 - - [17/Nov/2017:01:53:14 +0000] "GET /assets/js/script/produk.js?_=1510883591650 HTTP/1.1" 200 754 "http://localhost:8081/admin/" "Mozilla/5.0 (Windows NT 10.0; Win64; x64) AppleWebKit/537.36 (KHTML, like Gecko) Chrome/62.0.3202.94 Safari/537.36"
0:0:0:0:0:0:0:1 - - [17/Nov/2017:01:53:14 +0000] "GET /assets/js/script/produk.js?_=1510883591651 HTTP/1.1" 200 754 "http://localhost:8081/admin/" "Mozilla/5.0 (Windows NT 10.0; Win64; x64) AppleWebKit/537.36 (KHTML, like Gecko) Chrome/62.0.3202.94 Safari/537.36"
0:0:0:0:0:0:0:1 - - [17/Nov/2017:01:54:04 +0000] "GET /admin/ HTTP/1.1" 304 0 "-" "Mozilla/5.0 (Windows NT 10.0; Win64; x64) AppleWebKit/537.36 (KHTML, like Gecko) Chrome/62.0.3202.94 Safari/537.36"
0:0:0:0:0:0:0:1 - - [17/Nov/2017:01:54:04 +0000] "GET /assets/js/script/header.js?_=1510883644361 HTTP/1.1" 200 309 "http://localhost:8081/admin/" "Mozilla/5.0 (Windows NT 10.0; Win64; x64) AppleWebKit/537.36 (KHTML, like Gecko) Chrome/62.0.3202.94 Safari/537.36"
0:0:0:0:0:0:0:1 - - [17/Nov/2017:01:54:04 +0000] "GET /assets/js/script/produk.js?_=1510883644362 HTTP/1.1" 200 748 "http://localhost:8081/admin/" "Mozilla/5.0 (Windows NT 10.0; Win64; x64) AppleWebKit/537.36 (KHTML, like Gecko) Chrome/62.0.3202.94 Safari/537.36"
0:0:0:0:0:0:0:1 - - [17/Nov/2017:01:54:41 +0000] "GET /admin/ HTTP/1.1" 304 0 "-" "Mozilla/5.0 (Windows NT 10.0; Win64; x64) AppleWebKit/537.36 (KHTML, like Gecko) Chrome/62.0.3202.94 Safari/537.36"
0:0:0:0:0:0:0:1 - - [17/Nov/2017:01:54:42 +0000] "GET /assets/js/script/header.js?_=1510883681982 HTTP/1.1" 200 309 "http://localhost:8081/admin/" "Mozilla/5.0 (Windows NT 10.0; Win64; x64) AppleWebKit/537.36 (KHTML, like Gecko) Chrome/62.0.3202.94 Safari/537.36"
0:0:0:0:0:0:0:1 - - [17/Nov/2017:01:54:42 +0000] "GET /assets/js/script/produk.js?_=1510883681983 HTTP/1.1" 200 749 "http://localhost:8081/admin/" "Mozilla/5.0 (Windows NT 10.0; Win64; x64) AppleWebKit/537.36 (KHTML, like Gecko) Chrome/62.0.3202.94 Safari/537.36"
0:0:0:0:0:0:0:1 - - [17/Nov/2017:01:56:24 +0000] "GET /admin/ HTTP/1.1" 304 0 "-" "Mozilla/5.0 (Windows NT 10.0; Win64; x64) AppleWebKit/537.36 (KHTML, like Gecko) Chrome/62.0.3202.94 Safari/537.36"
0:0:0:0:0:0:0:1 - - [17/Nov/2017:01:56:25 +0000] "GET /assets/js/script/header.js?_=1510883785361 HTTP/1.1" 200 309 "http://localhost:8081/admin/" "Mozilla/5.0 (Windows NT 10.0; Win64; x64) AppleWebKit/537.36 (KHTML, like Gecko) Chrome/62.0.3202.94 Safari/537.36"
0:0:0:0:0:0:0:1 - - [17/Nov/2017:01:56:25 +0000] "GET /assets/js/script/produk.js?_=1510883785362 HTTP/1.1" 200 756 "http://localhost:8081/admin/" "Mozilla/5.0 (Windows NT 10.0; Win64; x64) AppleWebKit/537.36 (KHTML, like Gecko) Chrome/62.0.3202.94 Safari/537.36"
0:0:0:0:0:0:0:1 - - [17/Nov/2017:01:59:58 +0000] "GET /admin/ HTTP/1.1" 304 0 "-" "Mozilla/5.0 (Windows NT 10.0; Win64; x64) AppleWebKit/537.36 (KHTML, like Gecko) Chrome/62.0.3202.94 Safari/537.36"
0:0:0:0:0:0:0:1 - - [17/Nov/2017:01:59:59 +0000] "GET /assets/css/stylesheets.css HTTP/1.1" 304 0 "http://localhost:8080/admin/" "Mozilla/5.0 (Windows NT 10.0; Win64; x64) AppleWebKit/537.36 (KHTML, like Gecko) Chrome/62.0.3202.94 Safari/537.36"
0:0:0:0:0:0:0:1 - - [17/Nov/2017:01:59:59 +0000] "GET /assets/js/plugins/jquery/jquery-ui.min.js HTTP/1.1" 304 0 "http://localhost:8080/admin/" "Mozilla/5.0 (Windows NT 10.0; Win64; x64) AppleWebKit/537.36 (KHTML, like Gecko) Chrome/62.0.3202.94 Safari/537.36"
0:0:0:0:0:0:0:1 - - [17/Nov/2017:01:59:59 +0000] "GET /assets/js/plugins/jquery/jquery.min.js HTTP/1.1" 304 0 "http://localhost:8080/admin/" "Mozilla/5.0 (Windows NT 10.0; Win64; x64) AppleWebKit/537.36 (KHTML, like Gecko) Chrome/62.0.3202.94 Safari/537.36"
0:0:0:0:0:0:0:1 - - [17/Nov/2017:01:59:59 +0000] "GET /assets/js/script/admin.js HTTP/1.1" 200 623 "http://localhost:8080/admin/" "Mozilla/5.0 (Windows NT 10.0; Win64; x64) AppleWebKit/537.36 (KHTML, like Gecko) Chrome/62.0.3202.94 Safari/537.36"
0:0:0:0:0:0:0:1 - - [17/Nov/2017:01:59:59 +0000] "GET /assets/js/plugins/jquery/globalize.js HTTP/1.1" 304 0 "http://localhost:8080/admin/" "Mozilla/5.0 (Windows NT 10.0; Win64; x64) AppleWebKit/537.36 (KHTML, like Gecko) Chrome/62.0.3202.94 Safari/537.36"
0:0:0:0:0:0:0:1 - - [17/Nov/2017:01:59:59 +0000] "GET /assets/js/plugins/mcustomscrollbar/jquery.mCustomScrollbar.min.js HTTP/1.1" 304 0 "http://localhost:8080/admin/" "Mozilla/5.0 (Windows NT 10.0; Win64; x64) AppleWebKit/537.36 (KHTML, like Gecko) Chrome/62.0.3202.94 Safari/537.36"
0:0:0:0:0:0:0:1 - - [17/Nov/2017:01:59:59 +0000] "GET /assets/js/plugins/datatables/jquery.dataTables.min.js HTTP/1.1" 304 0 "http://localhost:8080/admin/" "Mozilla/5.0 (Windows NT 10.0; Win64; x64) AppleWebKit/537.36 (KHTML, like Gecko) Chrome/62.0.3202.94 Safari/537.36"
0:0:0:0:0:0:0:1 - - [17/Nov/2017:01:59:59 +0000] "GET /assets/js/plugins/bootstrap/bootstrap.min.js HTTP/1.1" 304 0 "http://localhost:8080/admin/" "Mozilla/5.0 (Windows NT 10.0; Win64; x64) AppleWebKit/537.36 (KHTML, like Gecko) Chrome/62.0.3202.94 Safari/537.36"
0:0:0:0:0:0:0:1 - - [17/Nov/2017:01:59:59 +0000] "GET /assets/js/plugins/jquery/jquery-migrate.min.js HTTP/1.1" 304 0 "http://localhost:8080/admin/" "Mozilla/5.0 (Windows NT 10.0; Win64; x64) AppleWebKit/537.36 (KHTML, like Gecko) Chrome/62.0.3202.94 Safari/537.36"
0:0:0:0:0:0:0:1 - - [17/Nov/2017:01:59:59 +0000] "GET /assets/js/plugins/uniform/jquery.uniform.min.js HTTP/1.1" 304 0 "http://localhost:8080/admin/" "Mozilla/5.0 (Windows NT 10.0; Win64; x64) AppleWebKit/537.36 (KHTML, like Gecko) Chrome/62.0.3202.94 Safari/537.36"
0:0:0:0:0:0:0:1 - - [17/Nov/2017:01:59:59 +0000] "GET /assets/js/plugins/sparkline/jquery.sparkline.min.js HTTP/1.1" 304 0 "http://localhost:8080/admin/" "Mozilla/5.0 (Windows NT 10.0; Win64; x64) AppleWebKit/537.36 (KHTML, like Gecko) Chrome/62.0.3202.94 Safari/537.36"
0:0:0:0:0:0:0:1 - - [17/Nov/2017:01:59:59 +0000] "GET /assets/js/plugins/flot/jquery.flot.resize.js HTTP/1.1" 304 0 "http://localhost:8080/admin/" "Mozilla/5.0 (Windows NT 10.0; Win64; x64) AppleWebKit/537.36 (KHTML, like Gecko) Chrome/62.0.3202.94 Safari/537.36"
0:0:0:0:0:0:0:1 - - [17/Nov/2017:01:59:59 +0000] "GET /assets/js/plugins/knob/jquery.knob.js HTTP/1.1" 304 0 "http://localhost:8080/admin/" "Mozilla/5.0 (Windows NT 10.0; Win64; x64) AppleWebKit/537.36 (KHTML, like Gecko) Chrome/62.0.3202.94 Safari/537.36"
0:0:0:0:0:0:0:1 - - [17/Nov/2017:01:59:59 +0000] "GET /assets/css/jquery/jquery-ui.min.css HTTP/1.1" 200 27289 "http://localhost:8080/admin/" "Mozilla/5.0 (Windows NT 10.0; Win64; x64) AppleWebKit/537.36 (KHTML, like Gecko) Chrome/62.0.3202.94 Safari/537.36"
0:0:0:0:0:0:0:1 - - [17/Nov/2017:01:59:59 +0000] "GET /assets/css/select2/select2.css HTTP/1.1" 200 13406 "http://localhost:8080/admin/" "Mozilla/5.0 (Windows NT 10.0; Win64; x64) AppleWebKit/537.36 (KHTML, like Gecko) Chrome/62.0.3202.94 Safari/537.36"
0:0:0:0:0:0:0:1 - - [17/Nov/2017:01:59:59 +0000] "GET /assets/css/mcustomscrollbar/jquery.mCustomScrollbar.css HTTP/1.1" 200 13765 "http://localhost:8080/admin/" "Mozilla/5.0 (Windows NT 10.0; Win64; x64) AppleWebKit/537.36 (KHTML, like Gecko) Chrome/62.0.3202.94 Safari/537.36"
0:0:0:0:0:0:0:1 - - [17/Nov/2017:01:59:59 +0000] "GET /assets/js/plugins/flot/jquery.flot.js HTTP/1.1" 304 0 "http://localhost:8080/admin/" "Mozilla/5.0 (Windows NT 10.0; Win64; x64) AppleWebKit/537.36 (KHTML, like Gecko) Chrome/62.0.3202.94 Safari/537.36"
0:0:0:0:0:0:0:1 - - [17/Nov/2017:01:59:59 +0000] "GET /assets/css/icons/font-awesome.min.css HTTP/1.1" 200 22492 "http://localhost:8080/admin/" "Mozilla/5.0 (Windows NT 10.0; Win64; x64) AppleWebKit/537.36 (KHTML, like Gecko) Chrome/62.0.3202.94 Safari/537.36"
0:0:0:0:0:0:0:1 - - [17/Nov/2017:01:59:59 +0000] "GET /assets/css/bootstrap/bootstrap.min.css HTTP/1.1" 200 114015 "http://localhost:8080/admin/" "Mozilla/5.0 (Windows NT 10.0; Win64; x64) AppleWebKit/537.36 (KHTML, like Gecko) Chrome/62.0.3202.94 Safari/537.36"
0:0:0:0:0:0:0:1 - - [17/Nov/2017:01:59:59 +0000] "GET /assets/css/shbrush/shCoreDefault.css HTTP/1.1" 200 8921 "http://localhost:8080/admin/" "Mozilla/5.0 (Windows NT 10.0; Win64; x64) AppleWebKit/537.36 (KHTML, like Gecko) Chrome/62.0.3202.94 Safari/537.36"
0:0:0:0:0:0:0:1 - - [17/Nov/2017:02:00:00 +0000] "GET /assets/css/validationengine/validationEngine.css HTTP/1.1" 200 2889 "http://localhost:8080/admin/" "Mozilla/5.0 (Windows NT 10.0; Win64; x64) AppleWebKit/537.36 (KHTML, like Gecko) Chrome/62.0.3202.94 Safari/537.36"
0:0:0:0:0:0:0:1 - - [17/Nov/2017:02:00:00 +0000] "GET /assets/css/codemirror/codemirror.css HTTP/1.1" 200 6355 "http://localhost:8080/admin/" "Mozilla/5.0 (Windows NT 10.0; Win64; x64) AppleWebKit/537.36 (KHTML, like Gecko) Chrome/62.0.3202.94 Safari/537.36"
0:0:0:0:0:0:0:1 - - [17/Nov/2017:02:00:00 +0000] "GET /assets/css/cleditor/jquery.cleditor.css HTTP/1.1" 200 1429 "http://localhost:8080/admin/" "Mozilla/5.0 (Windows NT 10.0; Win64; x64) AppleWebKit/537.36 (KHTML, like Gecko) Chrome/62.0.3202.94 Safari/537.36"
0:0:0:0:0:0:0:1 - - [17/Nov/2017:02:00:00 +0000] "GET /assets/css/shbrush/shThemeDefault.css HTTP/1.1" 200 3023 "http://localhost:8080/admin/" "Mozilla/5.0 (Windows NT 10.0; Win64; x64) AppleWebKit/537.36 (KHTML, like Gecko) Chrome/62.0.3202.94 Safari/537.36"
0:0:0:0:0:0:0:1 - - [17/Nov/2017:02:00:00 +0000] "GET /assets/css/fancybox/jquery.fancybox.css HTTP/1.1" 200 4372 "http://localhost:8080/admin/" "Mozilla/5.0 (Windows NT 10.0; Win64; x64) AppleWebKit/537.36 (KHTML, like Gecko) Chrome/62.0.3202.94 Safari/537.36"
0:0:0:0:0:0:0:1 - - [17/Nov/2017:02:00:00 +0000] "GET /assets/css/fullcalendar/fullcalendar.css HTTP/1.1" 200 10711 "http://localhost:8080/admin/" "Mozilla/5.0 (Windows NT 10.0; Win64; x64) AppleWebKit/537.36 (KHTML, like Gecko) Chrome/62.0.3202.94 Safari/537.36"
0:0:0:0:0:0:0:1 - - [17/Nov/2017:02:00:00 +0000] "GET /assets/css/elfinder/elfinder.min.css HTTP/1.1" 200 33738 "http://localhost:8080/admin/" "Mozilla/5.0 (Windows NT 10.0; Win64; x64) AppleWebKit/537.36 (KHTML, like Gecko) Chrome/62.0.3202.94 Safari/537.36"
0:0:0:0:0:0:0:1 - - [17/Nov/2017:02:00:00 +0000] "GET /assets/css/stylesheet.css HTTP/1.1" 200 70906 "http://localhost:8080/admin/" "Mozilla/5.0 (Windows NT 10.0; Win64; x64) AppleWebKit/537.36 (KHTML, like Gecko) Chrome/62.0.3202.94 Safari/537.36"
0:0:0:0:0:0:0:1 - - [17/Nov/2017:02:00:00 +0000] "GET /assets/css/themes.css HTTP/1.1" 200 5054 "http://localhost:8080/admin/" "Mozilla/5.0 (Windows NT 10.0; Win64; x64) AppleWebKit/537.36 (KHTML, like Gecko) Chrome/62.0.3202.94 Safari/537.36"
0:0:0:0:0:0:0:1 - - [17/Nov/2017:02:00:00 +0000] "GET /assets/css/filetree/jqueryFileTree.css HTTP/1.1" 200 6597 "http://localhost:8080/admin/" "Mozilla/5.0 (Windows NT 10.0; Win64; x64) AppleWebKit/537.36 (KHTML, like Gecko) Chrome/62.0.3202.94 Safari/537.36"
0:0:0:0:0:0:0:1 - - [17/Nov/2017:02:00:00 +0000] "GET /assets/css/backgrounds.css HTTP/1.1" 200 6244 "http://localhost:8080/admin/" "Mozilla/5.0 (Windows NT 10.0; Win64; x64) AppleWebKit/537.36 (KHTML, like Gecko) Chrome/62.0.3202.94 Safari/537.36"
0:0:0:0:0:0:0:1 - - [17/Nov/2017:02:00:00 +0000] "GET /assets/css/mystyles.css HTTP/1.1" 200 0 "http://localhost:8080/admin/" "Mozilla/5.0 (Windows NT 10.0; Win64; x64) AppleWebKit/537.36 (KHTML, like Gecko) Chrome/62.0.3202.94 Safari/537.36"
0:0:0:0:0:0:0:1 - - [17/Nov/2017:02:00:00 +0000] "GET /assets/img/background/bg_num1.jpg HTTP/1.1" 200 14495 "http://localhost:8080/assets/css/stylesheet.css" "Mozilla/5.0 (Windows NT 10.0; Win64; x64) AppleWebKit/537.36 (KHTML, like Gecko) Chrome/62.0.3202.94 Safari/537.36"
0:0:0:0:0:0:0:1 - - [17/Nov/2017:02:00:00 +0000] "GET /common/header.html HTTP/1.1" 304 0 "http://localhost:8080/admin/" "Mozilla/5.0 (Windows NT 10.0; Win64; x64) AppleWebKit/537.36 (KHTML, like Gecko) Chrome/62.0.3202.94 Safari/537.36"
0:0:0:0:0:0:0:1 - - [17/Nov/2017:02:00:00 +0000] "GET /common/footer.html HTTP/1.1" 304 0 "http://localhost:8080/admin/" "Mozilla/5.0 (Windows NT 10.0; Win64; x64) AppleWebKit/537.36 (KHTML, like Gecko) Chrome/62.0.3202.94 Safari/537.36"
0:0:0:0:0:0:0:1 - - [17/Nov/2017:02:00:00 +0000] "GET /content/admin/index.html HTTP/1.1" 304 0 "http://localhost:8080/admin/" "Mozilla/5.0 (Windows NT 10.0; Win64; x64) AppleWebKit/537.36 (KHTML, like Gecko) Chrome/62.0.3202.94 Safari/537.36"
0:0:0:0:0:0:0:1 - - [17/Nov/2017:02:00:00 +0000] "GET /content/admin/produk.html HTTP/1.1" 200 3915 "http://localhost:8080/admin/" "Mozilla/5.0 (Windows NT 10.0; Win64; x64) AppleWebKit/537.36 (KHTML, like Gecko) Chrome/62.0.3202.94 Safari/537.36"
0:0:0:0:0:0:0:1 - - [17/Nov/2017:02:00:00 +0000] "GET /assets/js/script/header.js?_=1510884000286 HTTP/1.1" 200 309 "http://localhost:8080/admin/" "Mozilla/5.0 (Windows NT 10.0; Win64; x64) AppleWebKit/537.36 (KHTML, like Gecko) Chrome/62.0.3202.94 Safari/537.36"
0:0:0:0:0:0:0:1 - - [17/Nov/2017:02:00:01 +0000] "GET /assets/img/background/bt_cubs.png HTTP/1.1" 200 193 "http://localhost:8080/assets/css/stylesheet.css" "Mozilla/5.0 (Windows NT 10.0; Win64; x64) AppleWebKit/537.36 (KHTML, like Gecko) Chrome/62.0.3202.94 Safari/537.36"
0:0:0:0:0:0:0:1 - - [17/Nov/2017:02:00:01 +0000] "GET /assets/js/script/produk.js?_=1510884000287 HTTP/1.1" 200 756 "http://localhost:8080/admin/" "Mozilla/5.0 (Windows NT 10.0; Win64; x64) AppleWebKit/537.36 (KHTML, like Gecko) Chrome/62.0.3202.94 Safari/537.36"
0:0:0:0:0:0:0:1 - - [17/Nov/2017:02:00:01 +0000] "GET /assets/css/fonts/fontawesome-webfont.woff?v=3.2.1 HTTP/1.1" 200 43572 "http://localhost:8080/assets/css/icons/font-awesome.min.css" "Mozilla/5.0 (Windows NT 10.0; Win64; x64) AppleWebKit/537.36 (KHTML, like Gecko) Chrome/62.0.3202.94 Safari/537.36"
0:0:0:0:0:0:0:1 - - [17/Nov/2017:02:00:01 +0000] "GET /favicon.ico HTTP/1.1" 404 326 "http://localhost:8080/admin/" "Mozilla/5.0 (Windows NT 10.0; Win64; x64) AppleWebKit/537.36 (KHTML, like Gecko) Chrome/62.0.3202.94 Safari/537.36"
0:0:0:0:0:0:0:1 - - [17/Nov/2017:02:00:02 +0000] "GET /assets/img/background/bt_cubs_a.png HTTP/1.1" 304 0 "http://localhost:8080/assets/css/stylesheet.css" "Mozilla/5.0 (Windows NT 10.0; Win64; x64) AppleWebKit/537.36 (KHTML, like Gecko) Chrome/62.0.3202.94 Safari/537.36"
0:0:0:0:0:0:0:1 - - [17/Nov/2017:02:00:03 +0000] "GET /assets/js/script/produk.js?_=1510884000288 HTTP/1.1" 200 756 "http://localhost:8080/admin/" "Mozilla/5.0 (Windows NT 10.0; Win64; x64) AppleWebKit/537.36 (KHTML, like Gecko) Chrome/62.0.3202.94 Safari/537.36"
0:0:0:0:0:0:0:1 - - [17/Nov/2017:02:00:38 +0000] "GET /admin/ HTTP/1.1" 304 0 "-" "Mozilla/5.0 (Windows NT 10.0; Win64; x64) AppleWebKit/537.36 (KHTML, like Gecko) Chrome/62.0.3202.94 Safari/537.36"
0:0:0:0:0:0:0:1 - - [17/Nov/2017:02:00:39 +0000] "GET /content/admin/produk.html HTTP/1.1" 200 3895 "http://localhost:8080/admin/" "Mozilla/5.0 (Windows NT 10.0; Win64; x64) AppleWebKit/537.36 (KHTML, like Gecko) Chrome/62.0.3202.94 Safari/537.36"
0:0:0:0:0:0:0:1 - - [17/Nov/2017:02:00:39 +0000] "GET /assets/js/script/header.js?_=1510884039228 HTTP/1.1" 200 309 "http://localhost:8080/admin/" "Mozilla/5.0 (Windows NT 10.0; Win64; x64) AppleWebKit/537.36 (KHTML, like Gecko) Chrome/62.0.3202.94 Safari/537.36"
0:0:0:0:0:0:0:1 - - [17/Nov/2017:02:00:39 +0000] "GET /assets/js/script/produk.js?_=1510884039229 HTTP/1.1" 200 756 "http://localhost:8080/admin/" "Mozilla/5.0 (Windows NT 10.0; Win64; x64) AppleWebKit/537.36 (KHTML, like Gecko) Chrome/62.0.3202.94 Safari/537.36"
0:0:0:0:0:0:0:1 - - [17/Nov/2017:02:01:43 +0000] "GET /admin/ HTTP/1.1" 304 0 "-" "Mozilla/5.0 (Windows NT 10.0; Win64; x64) AppleWebKit/537.36 (KHTML, like Gecko) Chrome/62.0.3202.94 Safari/537.36"
0:0:0:0:0:0:0:1 - - [17/Nov/2017:02:01:44 +0000] "GET /content/admin/produk.html HTTP/1.1" 304 0 "http://localhost:8080/admin/" "Mozilla/5.0 (Windows NT 10.0; Win64; x64) AppleWebKit/537.36 (KHTML, like Gecko) Chrome/62.0.3202.94 Safari/537.36"
0:0:0:0:0:0:0:1 - - [17/Nov/2017:02:01:44 +0000] "GET /assets/js/script/header.js?_=1510884103790 HTTP/1.1" 200 309 "http://localhost:8080/admin/" "Mozilla/5.0 (Windows NT 10.0; Win64; x64) AppleWebKit/537.36 (KHTML, like Gecko) Chrome/62.0.3202.94 Safari/537.36"
0:0:0:0:0:0:0:1 - - [17/Nov/2017:02:01:44 +0000] "GET /assets/js/script/produk.js?_=1510884103791 HTTP/1.1" 200 796 "http://localhost:8080/admin/" "Mozilla/5.0 (Windows NT 10.0; Win64; x64) AppleWebKit/537.36 (KHTML, like Gecko) Chrome/62.0.3202.94 Safari/537.36"
0:0:0:0:0:0:0:1 - - [17/Nov/2017:02:10:46 +0000] "GET /assets/js/script/header.js?_=1510884646586 HTTP/1.1" 200 309 "http://localhost:8081/admin/" "Mozilla/5.0 (Windows NT 10.0; Win64; x64) AppleWebKit/537.36 (KHTML, like Gecko) Chrome/62.0.3202.94 Safari/537.36"
0:0:0:0:0:0:0:1 - - [17/Nov/2017:02:10:47 +0000] "GET /assets/js/script/produk.js?_=1510884646587 HTTP/1.1" 200 796 "http://localhost:8081/admin/" "Mozilla/5.0 (Windows NT 10.0; Win64; x64) AppleWebKit/537.36 (KHTML, like Gecko) Chrome/62.0.3202.94 Safari/537.36"
0:0:0:0:0:0:0:1 - - [17/Nov/2017:02:11:36 +0000] "GET /admin/ HTTP/1.1" 304 0 "-" "Mozilla/5.0 (Windows NT 10.0; Win64; x64) AppleWebKit/537.36 (KHTML, like Gecko) Chrome/62.0.3202.94 Safari/537.36"
0:0:0:0:0:0:0:1 - - [17/Nov/2017:02:11:36 +0000] "GET /assets/js/script/header.js?_=1510884696428 HTTP/1.1" 200 309 "http://localhost:8081/admin/" "Mozilla/5.0 (Windows NT 10.0; Win64; x64) AppleWebKit/537.36 (KHTML, like Gecko) Chrome/62.0.3202.94 Safari/537.36"
0:0:0:0:0:0:0:1 - - [17/Nov/2017:02:11:36 +0000] "GET /assets/js/script/produk.js?_=1510884696429 HTTP/1.1" 200 796 "http://localhost:8081/admin/" "Mozilla/5.0 (Windows NT 10.0; Win64; x64) AppleWebKit/537.36 (KHTML, like Gecko) Chrome/62.0.3202.94 Safari/537.36"
0:0:0:0:0:0:0:1 - - [17/Nov/2017:02:12:33 +0000] "GET /admin/ HTTP/1.1" 200 1605 "-" "Mozilla/5.0 (Windows NT 10.0; Win64; x64) AppleWebKit/537.36 (KHTML, like Gecko) Chrome/62.0.3202.94 Safari/537.36"
0:0:0:0:0:0:0:1 - - [17/Nov/2017:02:12:34 +0000] "GET /assets/css/stylesheets.css HTTP/1.1" 200 2864 "http://localhost:8888/admin/" "Mozilla/5.0 (Windows NT 10.0; Win64; x64) AppleWebKit/537.36 (KHTML, like Gecko) Chrome/62.0.3202.94 Safari/537.36"
0:0:0:0:0:0:0:1 - - [17/Nov/2017:02:12:34 +0000] "GET /assets/js/plugins/datatables/jquery.dataTables.min.js HTTP/1.1" 200 71012 "http://localhost:8888/admin/" "Mozilla/5.0 (Windows NT 10.0; Win64; x64) AppleWebKit/537.36 (KHTML, like Gecko) Chrome/62.0.3202.94 Safari/537.36"
0:0:0:0:0:0:0:1 - - [17/Nov/2017:02:12:34 +0000] "GET /assets/js/plugins/jquery/globalize.js HTTP/1.1" 200 46821 "http://localhost:8888/admin/" "Mozilla/5.0 (Windows NT 10.0; Win64; x64) AppleWebKit/537.36 (KHTML, like Gecko) Chrome/62.0.3202.94 Safari/537.36"
0:0:0:0:0:0:0:1 - - [17/Nov/2017:02:12:34 +0000] "GET /assets/js/plugins/bootstrap/bootstrap.min.js HTTP/1.1" 200 34659 "http://localhost:8888/admin/" "Mozilla/5.0 (Windows NT 10.0; Win64; x64) AppleWebKit/537.36 (KHTML, like Gecko) Chrome/62.0.3202.94 Safari/537.36"
0:0:0:0:0:0:0:1 - - [17/Nov/2017:02:12:34 +0000] "GET /assets/js/plugins/jquery/jquery.min.js HTTP/1.1" 200 83618 "http://localhost:8888/admin/" "Mozilla/5.0 (Windows NT 10.0; Win64; x64) AppleWebKit/537.36 (KHTML, like Gecko) Chrome/62.0.3202.94 Safari/537.36"
0:0:0:0:0:0:0:1 - - [17/Nov/2017:02:12:34 +0000] "GET /assets/js/script/admin.js HTTP/1.1" 200 623 "http://localhost:8888/admin/" "Mozilla/5.0 (Windows NT 10.0; Win64; x64) AppleWebKit/537.36 (KHTML, like Gecko) Chrome/62.0.3202.94 Safari/537.36"
0:0:0:0:0:0:0:1 - - [17/Nov/2017:02:12:34 +0000] "GET /assets/js/plugins/jquery/jquery-migrate.min.js HTTP/1.1" 200 7200 "http://localhost:8888/admin/" "Mozilla/5.0 (Windows NT 10.0; Win64; x64) AppleWebKit/537.36 (KHTML, like Gecko) Chrome/62.0.3202.94 Safari/537.36"
0:0:0:0:0:0:0:1 - - [17/Nov/2017:02:12:34 +0000] "GET /assets/js/plugins/jquery/jquery-ui.min.js HTTP/1.1" 200 228143 "http://localhost:8888/admin/" "Mozilla/5.0 (Windows NT 10.0; Win64; x64) AppleWebKit/537.36 (KHTML, like Gecko) Chrome/62.0.3202.94 Safari/537.36"
0:0:0:0:0:0:0:1 - - [17/Nov/2017:02:12:34 +0000] "GET /assets/js/plugins/mcustomscrollbar/jquery.mCustomScrollbar.min.js HTTP/1.1" 200 24110 "http://localhost:8888/admin/" "Mozilla/5.0 (Windows NT 10.0; Win64; x64) AppleWebKit/537.36 (KHTML, like Gecko) Chrome/62.0.3202.94 Safari/537.36"
0:0:0:0:0:0:0:1 - - [17/Nov/2017:02:12:34 +0000] "GET /assets/js/plugins/uniform/jquery.uniform.min.js HTTP/1.1" 200 8308 "http://localhost:8888/admin/" "Mozilla/5.0 (Windows NT 10.0; Win64; x64) AppleWebKit/537.36 (KHTML, like Gecko) Chrome/62.0.3202.94 Safari/537.36"
0:0:0:0:0:0:0:1 - - [17/Nov/2017:02:12:34 +0000] "GET /assets/js/plugins/sparkline/jquery.sparkline.min.js HTTP/1.1" 200 43231 "http://localhost:8888/admin/" "Mozilla/5.0 (Windows NT 10.0; Win64; x64) AppleWebKit/537.36 (KHTML, like Gecko) Chrome/62.0.3202.94 Safari/537.36"
0:0:0:0:0:0:0:1 - - [17/Nov/2017:02:12:34 +0000] "GET /assets/js/plugins/knob/jquery.knob.js HTTP/1.1" 200 24766 "http://localhost:8888/admin/" "Mozilla/5.0 (Windows NT 10.0; Win64; x64) AppleWebKit/537.36 (KHTML, like Gecko) Chrome/62.0.3202.94 Safari/537.36"
0:0:0:0:0:0:0:1 - - [17/Nov/2017:02:12:34 +0000] "GET /assets/js/plugins/flot/jquery.flot.resize.js HTTP/1.1" 200 3195 "http://localhost:8888/admin/" "Mozilla/5.0 (Windows NT 10.0; Win64; x64) AppleWebKit/537.36 (KHTML, like Gecko) Chrome/62.0.3202.94 Safari/537.36"
0:0:0:0:0:0:0:1 - - [17/Nov/2017:02:12:34 +0000] "GET /assets/js/plugins/flot/jquery.flot.js HTTP/1.1" 200 122463 "http://localhost:8888/admin/" "Mozilla/5.0 (Windows NT 10.0; Win64; x64) AppleWebKit/537.36 (KHTML, like Gecko) Chrome/62.0.3202.94 Safari/537.36"
0:0:0:0:0:0:0:1 - - [17/Nov/2017:02:12:34 +0000] "GET /assets/css/bootstrap/bootstrap.min.css HTTP/1.1" 200 114015 "http://localhost:8888/admin/" "Mozilla/5.0 (Windows NT 10.0; Win64; x64) AppleWebKit/537.36 (KHTML, like Gecko) Chrome/62.0.3202.94 Safari/537.36"
0:0:0:0:0:0:0:1 - - [17/Nov/2017:02:12:34 +0000] "GET /assets/css/jquery/jquery-ui.min.css HTTP/1.1" 200 27289 "http://localhost:8888/admin/" "Mozilla/5.0 (Windows NT 10.0; Win64; x64) AppleWebKit/537.36 (KHTML, like Gecko) Chrome/62.0.3202.94 Safari/537.36"
0:0:0:0:0:0:0:1 - - [17/Nov/2017:02:12:34 +0000] "GET /assets/css/icons/font-awesome.min.css HTTP/1.1" 200 22492 "http://localhost:8888/admin/" "Mozilla/5.0 (Windows NT 10.0; Win64; x64) AppleWebKit/537.36 (KHTML, like Gecko) Chrome/62.0.3202.94 Safari/537.36"
0:0:0:0:0:0:0:1 - - [17/Nov/2017:02:12:34 +0000] "GET /assets/css/mcustomscrollbar/jquery.mCustomScrollbar.css HTTP/1.1" 200 13765 "http://localhost:8888/admin/" "Mozilla/5.0 (Windows NT 10.0; Win64; x64) AppleWebKit/537.36 (KHTML, like Gecko) Chrome/62.0.3202.94 Safari/537.36"
0:0:0:0:0:0:0:1 - - [17/Nov/2017:02:12:34 +0000] "GET /assets/css/select2/select2.css HTTP/1.1" 200 13406 "http://localhost:8888/admin/" "Mozilla/5.0 (Windows NT 10.0; Win64; x64) AppleWebKit/537.36 (KHTML, like Gecko) Chrome/62.0.3202.94 Safari/537.36"
0:0:0:0:0:0:0:1 - - [17/Nov/2017:02:12:34 +0000] "GET /assets/css/shbrush/shCoreDefault.css HTTP/1.1" 200 8921 "http://localhost:8888/admin/" "Mozilla/5.0 (Windows NT 10.0; Win64; x64) AppleWebKit/537.36 (KHTML, like Gecko) Chrome/62.0.3202.94 Safari/537.36"
0:0:0:0:0:0:0:1 - - [17/Nov/2017:02:12:34 +0000] "GET /assets/css/cleditor/jquery.cleditor.css HTTP/1.1" 200 1429 "http://localhost:8888/admin/" "Mozilla/5.0 (Windows NT 10.0; Win64; x64) AppleWebKit/537.36 (KHTML, like Gecko) Chrome/62.0.3202.94 Safari/537.36"
0:0:0:0:0:0:0:1 - - [17/Nov/2017:02:12:34 +0000] "GET /assets/css/codemirror/codemirror.css HTTP/1.1" 200 6355 "http://localhost:8888/admin/" "Mozilla/5.0 (Windows NT 10.0; Win64; x64) AppleWebKit/537.36 (KHTML, like Gecko) Chrome/62.0.3202.94 Safari/537.36"
0:0:0:0:0:0:0:1 - - [17/Nov/2017:02:12:34 +0000] "GET /assets/css/validationengine/validationEngine.css HTTP/1.1" 200 2889 "http://localhost:8888/admin/" "Mozilla/5.0 (Windows NT 10.0; Win64; x64) AppleWebKit/537.36 (KHTML, like Gecko) Chrome/62.0.3202.94 Safari/537.36"
0:0:0:0:0:0:0:1 - - [17/Nov/2017:02:12:34 +0000] "GET /assets/css/fancybox/jquery.fancybox.css HTTP/1.1" 200 4372 "http://localhost:8888/admin/" "Mozilla/5.0 (Windows NT 10.0; Win64; x64) AppleWebKit/537.36 (KHTML, like Gecko) Chrome/62.0.3202.94 Safari/537.36"
0:0:0:0:0:0:0:1 - - [17/Nov/2017:02:12:34 +0000] "GET /assets/css/shbrush/shThemeDefault.css HTTP/1.1" 200 3023 "http://localhost:8888/admin/" "Mozilla/5.0 (Windows NT 10.0; Win64; x64) AppleWebKit/537.36 (KHTML, like Gecko) Chrome/62.0.3202.94 Safari/537.36"
0:0:0:0:0:0:0:1 - - [17/Nov/2017:02:12:34 +0000] "GET /assets/css/fullcalendar/fullcalendar.css HTTP/1.1" 200 10711 "http://localhost:8888/admin/" "Mozilla/5.0 (Windows NT 10.0; Win64; x64) AppleWebKit/537.36 (KHTML, like Gecko) Chrome/62.0.3202.94 Safari/537.36"
0:0:0:0:0:0:0:1 - - [17/Nov/2017:02:12:34 +0000] "GET /assets/css/backgrounds.css HTTP/1.1" 200 6244 "http://localhost:8888/admin/" "Mozilla/5.0 (Windows NT 10.0; Win64; x64) AppleWebKit/537.36 (KHTML, like Gecko) Chrome/62.0.3202.94 Safari/537.36"
0:0:0:0:0:0:0:1 - - [17/Nov/2017:02:12:34 +0000] "GET /assets/css/filetree/jqueryFileTree.css HTTP/1.1" 200 6597 "http://localhost:8888/admin/" "Mozilla/5.0 (Windows NT 10.0; Win64; x64) AppleWebKit/537.36 (KHTML, like Gecko) Chrome/62.0.3202.94 Safari/537.36"
0:0:0:0:0:0:0:1 - - [17/Nov/2017:02:12:34 +0000] "GET /assets/css/elfinder/elfinder.min.css HTTP/1.1" 200 33738 "http://localhost:8888/admin/" "Mozilla/5.0 (Windows NT 10.0; Win64; x64) AppleWebKit/537.36 (KHTML, like Gecko) Chrome/62.0.3202.94 Safari/537.36"
0:0:0:0:0:0:0:1 - - [17/Nov/2017:02:12:34 +0000] "GET /assets/css/stylesheet.css HTTP/1.1" 200 70906 "http://localhost:8888/admin/" "Mozilla/5.0 (Windows NT 10.0; Win64; x64) AppleWebKit/537.36 (KHTML, like Gecko) Chrome/62.0.3202.94 Safari/537.36"
0:0:0:0:0:0:0:1 - - [17/Nov/2017:02:12:34 +0000] "GET /assets/css/themes.css HTTP/1.1" 200 5054 "http://localhost:8888/admin/" "Mozilla/5.0 (Windows NT 10.0; Win64; x64) AppleWebKit/537.36 (KHTML, like Gecko) Chrome/62.0.3202.94 Safari/537.36"
0:0:0:0:0:0:0:1 - - [17/Nov/2017:02:12:34 +0000] "GET /assets/css/mystyles.css HTTP/1.1" 200 0 "http://localhost:8888/admin/" "Mozilla/5.0 (Windows NT 10.0; Win64; x64) AppleWebKit/537.36 (KHTML, like Gecko) Chrome/62.0.3202.94 Safari/537.36"
0:0:0:0:0:0:0:1 - - [17/Nov/2017:02:12:35 +0000] "GET /assets/img/background/bg_num1.jpg HTTP/1.1" 200 14495 "http://localhost:8888/assets/css/stylesheet.css" "Mozilla/5.0 (Windows NT 10.0; Win64; x64) AppleWebKit/537.36 (KHTML, like Gecko) Chrome/62.0.3202.94 Safari/537.36"
0:0:0:0:0:0:0:1 - - [17/Nov/2017:02:12:35 +0000] "GET /common/header.html HTTP/1.1" 200 1305 "http://localhost:8888/admin/" "Mozilla/5.0 (Windows NT 10.0; Win64; x64) AppleWebKit/537.36 (KHTML, like Gecko) Chrome/62.0.3202.94 Safari/537.36"
0:0:0:0:0:0:0:1 - - [17/Nov/2017:02:12:35 +0000] "GET /common/footer.html HTTP/1.1" 200 287 "http://localhost:8888/admin/" "Mozilla/5.0 (Windows NT 10.0; Win64; x64) AppleWebKit/537.36 (KHTML, like Gecko) Chrome/62.0.3202.94 Safari/537.36"
0:0:0:0:0:0:0:1 - - [17/Nov/2017:02:12:35 +0000] "GET /content/admin/index.html HTTP/1.1" 200 1740 "http://localhost:8888/admin/" "Mozilla/5.0 (Windows NT 10.0; Win64; x64) AppleWebKit/537.36 (KHTML, like Gecko) Chrome/62.0.3202.94 Safari/537.36"
0:0:0:0:0:0:0:1 - - [17/Nov/2017:02:12:35 +0000] "GET /content/admin/produk.html HTTP/1.1" 200 3895 "http://localhost:8888/admin/" "Mozilla/5.0 (Windows NT 10.0; Win64; x64) AppleWebKit/537.36 (KHTML, like Gecko) Chrome/62.0.3202.94 Safari/537.36"
0:0:0:0:0:0:0:1 - - [17/Nov/2017:02:12:35 +0000] "GET /assets/js/script/header.js?_=1510884754966 HTTP/1.1" 200 309 "http://localhost:8888/admin/" "Mozilla/5.0 (Windows NT 10.0; Win64; x64) AppleWebKit/537.36 (KHTML, like Gecko) Chrome/62.0.3202.94 Safari/537.36"
0:0:0:0:0:0:0:1 - - [17/Nov/2017:02:12:35 +0000] "GET /assets/js/script/produk.js?_=1510884754967 HTTP/1.1" 200 796 "http://localhost:8888/admin/" "Mozilla/5.0 (Windows NT 10.0; Win64; x64) AppleWebKit/537.36 (KHTML, like Gecko) Chrome/62.0.3202.94 Safari/537.36"
0:0:0:0:0:0:0:1 - - [17/Nov/2017:02:12:35 +0000] "GET /assets/img/background/bt_cubs.png HTTP/1.1" 200 193 "http://localhost:8888/assets/css/stylesheet.css" "Mozilla/5.0 (Windows NT 10.0; Win64; x64) AppleWebKit/537.36 (KHTML, like Gecko) Chrome/62.0.3202.94 Safari/537.36"
0:0:0:0:0:0:0:1 - - [17/Nov/2017:02:12:35 +0000] "GET /assets/css/fonts/fontawesome-webfont.woff?v=3.2.1 HTTP/1.1" 200 43572 "http://localhost:8888/assets/css/icons/font-awesome.min.css" "Mozilla/5.0 (Windows NT 10.0; Win64; x64) AppleWebKit/537.36 (KHTML, like Gecko) Chrome/62.0.3202.94 Safari/537.36"
0:0:0:0:0:0:0:1 - - [17/Nov/2017:02:12:36 +0000] "GET /favicon.ico HTTP/1.1" 404 326 "http://localhost:8888/admin/" "Mozilla/5.0 (Windows NT 10.0; Win64; x64) AppleWebKit/537.36 (KHTML, like Gecko) Chrome/62.0.3202.94 Safari/537.36"
0:0:0:0:0:0:0:1 - - [17/Nov/2017:02:13:47 +0000] "GET /assets/img/background/bt_cubs_a.png HTTP/1.1" 200 193 "http://localhost:8888/assets/css/stylesheet.css" "Mozilla/5.0 (Windows NT 10.0; Win64; x64) AppleWebKit/537.36 (KHTML, like Gecko) Chrome/62.0.3202.94 Safari/537.36"
0:0:0:0:0:0:0:1 - - [17/Nov/2017:02:13:48 +0000] "GET /admin/ HTTP/1.1" 304 0 "-" "Mozilla/5.0 (Windows NT 10.0; Win64; x64) AppleWebKit/537.36 (KHTML, like Gecko) Chrome/62.0.3202.94 Safari/537.36"
0:0:0:0:0:0:0:1 - - [17/Nov/2017:02:13:49 +0000] "GET /content/admin/produk.html HTTP/1.1" 304 0 "http://localhost:8888/admin/" "Mozilla/5.0 (Windows NT 10.0; Win64; x64) AppleWebKit/537.36 (KHTML, like Gecko) Chrome/62.0.3202.94 Safari/537.36"
0:0:0:0:0:0:0:1 - - [17/Nov/2017:02:13:49 +0000] "GET /assets/js/script/header.js?_=1510884828789 HTTP/1.1" 200 309 "http://localhost:8888/admin/" "Mozilla/5.0 (Windows NT 10.0; Win64; x64) AppleWebKit/537.36 (KHTML, like Gecko) Chrome/62.0.3202.94 Safari/537.36"
0:0:0:0:0:0:0:1 - - [17/Nov/2017:02:13:49 +0000] "GET /assets/js/script/produk.js?_=1510884828790 HTTP/1.1" 200 800 "http://localhost:8888/admin/" "Mozilla/5.0 (Windows NT 10.0; Win64; x64) AppleWebKit/537.36 (KHTML, like Gecko) Chrome/62.0.3202.94 Safari/537.36"
0:0:0:0:0:0:0:1 - - [17/Nov/2017:02:15:04 +0000] "GET /admin/ HTTP/1.1" 304 0 "-" "Mozilla/5.0 (Windows NT 10.0; Win64; x64) AppleWebKit/537.36 (KHTML, like Gecko) Chrome/62.0.3202.94 Safari/537.36"
0:0:0:0:0:0:0:1 - - [17/Nov/2017:02:15:05 +0000] "GET /assets/js/script/header.js?_=1510884904671 HTTP/1.1" 200 309 "http://localhost:8888/admin/" "Mozilla/5.0 (Windows NT 10.0; Win64; x64) AppleWebKit/537.36 (KHTML, like Gecko) Chrome/62.0.3202.94 Safari/537.36"
0:0:0:0:0:0:0:1 - - [17/Nov/2017:02:15:05 +0000] "GET /assets/js/script/produk.js?_=1510884904672 HTTP/1.1" 200 800 "http://localhost:8888/admin/" "Mozilla/5.0 (Windows NT 10.0; Win64; x64) AppleWebKit/537.36 (KHTML, like Gecko) Chrome/62.0.3202.94 Safari/537.36"
0:0:0:0:0:0:0:1 - - [17/Nov/2017:02:15:28 +0000] "GET /admin/ HTTP/1.1" 304 0 "-" "Mozilla/5.0 (Windows NT 10.0; Win64; x64) AppleWebKit/537.36 (KHTML, like Gecko) Chrome/62.0.3202.94 Safari/537.36"
0:0:0:0:0:0:0:1 - - [17/Nov/2017:02:15:29 +0000] "GET /content/admin/produk.html HTTP/1.1" 200 3867 "http://localhost:8888/admin/" "Mozilla/5.0 (Windows NT 10.0; Win64; x64) AppleWebKit/537.36 (KHTML, like Gecko) Chrome/62.0.3202.94 Safari/537.36"
0:0:0:0:0:0:0:1 - - [17/Nov/2017:02:15:29 +0000] "GET /assets/js/script/header.js?_=1510884928790 HTTP/1.1" 200 309 "http://localhost:8888/admin/" "Mozilla/5.0 (Windows NT 10.0; Win64; x64) AppleWebKit/537.36 (KHTML, like Gecko) Chrome/62.0.3202.94 Safari/537.36"
0:0:0:0:0:0:0:1 - - [17/Nov/2017:02:15:29 +0000] "GET /assets/js/script/produk.js?_=1510884928791 HTTP/1.1" 200 800 "http://localhost:8888/admin/" "Mozilla/5.0 (Windows NT 10.0; Win64; x64) AppleWebKit/537.36 (KHTML, like Gecko) Chrome/62.0.3202.94 Safari/537.36"
0:0:0:0:0:0:0:1 - - [17/Nov/2017:02:16:09 +0000] "GET /admin/ HTTP/1.1" 304 0 "-" "Mozilla/5.0 (Windows NT 10.0; Win64; x64) AppleWebKit/537.36 (KHTML, like Gecko) Chrome/62.0.3202.94 Safari/537.36"
0:0:0:0:0:0:0:1 - - [17/Nov/2017:02:16:10 +0000] "GET /content/admin/produk.html HTTP/1.1" 304 0 "http://localhost:8888/admin/" "Mozilla/5.0 (Windows NT 10.0; Win64; x64) AppleWebKit/537.36 (KHTML, like Gecko) Chrome/62.0.3202.94 Safari/537.36"
0:0:0:0:0:0:0:1 - - [17/Nov/2017:02:16:10 +0000] "GET /assets/js/script/header.js?_=1510884970092 HTTP/1.1" 200 309 "http://localhost:8888/admin/" "Mozilla/5.0 (Windows NT 10.0; Win64; x64) AppleWebKit/537.36 (KHTML, like Gecko) Chrome/62.0.3202.94 Safari/537.36"
0:0:0:0:0:0:0:1 - - [17/Nov/2017:02:16:10 +0000] "GET /assets/js/script/produk.js?_=1510884970093 HTTP/1.1" 200 800 "http://localhost:8888/admin/" "Mozilla/5.0 (Windows NT 10.0; Win64; x64) AppleWebKit/537.36 (KHTML, like Gecko) Chrome/62.0.3202.94 Safari/537.36"
0:0:0:0:0:0:0:1 - - [17/Nov/2017:02:20:36 +0000] "GET /admin/ HTTP/1.1" 304 0 "-" "Mozilla/5.0 (Windows NT 10.0; Win64; x64) AppleWebKit/537.36 (KHTML, like Gecko) Chrome/62.0.3202.94 Safari/537.36"
0:0:0:0:0:0:0:1 - - [17/Nov/2017:02:20:37 +0000] "GET /content/admin/produk.html HTTP/1.1" 304 0 "http://localhost:8888/admin/" "Mozilla/5.0 (Windows NT 10.0; Win64; x64) AppleWebKit/537.36 (KHTML, like Gecko) Chrome/62.0.3202.94 Safari/537.36"
0:0:0:0:0:0:0:1 - - [17/Nov/2017:02:20:37 +0000] "GET /assets/js/script/header.js?_=1510885237003 HTTP/1.1" 200 309 "http://localhost:8888/admin/" "Mozilla/5.0 (Windows NT 10.0; Win64; x64) AppleWebKit/537.36 (KHTML, like Gecko) Chrome/62.0.3202.94 Safari/537.36"
0:0:0:0:0:0:0:1 - - [17/Nov/2017:02:20:37 +0000] "GET /assets/js/script/produk.js?_=1510885237004 HTTP/1.1" 200 800 "http://localhost:8888/admin/" "Mozilla/5.0 (Windows NT 10.0; Win64; x64) AppleWebKit/537.36 (KHTML, like Gecko) Chrome/62.0.3202.94 Safari/537.36"
0:0:0:0:0:0:0:1 - - [17/Nov/2017:02:23:07 +0000] "GET /admin/ HTTP/1.1" 304 0 "-" "Mozilla/5.0 (Windows NT 10.0; Win64; x64) AppleWebKit/537.36 (KHTML, like Gecko) Chrome/62.0.3202.94 Safari/537.36"
0:0:0:0:0:0:0:1 - - [17/Nov/2017:02:23:08 +0000] "GET /content/admin/produk.html HTTP/1.1" 200 3867 "http://localhost:8888/admin/" "Mozilla/5.0 (Windows NT 10.0; Win64; x64) AppleWebKit/537.36 (KHTML, like Gecko) Chrome/62.0.3202.94 Safari/537.36"
0:0:0:0:0:0:0:1 - - [17/Nov/2017:02:23:08 +0000] "GET /assets/js/script/header.js?_=1510885388315 HTTP/1.1" 200 309 "http://localhost:8888/admin/" "Mozilla/5.0 (Windows NT 10.0; Win64; x64) AppleWebKit/537.36 (KHTML, like Gecko) Chrome/62.0.3202.94 Safari/537.36"
0:0:0:0:0:0:0:1 - - [17/Nov/2017:02:23:08 +0000] "GET /assets/js/script/produk.js?_=1510885388316 HTTP/1.1" 200 800 "http://localhost:8888/admin/" "Mozilla/5.0 (Windows NT 10.0; Win64; x64) AppleWebKit/537.36 (KHTML, like Gecko) Chrome/62.0.3202.94 Safari/537.36"
0:0:0:0:0:0:0:1 - - [17/Nov/2017:02:30:50 +0000] "POST /admin/ HTTP/1.1" 200 1605 "http://localhost:8888/admin/" "Mozilla/5.0 (Windows NT 10.0; Win64; x64) AppleWebKit/537.36 (KHTML, like Gecko) Chrome/62.0.3202.94 Safari/537.36"
0:0:0:0:0:0:0:1 - - [17/Nov/2017:02:30:51 +0000] "GET /content/admin/produk.html HTTP/1.1" 304 0 "http://localhost:8888/admin/" "Mozilla/5.0 (Windows NT 10.0; Win64; x64) AppleWebKit/537.36 (KHTML, like Gecko) Chrome/62.0.3202.94 Safari/537.36"
0:0:0:0:0:0:0:1 - - [17/Nov/2017:02:30:51 +0000] "GET /assets/js/script/header.js?_=1510885851066 HTTP/1.1" 200 309 "http://localhost:8888/admin/" "Mozilla/5.0 (Windows NT 10.0; Win64; x64) AppleWebKit/537.36 (KHTML, like Gecko) Chrome/62.0.3202.94 Safari/537.36"
0:0:0:0:0:0:0:1 - - [17/Nov/2017:02:30:51 +0000] "GET /assets/js/script/produk.js?_=1510885851067 HTTP/1.1" 200 800 "http://localhost:8888/admin/" "Mozilla/5.0 (Windows NT 10.0; Win64; x64) AppleWebKit/537.36 (KHTML, like Gecko) Chrome/62.0.3202.94 Safari/537.36"
0:0:0:0:0:0:0:1 - - [17/Nov/2017:02:33:04 +0000] "GET /admin/ HTTP/1.1" 200 1605 "-" "Mozilla/5.0 (Windows NT 10.0; Win64; x64) AppleWebKit/537.36 (KHTML, like Gecko) Chrome/62.0.3202.94 Safari/537.36"
0:0:0:0:0:0:0:1 - - [17/Nov/2017:02:33:04 +0000] "GET /assets/css/stylesheets.css HTTP/1.1" 200 2864 "http://localhost:8888/admin/" "Mozilla/5.0 (Windows NT 10.0; Win64; x64) AppleWebKit/537.36 (KHTML, like Gecko) Chrome/62.0.3202.94 Safari/537.36"
0:0:0:0:0:0:0:1 - - [17/Nov/2017:02:33:04 +0000] "GET /assets/js/plugins/jquery/globalize.js HTTP/1.1" 200 46821 "http://localhost:8888/admin/" "Mozilla/5.0 (Windows NT 10.0; Win64; x64) AppleWebKit/537.36 (KHTML, like Gecko) Chrome/62.0.3202.94 Safari/537.36"
0:0:0:0:0:0:0:1 - - [17/Nov/2017:02:33:04 +0000] "GET /assets/js/plugins/jquery/jquery-migrate.min.js HTTP/1.1" 200 7200 "http://localhost:8888/admin/" "Mozilla/5.0 (Windows NT 10.0; Win64; x64) AppleWebKit/537.36 (KHTML, like Gecko) Chrome/62.0.3202.94 Safari/537.36"
0:0:0:0:0:0:0:1 - - [17/Nov/2017:02:33:04 +0000] "GET /assets/js/plugins/bootstrap/bootstrap.min.js HTTP/1.1" 200 34659 "http://localhost:8888/admin/" "Mozilla/5.0 (Windows NT 10.0; Win64; x64) AppleWebKit/537.36 (KHTML, like Gecko) Chrome/62.0.3202.94 Safari/537.36"
0:0:0:0:0:0:0:1 - - [17/Nov/2017:02:33:04 +0000] "GET /assets/js/plugins/jquery/jquery-ui.min.js HTTP/1.1" 200 228143 "http://localhost:8888/admin/" "Mozilla/5.0 (Windows NT 10.0; Win64; x64) AppleWebKit/537.36 (KHTML, like Gecko) Chrome/62.0.3202.94 Safari/537.36"
0:0:0:0:0:0:0:1 - - [17/Nov/2017:02:33:04 +0000] "GET /assets/js/plugins/datatables/jquery.dataTables.min.js HTTP/1.1" 200 71012 "http://localhost:8888/admin/" "Mozilla/5.0 (Windows NT 10.0; Win64; x64) AppleWebKit/537.36 (KHTML, like Gecko) Chrome/62.0.3202.94 Safari/537.36"
0:0:0:0:0:0:0:1 - - [17/Nov/2017:02:33:04 +0000] "GET /assets/js/plugins/mcustomscrollbar/jquery.mCustomScrollbar.min.js HTTP/1.1" 200 24110 "http://localhost:8888/admin/" "Mozilla/5.0 (Windows NT 10.0; Win64; x64) AppleWebKit/537.36 (KHTML, like Gecko) Chrome/62.0.3202.94 Safari/537.36"
0:0:0:0:0:0:0:1 - - [17/Nov/2017:02:33:04 +0000] "GET /assets/js/script/admin.js HTTP/1.1" 200 623 "http://localhost:8888/admin/" "Mozilla/5.0 (Windows NT 10.0; Win64; x64) AppleWebKit/537.36 (KHTML, like Gecko) Chrome/62.0.3202.94 Safari/537.36"
0:0:0:0:0:0:0:1 - - [17/Nov/2017:02:33:05 +0000] "GET /assets/js/plugins/uniform/jquery.uniform.min.js HTTP/1.1" 200 8308 "http://localhost:8888/admin/" "Mozilla/5.0 (Windows NT 10.0; Win64; x64) AppleWebKit/537.36 (KHTML, like Gecko) Chrome/62.0.3202.94 Safari/537.36"
0:0:0:0:0:0:0:1 - - [17/Nov/2017:02:33:05 +0000] "GET /assets/js/plugins/knob/jquery.knob.js HTTP/1.1" 200 24766 "http://localhost:8888/admin/" "Mozilla/5.0 (Windows NT 10.0; Win64; x64) AppleWebKit/537.36 (KHTML, like Gecko) Chrome/62.0.3202.94 Safari/537.36"
0:0:0:0:0:0:0:1 - - [17/Nov/2017:02:33:05 +0000] "GET /assets/js/plugins/sparkline/jquery.sparkline.min.js HTTP/1.1" 200 43231 "http://localhost:8888/admin/" "Mozilla/5.0 (Windows NT 10.0; Win64; x64) AppleWebKit/537.36 (KHTML, like Gecko) Chrome/62.0.3202.94 Safari/537.36"
0:0:0:0:0:0:0:1 - - [17/Nov/2017:02:33:05 +0000] "GET /assets/js/plugins/flot/jquery.flot.js HTTP/1.1" 200 122463 "http://localhost:8888/admin/" "Mozilla/5.0 (Windows NT 10.0; Win64; x64) AppleWebKit/537.36 (KHTML, like Gecko) Chrome/62.0.3202.94 Safari/537.36"
0:0:0:0:0:0:0:1 - - [17/Nov/2017:02:33:05 +0000] "GET /assets/js/plugins/flot/jquery.flot.resize.js HTTP/1.1" 200 3195 "http://localhost:8888/admin/" "Mozilla/5.0 (Windows NT 10.0; Win64; x64) AppleWebKit/537.36 (KHTML, like Gecko) Chrome/62.0.3202.94 Safari/537.36"
0:0:0:0:0:0:0:1 - - [17/Nov/2017:02:33:04 +0000] "GET /assets/js/plugins/jquery/jquery.min.js HTTP/1.1" 200 83618 "http://localhost:8888/admin/" "Mozilla/5.0 (Windows NT 10.0; Win64; x64) AppleWebKit/537.36 (KHTML, like Gecko) Chrome/62.0.3202.94 Safari/537.36"
0:0:0:0:0:0:0:1 - - [17/Nov/2017:02:33:05 +0000] "GET /assets/css/bootstrap/bootstrap.min.css HTTP/1.1" 200 114015 "http://localhost:8888/admin/" "Mozilla/5.0 (Windows NT 10.0; Win64; x64) AppleWebKit/537.36 (KHTML, like Gecko) Chrome/62.0.3202.94 Safari/537.36"
0:0:0:0:0:0:0:1 - - [17/Nov/2017:02:33:05 +0000] "GET /assets/css/jquery/jquery-ui.min.css HTTP/1.1" 200 27289 "http://localhost:8888/admin/" "Mozilla/5.0 (Windows NT 10.0; Win64; x64) AppleWebKit/537.36 (KHTML, like Gecko) Chrome/62.0.3202.94 Safari/537.36"
0:0:0:0:0:0:0:1 - - [17/Nov/2017:02:33:05 +0000] "GET /assets/css/icons/font-awesome.min.css HTTP/1.1" 200 22492 "http://localhost:8888/admin/" "Mozilla/5.0 (Windows NT 10.0; Win64; x64) AppleWebKit/537.36 (KHTML, like Gecko) Chrome/62.0.3202.94 Safari/537.36"
0:0:0:0:0:0:0:1 - - [17/Nov/2017:02:33:05 +0000] "GET /assets/css/select2/select2.css HTTP/1.1" 200 13406 "http://localhost:8888/admin/" "Mozilla/5.0 (Windows NT 10.0; Win64; x64) AppleWebKit/537.36 (KHTML, like Gecko) Chrome/62.0.3202.94 Safari/537.36"
0:0:0:0:0:0:0:1 - - [17/Nov/2017:02:33:05 +0000] "GET /assets/css/mcustomscrollbar/jquery.mCustomScrollbar.css HTTP/1.1" 200 13765 "http://localhost:8888/admin/" "Mozilla/5.0 (Windows NT 10.0; Win64; x64) AppleWebKit/537.36 (KHTML, like Gecko) Chrome/62.0.3202.94 Safari/537.36"
0:0:0:0:0:0:0:1 - - [17/Nov/2017:02:33:05 +0000] "GET /assets/css/shbrush/shCoreDefault.css HTTP/1.1" 200 8921 "http://localhost:8888/admin/" "Mozilla/5.0 (Windows NT 10.0; Win64; x64) AppleWebKit/537.36 (KHTML, like Gecko) Chrome/62.0.3202.94 Safari/537.36"
0:0:0:0:0:0:0:1 - - [17/Nov/2017:02:33:05 +0000] "GET /assets/css/cleditor/jquery.cleditor.css HTTP/1.1" 200 1429 "http://localhost:8888/admin/" "Mozilla/5.0 (Windows NT 10.0; Win64; x64) AppleWebKit/537.36 (KHTML, like Gecko) Chrome/62.0.3202.94 Safari/537.36"
0:0:0:0:0:0:0:1 - - [17/Nov/2017:02:33:05 +0000] "GET /assets/css/shbrush/shThemeDefault.css HTTP/1.1" 200 3023 "http://localhost:8888/admin/" "Mozilla/5.0 (Windows NT 10.0; Win64; x64) AppleWebKit/537.36 (KHTML, like Gecko) Chrome/62.0.3202.94 Safari/537.36"
0:0:0:0:0:0:0:1 - - [17/Nov/2017:02:33:05 +0000] "GET /assets/css/codemirror/codemirror.css HTTP/1.1" 200 6355 "http://localhost:8888/admin/" "Mozilla/5.0 (Windows NT 10.0; Win64; x64) AppleWebKit/537.36 (KHTML, like Gecko) Chrome/62.0.3202.94 Safari/537.36"
0:0:0:0:0:0:0:1 - - [17/Nov/2017:02:33:05 +0000] "GET /assets/css/fancybox/jquery.fancybox.css HTTP/1.1" 200 4372 "http://localhost:8888/admin/" "Mozilla/5.0 (Windows NT 10.0; Win64; x64) AppleWebKit/537.36 (KHTML, like Gecko) Chrome/62.0.3202.94 Safari/537.36"
0:0:0:0:0:0:0:1 - - [17/Nov/2017:02:33:05 +0000] "GET /assets/css/validationengine/validationEngine.css HTTP/1.1" 200 2889 "http://localhost:8888/admin/" "Mozilla/5.0 (Windows NT 10.0; Win64; x64) AppleWebKit/537.36 (KHTML, like Gecko) Chrome/62.0.3202.94 Safari/537.36"
0:0:0:0:0:0:0:1 - - [17/Nov/2017:02:33:05 +0000] "GET /assets/css/fullcalendar/fullcalendar.css HTTP/1.1" 200 10711 "http://localhost:8888/admin/" "Mozilla/5.0 (Windows NT 10.0; Win64; x64) AppleWebKit/537.36 (KHTML, like Gecko) Chrome/62.0.3202.94 Safari/537.36"
0:0:0:0:0:0:0:1 - - [17/Nov/2017:02:33:05 +0000] "GET /assets/css/elfinder/elfinder.min.css HTTP/1.1" 200 33738 "http://localhost:8888/admin/" "Mozilla/5.0 (Windows NT 10.0; Win64; x64) AppleWebKit/537.36 (KHTML, like Gecko) Chrome/62.0.3202.94 Safari/537.36"
0:0:0:0:0:0:0:1 - - [17/Nov/2017:02:33:05 +0000] "GET /assets/css/stylesheet.css HTTP/1.1" 200 70906 "http://localhost:8888/admin/" "Mozilla/5.0 (Windows NT 10.0; Win64; x64) AppleWebKit/537.36 (KHTML, like Gecko) Chrome/62.0.3202.94 Safari/537.36"
0:0:0:0:0:0:0:1 - - [17/Nov/2017:02:33:05 +0000] "GET /assets/css/filetree/jqueryFileTree.css HTTP/1.1" 200 6597 "http://localhost:8888/admin/" "Mozilla/5.0 (Windows NT 10.0; Win64; x64) AppleWebKit/537.36 (KHTML, like Gecko) Chrome/62.0.3202.94 Safari/537.36"
0:0:0:0:0:0:0:1 - - [17/Nov/2017:02:33:05 +0000] "GET /assets/css/backgrounds.css HTTP/1.1" 200 6244 "http://localhost:8888/admin/" "Mozilla/5.0 (Windows NT 10.0; Win64; x64) AppleWebKit/537.36 (KHTML, like Gecko) Chrome/62.0.3202.94 Safari/537.36"
0:0:0:0:0:0:0:1 - - [17/Nov/2017:02:33:05 +0000] "GET /assets/css/themes.css HTTP/1.1" 200 5054 "http://localhost:8888/admin/" "Mozilla/5.0 (Windows NT 10.0; Win64; x64) AppleWebKit/537.36 (KHTML, like Gecko) Chrome/62.0.3202.94 Safari/537.36"
0:0:0:0:0:0:0:1 - - [17/Nov/2017:02:33:05 +0000] "GET /assets/css/mystyles.css HTTP/1.1" 200 0 "http://localhost:8888/admin/" "Mozilla/5.0 (Windows NT 10.0; Win64; x64) AppleWebKit/537.36 (KHTML, like Gecko) Chrome/62.0.3202.94 Safari/537.36"
0:0:0:0:0:0:0:1 - - [17/Nov/2017:02:33:05 +0000] "GET /assets/img/background/bg_num1.jpg HTTP/1.1" 200 14495 "http://localhost:8888/assets/css/stylesheet.css" "Mozilla/5.0 (Windows NT 10.0; Win64; x64) AppleWebKit/537.36 (KHTML, like Gecko) Chrome/62.0.3202.94 Safari/537.36"
0:0:0:0:0:0:0:1 - - [17/Nov/2017:02:33:05 +0000] "GET /common/header.html HTTP/1.1" 200 1305 "http://localhost:8888/admin/" "Mozilla/5.0 (Windows NT 10.0; Win64; x64) AppleWebKit/537.36 (KHTML, like Gecko) Chrome/62.0.3202.94 Safari/537.36"
0:0:0:0:0:0:0:1 - - [17/Nov/2017:02:33:05 +0000] "GET /common/footer.html HTTP/1.1" 200 287 "http://localhost:8888/admin/" "Mozilla/5.0 (Windows NT 10.0; Win64; x64) AppleWebKit/537.36 (KHTML, like Gecko) Chrome/62.0.3202.94 Safari/537.36"
0:0:0:0:0:0:0:1 - - [17/Nov/2017:02:33:05 +0000] "GET /content/admin/index.html HTTP/1.1" 200 1740 "http://localhost:8888/admin/" "Mozilla/5.0 (Windows NT 10.0; Win64; x64) AppleWebKit/537.36 (KHTML, like Gecko) Chrome/62.0.3202.94 Safari/537.36"
0:0:0:0:0:0:0:1 - - [17/Nov/2017:02:33:05 +0000] "GET /content/admin/produk.html HTTP/1.1" 200 3867 "http://localhost:8888/admin/" "Mozilla/5.0 (Windows NT 10.0; Win64; x64) AppleWebKit/537.36 (KHTML, like Gecko) Chrome/62.0.3202.94 Safari/537.36"
0:0:0:0:0:0:0:1 - - [17/Nov/2017:02:33:05 +0000] "GET /assets/js/script/header.js?_=1510885985555 HTTP/1.1" 200 309 "http://localhost:8888/admin/" "Mozilla/5.0 (Windows NT 10.0; Win64; x64) AppleWebKit/537.36 (KHTML, like Gecko) Chrome/62.0.3202.94 Safari/537.36"
0:0:0:0:0:0:0:1 - - [17/Nov/2017:02:33:05 +0000] "GET /assets/js/script/produk.js?_=1510885985556 HTTP/1.1" 200 800 "http://localhost:8888/admin/" "Mozilla/5.0 (Windows NT 10.0; Win64; x64) AppleWebKit/537.36 (KHTML, like Gecko) Chrome/62.0.3202.94 Safari/537.36"
0:0:0:0:0:0:0:1 - - [17/Nov/2017:02:33:05 +0000] "GET /assets/img/background/bt_cubs.png HTTP/1.1" 200 193 "http://localhost:8888/assets/css/stylesheet.css" "Mozilla/5.0 (Windows NT 10.0; Win64; x64) AppleWebKit/537.36 (KHTML, like Gecko) Chrome/62.0.3202.94 Safari/537.36"
0:0:0:0:0:0:0:1 - - [17/Nov/2017:02:33:06 +0000] "GET /assets/css/fonts/fontawesome-webfont.woff?v=3.2.1 HTTP/1.1" 200 43572 "http://localhost:8888/assets/css/icons/font-awesome.min.css" "Mozilla/5.0 (Windows NT 10.0; Win64; x64) AppleWebKit/537.36 (KHTML, like Gecko) Chrome/62.0.3202.94 Safari/537.36"
0:0:0:0:0:0:0:1 - - [17/Nov/2017:02:33:16 +0000] "POST /admin/ HTTP/1.1" 200 1605 "http://localhost:8888/admin/" "Mozilla/5.0 (Windows NT 10.0; Win64; x64) AppleWebKit/537.36 (KHTML, like Gecko) Chrome/62.0.3202.94 Safari/537.36"
0:0:0:0:0:0:0:1 - - [17/Nov/2017:02:33:16 +0000] "GET /assets/js/script/header.js?_=1510885996645 HTTP/1.1" 200 309 "http://localhost:8888/admin/" "Mozilla/5.0 (Windows NT 10.0; Win64; x64) AppleWebKit/537.36 (KHTML, like Gecko) Chrome/62.0.3202.94 Safari/537.36"
0:0:0:0:0:0:0:1 - - [17/Nov/2017:02:33:16 +0000] "GET /assets/js/script/produk.js?_=1510885996646 HTTP/1.1" 200 800 "http://localhost:8888/admin/" "Mozilla/5.0 (Windows NT 10.0; Win64; x64) AppleWebKit/537.36 (KHTML, like Gecko) Chrome/62.0.3202.94 Safari/537.36"
0:0:0:0:0:0:0:1 - - [17/Nov/2017:02:34:01 +0000] "POST /admin/ HTTP/1.1" 200 1605 "http://localhost:8888/admin/" "Mozilla/5.0 (Windows NT 10.0; Win64; x64) AppleWebKit/537.36 (KHTML, like Gecko) Chrome/62.0.3202.94 Safari/537.36"
0:0:0:0:0:0:0:1 - - [17/Nov/2017:02:34:01 +0000] "GET /content/admin/produk.html HTTP/1.1" 304 0 "http://localhost:8888/admin/" "Mozilla/5.0 (Windows NT 10.0; Win64; x64) AppleWebKit/537.36 (KHTML, like Gecko) Chrome/62.0.3202.94 Safari/537.36"
0:0:0:0:0:0:0:1 - - [17/Nov/2017:02:34:01 +0000] "GET /assets/js/script/header.js?_=1510886041585 HTTP/1.1" 200 309 "http://localhost:8888/admin/" "Mozilla/5.0 (Windows NT 10.0; Win64; x64) AppleWebKit/537.36 (KHTML, like Gecko) Chrome/62.0.3202.94 Safari/537.36"
0:0:0:0:0:0:0:1 - - [17/Nov/2017:02:34:02 +0000] "GET /assets/js/script/produk.js?_=1510886041586 HTTP/1.1" 200 800 "http://localhost:8888/admin/" "Mozilla/5.0 (Windows NT 10.0; Win64; x64) AppleWebKit/537.36 (KHTML, like Gecko) Chrome/62.0.3202.94 Safari/537.36"
0:0:0:0:0:0:0:1 - - [17/Nov/2017:02:34:25 +0000] "POST /admin/ HTTP/1.1" 200 1605 "http://localhost:8888/admin/" "Mozilla/5.0 (Windows NT 10.0; Win64; x64) AppleWebKit/537.36 (KHTML, like Gecko) Chrome/62.0.3202.94 Safari/537.36"
0:0:0:0:0:0:0:1 - - [17/Nov/2017:02:34:25 +0000] "GET /assets/js/script/header.js?_=1510886065680 HTTP/1.1" 200 309 "http://localhost:8888/admin/" "Mozilla/5.0 (Windows NT 10.0; Win64; x64) AppleWebKit/537.36 (KHTML, like Gecko) Chrome/62.0.3202.94 Safari/537.36"
0:0:0:0:0:0:0:1 - - [17/Nov/2017:02:34:26 +0000] "GET /assets/js/script/produk.js?_=1510886065681 HTTP/1.1" 200 800 "http://localhost:8888/admin/" "Mozilla/5.0 (Windows NT 10.0; Win64; x64) AppleWebKit/537.36 (KHTML, like Gecko) Chrome/62.0.3202.94 Safari/537.36"
0:0:0:0:0:0:0:1 - - [17/Nov/2017:02:34:31 +0000] "POST /admin/ HTTP/1.1" 200 1605 "http://localhost:8888/admin/" "Mozilla/5.0 (Windows NT 10.0; Win64; x64) AppleWebKit/537.36 (KHTML, like Gecko) Chrome/62.0.3202.94 Safari/537.36"
0:0:0:0:0:0:0:1 - - [17/Nov/2017:02:34:31 +0000] "GET /assets/js/script/header.js?_=1510886071387 HTTP/1.1" 200 309 "http://localhost:8888/admin/" "Mozilla/5.0 (Windows NT 10.0; Win64; x64) AppleWebKit/537.36 (KHTML, like Gecko) Chrome/62.0.3202.94 Safari/537.36"
0:0:0:0:0:0:0:1 - - [17/Nov/2017:02:34:31 +0000] "GET /assets/js/script/produk.js?_=1510886071388 HTTP/1.1" 200 800 "http://localhost:8888/admin/" "Mozilla/5.0 (Windows NT 10.0; Win64; x64) AppleWebKit/537.36 (KHTML, like Gecko) Chrome/62.0.3202.94 Safari/537.36"
0:0:0:0:0:0:0:1 - - [17/Nov/2017:02:34:38 +0000] "POST /admin/ HTTP/1.1" 200 1605 "http://localhost:8888/admin/" "Mozilla/5.0 (Windows NT 10.0; Win64; x64) AppleWebKit/537.36 (KHTML, like Gecko) Chrome/62.0.3202.94 Safari/537.36"
0:0:0:0:0:0:0:1 - - [17/Nov/2017:02:34:39 +0000] "GET /assets/js/script/header.js?_=1510886078780 HTTP/1.1" 200 309 "http://localhost:8888/admin/" "Mozilla/5.0 (Windows NT 10.0; Win64; x64) AppleWebKit/537.36 (KHTML, like Gecko) Chrome/62.0.3202.94 Safari/537.36"
0:0:0:0:0:0:0:1 - - [17/Nov/2017:02:34:39 +0000] "GET /assets/js/script/produk.js?_=1510886078781 HTTP/1.1" 200 800 "http://localhost:8888/admin/" "Mozilla/5.0 (Windows NT 10.0; Win64; x64) AppleWebKit/537.36 (KHTML, like Gecko) Chrome/62.0.3202.94 Safari/537.36"
0:0:0:0:0:0:0:1 - - [17/Nov/2017:02:34:52 +0000] "GET /admin/ HTTP/1.1" 200 1605 "-" "Mozilla/5.0 (Windows NT 10.0; Win64; x64) AppleWebKit/537.36 (KHTML, like Gecko) Chrome/62.0.3202.94 Safari/537.36"
0:0:0:0:0:0:0:1 - - [17/Nov/2017:02:34:53 +0000] "GET /assets/js/script/header.js?_=1510886092978 HTTP/1.1" 200 309 "http://localhost:8888/admin/" "Mozilla/5.0 (Windows NT 10.0; Win64; x64) AppleWebKit/537.36 (KHTML, like Gecko) Chrome/62.0.3202.94 Safari/537.36"
0:0:0:0:0:0:0:1 - - [17/Nov/2017:02:34:53 +0000] "GET /assets/js/script/produk.js?_=1510886092979 HTTP/1.1" 200 800 "http://localhost:8888/admin/" "Mozilla/5.0 (Windows NT 10.0; Win64; x64) AppleWebKit/537.36 (KHTML, like Gecko) Chrome/62.0.3202.94 Safari/537.36"
0:0:0:0:0:0:0:1 - - [17/Nov/2017:02:34:58 +0000] "POST /admin/ HTTP/1.1" 200 1605 "http://localhost:8888/admin/" "Mozilla/5.0 (Windows NT 10.0; Win64; x64) AppleWebKit/537.36 (KHTML, like Gecko) Chrome/62.0.3202.94 Safari/537.36"
0:0:0:0:0:0:0:1 - - [17/Nov/2017:02:34:58 +0000] "GET /assets/js/script/header.js?_=1510886098541 HTTP/1.1" 200 309 "http://localhost:8888/admin/" "Mozilla/5.0 (Windows NT 10.0; Win64; x64) AppleWebKit/537.36 (KHTML, like Gecko) Chrome/62.0.3202.94 Safari/537.36"
0:0:0:0:0:0:0:1 - - [17/Nov/2017:02:34:58 +0000] "GET /assets/js/script/produk.js?_=1510886098542 HTTP/1.1" 200 800 "http://localhost:8888/admin/" "Mozilla/5.0 (Windows NT 10.0; Win64; x64) AppleWebKit/537.36 (KHTML, like Gecko) Chrome/62.0.3202.94 Safari/537.36"
0:0:0:0:0:0:0:1 - - [17/Nov/2017:02:35:03 +0000] "GET /admin/ HTTP/1.1" 200 1605 "-" "Mozilla/5.0 (Windows NT 10.0; Win64; x64) AppleWebKit/537.36 (KHTML, like Gecko) Chrome/62.0.3202.94 Safari/537.36"
0:0:0:0:0:0:0:1 - - [17/Nov/2017:02:35:04 +0000] "GET /assets/js/script/header.js?_=1510886103847 HTTP/1.1" 200 309 "http://localhost:8888/admin/" "Mozilla/5.0 (Windows NT 10.0; Win64; x64) AppleWebKit/537.36 (KHTML, like Gecko) Chrome/62.0.3202.94 Safari/537.36"
0:0:0:0:0:0:0:1 - - [17/Nov/2017:02:35:04 +0000] "GET /assets/js/script/produk.js?_=1510886103848 HTTP/1.1" 200 800 "http://localhost:8888/admin/" "Mozilla/5.0 (Windows NT 10.0; Win64; x64) AppleWebKit/537.36 (KHTML, like Gecko) Chrome/62.0.3202.94 Safari/537.36"
0:0:0:0:0:0:0:1 - - [17/Nov/2017:02:35:07 +0000] "POST /admin/ HTTP/1.1" 200 1605 "http://localhost:8888/admin/" "Mozilla/5.0 (Windows NT 10.0; Win64; x64) AppleWebKit/537.36 (KHTML, like Gecko) Chrome/62.0.3202.94 Safari/537.36"
0:0:0:0:0:0:0:1 - - [17/Nov/2017:02:35:08 +0000] "GET /assets/js/script/header.js?_=1510886107887 HTTP/1.1" 200 309 "http://localhost:8888/admin/" "Mozilla/5.0 (Windows NT 10.0; Win64; x64) AppleWebKit/537.36 (KHTML, like Gecko) Chrome/62.0.3202.94 Safari/537.36"
0:0:0:0:0:0:0:1 - - [17/Nov/2017:02:35:08 +0000] "GET /assets/js/script/produk.js?_=1510886107888 HTTP/1.1" 200 800 "http://localhost:8888/admin/" "Mozilla/5.0 (Windows NT 10.0; Win64; x64) AppleWebKit/537.36 (KHTML, like Gecko) Chrome/62.0.3202.94 Safari/537.36"
0:0:0:0:0:0:0:1 - - [17/Nov/2017:02:35:15 +0000] "GET /assets/img/background/bt_cubs_a.png HTTP/1.1" 200 193 "http://localhost:8888/assets/css/stylesheet.css" "Mozilla/5.0 (Windows NT 10.0; Win64; x64) AppleWebKit/537.36 (KHTML, like Gecko) Chrome/62.0.3202.94 Safari/537.36"
0:0:0:0:0:0:0:1 - - [17/Nov/2017:02:35:21 +0000] "POST /admin/ HTTP/1.1" 200 1605 "http://localhost:8888/admin/" "Mozilla/5.0 (Windows NT 10.0; Win64; x64) AppleWebKit/537.36 (KHTML, like Gecko) Chrome/62.0.3202.94 Safari/537.36"
0:0:0:0:0:0:0:1 - - [17/Nov/2017:02:35:21 +0000] "GET /assets/css/stylesheet.css HTTP/1.1" 304 0 "http://localhost:8888/admin/" "Mozilla/5.0 (Windows NT 10.0; Win64; x64) AppleWebKit/537.36 (KHTML, like Gecko) Chrome/62.0.3202.94 Safari/537.36"
0:0:0:0:0:0:0:1 - - [17/Nov/2017:02:35:22 +0000] "GET /content/admin/produk.html HTTP/1.1" 200 3895 "http://localhost:8888/admin/" "Mozilla/5.0 (Windows NT 10.0; Win64; x64) AppleWebKit/537.36 (KHTML, like Gecko) Chrome/62.0.3202.94 Safari/537.36"
0:0:0:0:0:0:0:1 - - [17/Nov/2017:02:35:22 +0000] "GET /assets/js/script/header.js?_=1510886121818 HTTP/1.1" 200 309 "http://localhost:8888/admin/" "Mozilla/5.0 (Windows NT 10.0; Win64; x64) AppleWebKit/537.36 (KHTML, like Gecko) Chrome/62.0.3202.94 Safari/537.36"
0:0:0:0:0:0:0:1 - - [17/Nov/2017:02:35:22 +0000] "GET /assets/js/script/produk.js?_=1510886121819 HTTP/1.1" 200 800 "http://localhost:8888/admin/" "Mozilla/5.0 (Windows NT 10.0; Win64; x64) AppleWebKit/537.36 (KHTML, like Gecko) Chrome/62.0.3202.94 Safari/537.36"
0:0:0:0:0:0:0:1 - - [17/Nov/2017:02:35:33 +0000] "GET /admin/ HTTP/1.1" 200 1605 "-" "Mozilla/5.0 (Windows NT 10.0; Win64; x64) AppleWebKit/537.36 (KHTML, like Gecko) Chrome/62.0.3202.94 Safari/537.36"
0:0:0:0:0:0:0:1 - - [17/Nov/2017:02:35:34 +0000] "GET /content/admin/produk.html HTTP/1.1" 304 0 "http://localhost:8888/admin/" "Mozilla/5.0 (Windows NT 10.0; Win64; x64) AppleWebKit/537.36 (KHTML, like Gecko) Chrome/62.0.3202.94 Safari/537.36"
0:0:0:0:0:0:0:1 - - [17/Nov/2017:02:35:34 +0000] "GET /assets/js/script/header.js?_=1510886133997 HTTP/1.1" 200 309 "http://localhost:8888/admin/" "Mozilla/5.0 (Windows NT 10.0; Win64; x64) AppleWebKit/537.36 (KHTML, like Gecko) Chrome/62.0.3202.94 Safari/537.36"
0:0:0:0:0:0:0:1 - - [17/Nov/2017:02:35:34 +0000] "GET /assets/js/script/produk.js?_=1510886133998 HTTP/1.1" 200 800 "http://localhost:8888/admin/" "Mozilla/5.0 (Windows NT 10.0; Win64; x64) AppleWebKit/537.36 (KHTML, like Gecko) Chrome/62.0.3202.94 Safari/537.36"
0:0:0:0:0:0:0:1 - - [17/Nov/2017:02:35:41 +0000] "GET /admin/ HTTP/1.1" 304 0 "-" "Mozilla/5.0 (Windows NT 10.0; Win64; x64) AppleWebKit/537.36 (KHTML, like Gecko) Chrome/62.0.3202.94 Safari/537.36"
0:0:0:0:0:0:0:1 - - [17/Nov/2017:02:35:42 +0000] "GET /content/admin/produk.html HTTP/1.1" 304 0 "http://localhost:8888/admin/" "Mozilla/5.0 (Windows NT 10.0; Win64; x64) AppleWebKit/537.36 (KHTML, like Gecko) Chrome/62.0.3202.94 Safari/537.36"
0:0:0:0:0:0:0:1 - - [17/Nov/2017:02:35:42 +0000] "GET /assets/js/script/header.js?_=1510886142111 HTTP/1.1" 200 309 "http://localhost:8888/admin/" "Mozilla/5.0 (Windows NT 10.0; Win64; x64) AppleWebKit/537.36 (KHTML, like Gecko) Chrome/62.0.3202.94 Safari/537.36"
0:0:0:0:0:0:0:1 - - [17/Nov/2017:02:35:42 +0000] "GET /assets/js/script/produk.js?_=1510886142112 HTTP/1.1" 200 800 "http://localhost:8888/admin/" "Mozilla/5.0 (Windows NT 10.0; Win64; x64) AppleWebKit/537.36 (KHTML, like Gecko) Chrome/62.0.3202.94 Safari/537.36"
0:0:0:0:0:0:0:1 - - [17/Nov/2017:02:38:42 +0000] "POST /admin/ HTTP/1.1" 200 1605 "http://localhost:8888/admin/" "Mozilla/5.0 (Windows NT 10.0; Win64; x64) AppleWebKit/537.36 (KHTML, like Gecko) Chrome/62.0.3202.94 Safari/537.36"
0:0:0:0:0:0:0:1 - - [17/Nov/2017:02:38:43 +0000] "GET /content/admin/produk.html HTTP/1.1" 200 3895 "http://localhost:8888/admin/" "Mozilla/5.0 (Windows NT 10.0; Win64; x64) AppleWebKit/537.36 (KHTML, like Gecko) Chrome/62.0.3202.94 Safari/537.36"
0:0:0:0:0:0:0:1 - - [17/Nov/2017:02:38:43 +0000] "GET /assets/js/script/header.js?_=1510886322860 HTTP/1.1" 200 309 "http://localhost:8888/admin/" "Mozilla/5.0 (Windows NT 10.0; Win64; x64) AppleWebKit/537.36 (KHTML, like Gecko) Chrome/62.0.3202.94 Safari/537.36"
0:0:0:0:0:0:0:1 - - [17/Nov/2017:02:38:43 +0000] "GET /assets/js/script/produk.js?_=1510886322861 HTTP/1.1" 200 800 "http://localhost:8888/admin/" "Mozilla/5.0 (Windows NT 10.0; Win64; x64) AppleWebKit/537.36 (KHTML, like Gecko) Chrome/62.0.3202.94 Safari/537.36"
0:0:0:0:0:0:0:1 - - [17/Nov/2017:02:38:55 +0000] "POST /admin/ HTTP/1.1" 304 0 "http://localhost:8888/admin/" "Mozilla/5.0 (Windows NT 10.0; Win64; x64) AppleWebKit/537.36 (KHTML, like Gecko) Chrome/62.0.3202.94 Safari/537.36"
0:0:0:0:0:0:0:1 - - [17/Nov/2017:02:38:56 +0000] "GET /assets/js/script/header.js?_=1510886335854 HTTP/1.1" 200 309 "http://localhost:8888/admin/" "Mozilla/5.0 (Windows NT 10.0; Win64; x64) AppleWebKit/537.36 (KHTML, like Gecko) Chrome/62.0.3202.94 Safari/537.36"
0:0:0:0:0:0:0:1 - - [17/Nov/2017:02:38:56 +0000] "GET /assets/js/script/produk.js?_=1510886335855 HTTP/1.1" 200 800 "http://localhost:8888/admin/" "Mozilla/5.0 (Windows NT 10.0; Win64; x64) AppleWebKit/537.36 (KHTML, like Gecko) Chrome/62.0.3202.94 Safari/537.36"
0:0:0:0:0:0:0:1 - - [17/Nov/2017:02:39:06 +0000] "GET /admin/ HTTP/1.1" 200 1605 "-" "Mozilla/5.0 (Windows NT 10.0; Win64; x64) AppleWebKit/537.36 (KHTML, like Gecko) Chrome/62.0.3202.94 Safari/537.36"
0:0:0:0:0:0:0:1 - - [17/Nov/2017:02:39:06 +0000] "GET /content/admin/produk.html HTTP/1.1" 304 0 "http://localhost:8888/admin/" "Mozilla/5.0 (Windows NT 10.0; Win64; x64) AppleWebKit/537.36 (KHTML, like Gecko) Chrome/62.0.3202.94 Safari/537.36"
0:0:0:0:0:0:0:1 - - [17/Nov/2017:02:39:06 +0000] "GET /assets/js/script/header.js?_=1510886346699 HTTP/1.1" 200 309 "http://localhost:8888/admin/" "Mozilla/5.0 (Windows NT 10.0; Win64; x64) AppleWebKit/537.36 (KHTML, like Gecko) Chrome/62.0.3202.94 Safari/537.36"
0:0:0:0:0:0:0:1 - - [17/Nov/2017:02:39:07 +0000] "GET /assets/js/script/produk.js?_=1510886346700 HTTP/1.1" 200 800 "http://localhost:8888/admin/" "Mozilla/5.0 (Windows NT 10.0; Win64; x64) AppleWebKit/537.36 (KHTML, like Gecko) Chrome/62.0.3202.94 Safari/537.36"
0:0:0:0:0:0:0:1 - - [17/Nov/2017:02:39:22 +0000] "GET /admin/ HTTP/1.1" 304 0 "-" "Mozilla/5.0 (Windows NT 10.0; Win64; x64) AppleWebKit/537.36 (KHTML, like Gecko) Chrome/62.0.3202.94 Safari/537.36"
0:0:0:0:0:0:0:1 - - [17/Nov/2017:02:39:23 +0000] "GET /assets/js/script/header.js?_=1510886363042 HTTP/1.1" 200 309 "http://localhost:8888/admin/" "Mozilla/5.0 (Windows NT 10.0; Win64; x64) AppleWebKit/537.36 (KHTML, like Gecko) Chrome/62.0.3202.94 Safari/537.36"
0:0:0:0:0:0:0:1 - - [17/Nov/2017:02:39:23 +0000] "GET /assets/js/script/produk.js?_=1510886363043 HTTP/1.1" 200 800 "http://localhost:8888/admin/" "Mozilla/5.0 (Windows NT 10.0; Win64; x64) AppleWebKit/537.36 (KHTML, like Gecko) Chrome/62.0.3202.94 Safari/537.36"
0:0:0:0:0:0:0:1 - - [17/Nov/2017:02:39:33 +0000] "GET /admin/ HTTP/1.1" 304 0 "-" "Mozilla/5.0 (Windows NT 10.0; Win64; x64) AppleWebKit/537.36 (KHTML, like Gecko) Chrome/62.0.3202.94 Safari/537.36"
0:0:0:0:0:0:0:1 - - [17/Nov/2017:02:39:34 +0000] "GET /content/admin/produk.html HTTP/1.1" 200 3909 "http://localhost:8888/admin/" "Mozilla/5.0 (Windows NT 10.0; Win64; x64) AppleWebKit/537.36 (KHTML, like Gecko) Chrome/62.0.3202.94 Safari/537.36"
0:0:0:0:0:0:0:1 - - [17/Nov/2017:02:39:34 +0000] "GET /assets/js/script/header.js?_=1510886373973 HTTP/1.1" 200 309 "http://localhost:8888/admin/" "Mozilla/5.0 (Windows NT 10.0; Win64; x64) AppleWebKit/537.36 (KHTML, like Gecko) Chrome/62.0.3202.94 Safari/537.36"
0:0:0:0:0:0:0:1 - - [17/Nov/2017:02:39:34 +0000] "GET /assets/js/script/produk.js?_=1510886373974 HTTP/1.1" 200 800 "http://localhost:8888/admin/" "Mozilla/5.0 (Windows NT 10.0; Win64; x64) AppleWebKit/537.36 (KHTML, like Gecko) Chrome/62.0.3202.94 Safari/537.36"
0:0:0:0:0:0:0:1 - - [17/Nov/2017:02:39:41 +0000] "GET /admin/ HTTP/1.1" 304 0 "-" "Mozilla/5.0 (Windows NT 10.0; Win64; x64) AppleWebKit/537.36 (KHTML, like Gecko) Chrome/62.0.3202.94 Safari/537.36"
0:0:0:0:0:0:0:1 - - [17/Nov/2017:02:39:41 +0000] "GET /assets/css/stylesheet.css HTTP/1.1" 304 0 "http://localhost:8888/admin/" "Mozilla/5.0 (Windows NT 10.0; Win64; x64) AppleWebKit/537.36 (KHTML, like Gecko) Chrome/62.0.3202.94 Safari/537.36"
0:0:0:0:0:0:0:1 - - [17/Nov/2017:02:39:41 +0000] "GET /content/admin/produk.html HTTP/1.1" 200 3909 "http://localhost:8888/admin/" "Mozilla/5.0 (Windows NT 10.0; Win64; x64) AppleWebKit/537.36 (KHTML, like Gecko) Chrome/62.0.3202.94 Safari/537.36"
0:0:0:0:0:0:0:1 - - [17/Nov/2017:02:39:41 +0000] "GET /assets/js/script/header.js?_=1510886381386 HTTP/1.1" 200 309 "http://localhost:8888/admin/" "Mozilla/5.0 (Windows NT 10.0; Win64; x64) AppleWebKit/537.36 (KHTML, like Gecko) Chrome/62.0.3202.94 Safari/537.36"
0:0:0:0:0:0:0:1 - - [17/Nov/2017:02:39:41 +0000] "GET /assets/js/script/produk.js?_=1510886381387 HTTP/1.1" 200 800 "http://localhost:8888/admin/" "Mozilla/5.0 (Windows NT 10.0; Win64; x64) AppleWebKit/537.36 (KHTML, like Gecko) Chrome/62.0.3202.94 Safari/537.36"
0:0:0:0:0:0:0:1 - - [17/Nov/2017:06:33:51 +0000] "GET /admin/ HTTP/1.1" 304 0 "-" "Mozilla/5.0 (Windows NT 10.0; Win64; x64) AppleWebKit/537.36 (KHTML, like Gecko) Chrome/62.0.3202.94 Safari/537.36"
0:0:0:0:0:0:0:1 - - [17/Nov/2017:06:33:54 +0000] "GET /assets/js/script/admin.js HTTP/1.1" 200 623 "http://localhost:8888/admin/" "Mozilla/5.0 (Windows NT 10.0; Win64; x64) AppleWebKit/537.36 (KHTML, like Gecko) Chrome/62.0.3202.94 Safari/537.36"
0:0:0:0:0:0:0:1 - - [17/Nov/2017:06:33:56 +0000] "GET /assets/css/shbrush/shCoreDefault.css HTTP/1.1" 200 8921 "http://localhost:8888/admin/" "Mozilla/5.0 (Windows NT 10.0; Win64; x64) AppleWebKit/537.36 (KHTML, like Gecko) Chrome/62.0.3202.94 Safari/537.36"
0:0:0:0:0:0:0:1 - - [17/Nov/2017:06:33:56 +0000] "GET /assets/css/icons/font-awesome.min.css HTTP/1.1" 200 22492 "http://localhost:8888/admin/" "Mozilla/5.0 (Windows NT 10.0; Win64; x64) AppleWebKit/537.36 (KHTML, like Gecko) Chrome/62.0.3202.94 Safari/537.36"
0:0:0:0:0:0:0:1 - - [17/Nov/2017:06:33:56 +0000] "GET /assets/css/mcustomscrollbar/jquery.mCustomScrollbar.css HTTP/1.1" 200 13765 "http://localhost:8888/admin/" "Mozilla/5.0 (Windows NT 10.0; Win64; x64) AppleWebKit/537.36 (KHTML, like Gecko) Chrome/62.0.3202.94 Safari/537.36"
0:0:0:0:0:0:0:1 - - [17/Nov/2017:06:33:56 +0000] "GET /assets/css/select2/select2.css HTTP/1.1" 200 13406 "http://localhost:8888/admin/" "Mozilla/5.0 (Windows NT 10.0; Win64; x64) AppleWebKit/537.36 (KHTML, like Gecko) Chrome/62.0.3202.94 Safari/537.36"
0:0:0:0:0:0:0:1 - - [17/Nov/2017:06:33:56 +0000] "GET /assets/css/jquery/jquery-ui.min.css HTTP/1.1" 200 27289 "http://localhost:8888/admin/" "Mozilla/5.0 (Windows NT 10.0; Win64; x64) AppleWebKit/537.36 (KHTML, like Gecko) Chrome/62.0.3202.94 Safari/537.36"
0:0:0:0:0:0:0:1 - - [17/Nov/2017:06:33:56 +0000] "GET /assets/css/bootstrap/bootstrap.min.css HTTP/1.1" 200 114015 "http://localhost:8888/admin/" "Mozilla/5.0 (Windows NT 10.0; Win64; x64) AppleWebKit/537.36 (KHTML, like Gecko) Chrome/62.0.3202.94 Safari/537.36"
0:0:0:0:0:0:0:1 - - [17/Nov/2017:06:33:56 +0000] "GET /assets/css/fancybox/jquery.fancybox.css HTTP/1.1" 200 4372 "http://localhost:8888/admin/" "Mozilla/5.0 (Windows NT 10.0; Win64; x64) AppleWebKit/537.36 (KHTML, like Gecko) Chrome/62.0.3202.94 Safari/537.36"
0:0:0:0:0:0:0:1 - - [17/Nov/2017:06:33:56 +0000] "GET /assets/css/shbrush/shThemeDefault.css HTTP/1.1" 200 3023 "http://localhost:8888/admin/" "Mozilla/5.0 (Windows NT 10.0; Win64; x64) AppleWebKit/537.36 (KHTML, like Gecko) Chrome/62.0.3202.94 Safari/537.36"
0:0:0:0:0:0:0:1 - - [17/Nov/2017:06:33:56 +0000] "GET /assets/css/fullcalendar/fullcalendar.css HTTP/1.1" 200 10711 "http://localhost:8888/admin/" "Mozilla/5.0 (Windows NT 10.0; Win64; x64) AppleWebKit/537.36 (KHTML, like Gecko) Chrome/62.0.3202.94 Safari/537.36"
0:0:0:0:0:0:0:1 - - [17/Nov/2017:06:33:56 +0000] "GET /assets/css/validationengine/validationEngine.css HTTP/1.1" 200 2889 "http://localhost:8888/admin/" "Mozilla/5.0 (Windows NT 10.0; Win64; x64) AppleWebKit/537.36 (KHTML, like Gecko) Chrome/62.0.3202.94 Safari/537.36"
0:0:0:0:0:0:0:1 - - [17/Nov/2017:06:33:56 +0000] "GET /assets/css/codemirror/codemirror.css HTTP/1.1" 200 6355 "http://localhost:8888/admin/" "Mozilla/5.0 (Windows NT 10.0; Win64; x64) AppleWebKit/537.36 (KHTML, like Gecko) Chrome/62.0.3202.94 Safari/537.36"
0:0:0:0:0:0:0:1 - - [17/Nov/2017:06:33:56 +0000] "GET /assets/css/cleditor/jquery.cleditor.css HTTP/1.1" 200 1429 "http://localhost:8888/admin/" "Mozilla/5.0 (Windows NT 10.0; Win64; x64) AppleWebKit/537.36 (KHTML, like Gecko) Chrome/62.0.3202.94 Safari/537.36"
0:0:0:0:0:0:0:1 - - [17/Nov/2017:06:33:56 +0000] "GET /assets/css/themes.css HTTP/1.1" 200 5054 "http://localhost:8888/admin/" "Mozilla/5.0 (Windows NT 10.0; Win64; x64) AppleWebKit/537.36 (KHTML, like Gecko) Chrome/62.0.3202.94 Safari/537.36"
0:0:0:0:0:0:0:1 - - [17/Nov/2017:06:33:56 +0000] "GET /assets/css/filetree/jqueryFileTree.css HTTP/1.1" 200 6597 "http://localhost:8888/admin/" "Mozilla/5.0 (Windows NT 10.0; Win64; x64) AppleWebKit/537.36 (KHTML, like Gecko) Chrome/62.0.3202.94 Safari/537.36"
0:0:0:0:0:0:0:1 - - [17/Nov/2017:06:33:56 +0000] "GET /assets/css/backgrounds.css HTTP/1.1" 200 6244 "http://localhost:8888/admin/" "Mozilla/5.0 (Windows NT 10.0; Win64; x64) AppleWebKit/537.36 (KHTML, like Gecko) Chrome/62.0.3202.94 Safari/537.36"
0:0:0:0:0:0:0:1 - - [17/Nov/2017:06:33:57 +0000] "GET /assets/css/mystyles.css HTTP/1.1" 200 0 "http://localhost:8888/admin/" "Mozilla/5.0 (Windows NT 10.0; Win64; x64) AppleWebKit/537.36 (KHTML, like Gecko) Chrome/62.0.3202.94 Safari/537.36"
0:0:0:0:0:0:0:1 - - [17/Nov/2017:06:33:56 +0000] "GET /assets/css/stylesheet.css HTTP/1.1" 200 70906 "http://localhost:8888/admin/" "Mozilla/5.0 (Windows NT 10.0; Win64; x64) AppleWebKit/537.36 (KHTML, like Gecko) Chrome/62.0.3202.94 Safari/537.36"
0:0:0:0:0:0:0:1 - - [17/Nov/2017:06:33:56 +0000] "GET /assets/css/elfinder/elfinder.min.css HTTP/1.1" 200 33738 "http://localhost:8888/admin/" "Mozilla/5.0 (Windows NT 10.0; Win64; x64) AppleWebKit/537.36 (KHTML, like Gecko) Chrome/62.0.3202.94 Safari/537.36"
0:0:0:0:0:0:0:1 - - [17/Nov/2017:06:33:57 +0000] "GET /assets/img/background/bg_num1.jpg HTTP/1.1" 200 14495 "http://localhost:8888/assets/css/stylesheet.css" "Mozilla/5.0 (Windows NT 10.0; Win64; x64) AppleWebKit/537.36 (KHTML, like Gecko) Chrome/62.0.3202.94 Safari/537.36"
0:0:0:0:0:0:0:1 - - [17/Nov/2017:06:33:58 +0000] "GET /assets/js/script/header.js?_=1510900437302 HTTP/1.1" 200 309 "http://localhost:8888/admin/" "Mozilla/5.0 (Windows NT 10.0; Win64; x64) AppleWebKit/537.36 (KHTML, like Gecko) Chrome/62.0.3202.94 Safari/537.36"
0:0:0:0:0:0:0:1 - - [17/Nov/2017:06:33:57 +0000] "GET /content/admin/produk.html HTTP/1.1" 304 0 "http://localhost:8888/admin/" "Mozilla/5.0 (Windows NT 10.0; Win64; x64) AppleWebKit/537.36 (KHTML, like Gecko) Chrome/62.0.3202.94 Safari/537.36"
0:0:0:0:0:0:0:1 - - [17/Nov/2017:06:33:58 +0000] "GET /assets/js/script/produk.js?_=1510900437303 HTTP/1.1" 200 800 "http://localhost:8888/admin/" "Mozilla/5.0 (Windows NT 10.0; Win64; x64) AppleWebKit/537.36 (KHTML, like Gecko) Chrome/62.0.3202.94 Safari/537.36"
0:0:0:0:0:0:0:1 - - [17/Nov/2017:06:33:58 +0000] "GET /assets/img/background/bt_cubs.png HTTP/1.1" 200 193 "http://localhost:8888/assets/css/stylesheet.css" "Mozilla/5.0 (Windows NT 10.0; Win64; x64) AppleWebKit/537.36 (KHTML, like Gecko) Chrome/62.0.3202.94 Safari/537.36"
0:0:0:0:0:0:0:1 - - [17/Nov/2017:06:33:58 +0000] "GET /assets/css/fonts/fontawesome-webfont.woff?v=3.2.1 HTTP/1.1" 200 43572 "http://localhost:8888/assets/css/icons/font-awesome.min.css" "Mozilla/5.0 (Windows NT 10.0; Win64; x64) AppleWebKit/537.36 (KHTML, like Gecko) Chrome/62.0.3202.94 Safari/537.36"
0:0:0:0:0:0:0:1 - - [17/Nov/2017:06:51:52 +0000] "GET /assets/js/script/header.js?_=1510901512535 HTTP/1.1" 200 309 "http://localhost:8888/admin/" "Mozilla/5.0 (Windows NT 10.0; Win64; x64) AppleWebKit/537.36 (KHTML, like Gecko) Chrome/62.0.3202.94 Safari/537.36"
0:0:0:0:0:0:0:1 - - [17/Nov/2017:06:51:52 +0000] "GET /assets/js/script/produk.js?_=1510901512536 HTTP/1.1" 200 800 "http://localhost:8888/admin/" "Mozilla/5.0 (Windows NT 10.0; Win64; x64) AppleWebKit/537.36 (KHTML, like Gecko) Chrome/62.0.3202.94 Safari/537.36"
