0:0:0:0:0:0:0:1 - - [16/Nov/2017:02:46:26 +0000] "GET / HTTP/1.1" 200 1568 "-" "Mozilla/5.0 (Windows NT 10.0; Win64; x64) AppleWebKit/537.36 (KHTML, like Gecko) Chrome/62.0.3202.94 Safari/537.36"
0:0:0:0:0:0:0:1 - - [16/Nov/2017:02:46:27 +0000] "GET /assets/css/stylesheets.css HTTP/1.1" 200 2864 "http://localhost:8080/" "Mozilla/5.0 (Windows NT 10.0; Win64; x64) AppleWebKit/537.36 (KHTML, like Gecko) Chrome/62.0.3202.94 Safari/537.36"
0:0:0:0:0:0:0:1 - - [16/Nov/2017:02:46:27 +0000] "GET /assets/js/plugins/jquery/jquery-migrate.min.js HTTP/1.1" 200 7200 "http://localhost:8080/" "Mozilla/5.0 (Windows NT 10.0; Win64; x64) AppleWebKit/537.36 (KHTML, like Gecko) Chrome/62.0.3202.94 Safari/537.36"
0:0:0:0:0:0:0:1 - - [16/Nov/2017:02:46:27 +0000] "GET /assets/js/plugins/bootstrap/bootstrap.min.js HTTP/1.1" 200 34659 "http://localhost:8080/" "Mozilla/5.0 (Windows NT 10.0; Win64; x64) AppleWebKit/537.36 (KHTML, like Gecko) Chrome/62.0.3202.94 Safari/537.36"
0:0:0:0:0:0:0:1 - - [16/Nov/2017:02:46:27 +0000] "GET /assets/js/plugins/jquery/globalize.js HTTP/1.1" 200 46821 "http://localhost:8080/" "Mozilla/5.0 (Windows NT 10.0; Win64; x64) AppleWebKit/537.36 (KHTML, like Gecko) Chrome/62.0.3202.94 Safari/537.36"
0:0:0:0:0:0:0:1 - - [16/Nov/2017:02:46:27 +0000] "GET /assets/js/plugins/jquery/jquery.min.js HTTP/1.1" 200 83618 "http://localhost:8080/" "Mozilla/5.0 (Windows NT 10.0; Win64; x64) AppleWebKit/537.36 (KHTML, like Gecko) Chrome/62.0.3202.94 Safari/537.36"
0:0:0:0:0:0:0:1 - - [16/Nov/2017:02:46:27 +0000] "GET /assets/js/plugins/datatables/jquery.dataTables.min.js HTTP/1.1" 200 71012 "http://localhost:8080/" "Mozilla/5.0 (Windows NT 10.0; Win64; x64) AppleWebKit/537.36 (KHTML, like Gecko) Chrome/62.0.3202.94 Safari/537.36"
0:0:0:0:0:0:0:1 - - [16/Nov/2017:02:46:27 +0000] "GET /assets/js/plugins/jquery/jquery-ui.min.js HTTP/1.1" 200 228143 "http://localhost:8080/" "Mozilla/5.0 (Windows NT 10.0; Win64; x64) AppleWebKit/537.36 (KHTML, like Gecko) Chrome/62.0.3202.94 Safari/537.36"
0:0:0:0:0:0:0:1 - - [16/Nov/2017:02:46:27 +0000] "GET /assets/css/bootstrap/bootstrap.min.css HTTP/1.1" 200 114015 "http://localhost:8080/" "Mozilla/5.0 (Windows NT 10.0; Win64; x64) AppleWebKit/537.36 (KHTML, like Gecko) Chrome/62.0.3202.94 Safari/537.36"
0:0:0:0:0:0:0:1 - - [16/Nov/2017:02:46:27 +0000] "GET /assets/css/icons/font-awesome.min.css HTTP/1.1" 200 22492 "http://localhost:8080/" "Mozilla/5.0 (Windows NT 10.0; Win64; x64) AppleWebKit/537.36 (KHTML, like Gecko) Chrome/62.0.3202.94 Safari/537.36"
0:0:0:0:0:0:0:1 - - [16/Nov/2017:02:46:27 +0000] "GET /assets/css/jquery/jquery-ui.min.css HTTP/1.1" 200 27289 "http://localhost:8080/" "Mozilla/5.0 (Windows NT 10.0; Win64; x64) AppleWebKit/537.36 (KHTML, like Gecko) Chrome/62.0.3202.94 Safari/537.36"
0:0:0:0:0:0:0:1 - - [16/Nov/2017:02:46:28 +0000] "GET /assets/css/mcustomscrollbar/jquery.mCustomScrollbar.css HTTP/1.1" 200 13765 "http://localhost:8080/" "Mozilla/5.0 (Windows NT 10.0; Win64; x64) AppleWebKit/537.36 (KHTML, like Gecko) Chrome/62.0.3202.94 Safari/537.36"
0:0:0:0:0:0:0:1 - - [16/Nov/2017:02:46:28 +0000] "GET /assets/css/select2/select2.css HTTP/1.1" 200 13406 "http://localhost:8080/" "Mozilla/5.0 (Windows NT 10.0; Win64; x64) AppleWebKit/537.36 (KHTML, like Gecko) Chrome/62.0.3202.94 Safari/537.36"
0:0:0:0:0:0:0:1 - - [16/Nov/2017:02:46:28 +0000] "GET /assets/css/codemirror/codemirror.css HTTP/1.1" 200 6355 "http://localhost:8080/" "Mozilla/5.0 (Windows NT 10.0; Win64; x64) AppleWebKit/537.36 (KHTML, like Gecko) Chrome/62.0.3202.94 Safari/537.36"
0:0:0:0:0:0:0:1 - - [16/Nov/2017:02:46:28 +0000] "GET /assets/css/cleditor/jquery.cleditor.css HTTP/1.1" 200 1429 "http://localhost:8080/" "Mozilla/5.0 (Windows NT 10.0; Win64; x64) AppleWebKit/537.36 (KHTML, like Gecko) Chrome/62.0.3202.94 Safari/537.36"
0:0:0:0:0:0:0:1 - - [16/Nov/2017:02:46:28 +0000] "GET /assets/css/shbrush/shThemeDefault.css HTTP/1.1" 200 3023 "http://localhost:8080/" "Mozilla/5.0 (Windows NT 10.0; Win64; x64) AppleWebKit/537.36 (KHTML, like Gecko) Chrome/62.0.3202.94 Safari/537.36"
0:0:0:0:0:0:0:1 - - [16/Nov/2017:02:46:28 +0000] "GET /assets/css/shbrush/shCoreDefault.css HTTP/1.1" 200 8921 "http://localhost:8080/" "Mozilla/5.0 (Windows NT 10.0; Win64; x64) AppleWebKit/537.36 (KHTML, like Gecko) Chrome/62.0.3202.94 Safari/537.36"
0:0:0:0:0:0:0:1 - - [16/Nov/2017:02:46:28 +0000] "GET /assets/css/validationengine/validationEngine.css HTTP/1.1" 200 2889 "http://localhost:8080/" "Mozilla/5.0 (Windows NT 10.0; Win64; x64) AppleWebKit/537.36 (KHTML, like Gecko) Chrome/62.0.3202.94 Safari/537.36"
0:0:0:0:0:0:0:1 - - [16/Nov/2017:02:46:28 +0000] "GET /assets/css/fullcalendar/fullcalendar.css HTTP/1.1" 200 10711 "http://localhost:8080/" "Mozilla/5.0 (Windows NT 10.0; Win64; x64) AppleWebKit/537.36 (KHTML, like Gecko) Chrome/62.0.3202.94 Safari/537.36"
0:0:0:0:0:0:0:1 - - [16/Nov/2017:02:46:28 +0000] "GET /assets/css/fancybox/jquery.fancybox.css HTTP/1.1" 200 4372 "http://localhost:8080/" "Mozilla/5.0 (Windows NT 10.0; Win64; x64) AppleWebKit/537.36 (KHTML, like Gecko) Chrome/62.0.3202.94 Safari/537.36"
0:0:0:0:0:0:0:1 - - [16/Nov/2017:02:46:28 +0000] "GET /assets/css/elfinder/elfinder.min.css HTTP/1.1" 200 33738 "http://localhost:8080/" "Mozilla/5.0 (Windows NT 10.0; Win64; x64) AppleWebKit/537.36 (KHTML, like Gecko) Chrome/62.0.3202.94 Safari/537.36"
0:0:0:0:0:0:0:1 - - [16/Nov/2017:02:46:28 +0000] "GET /assets/css/backgrounds.css HTTP/1.1" 200 6244 "http://localhost:8080/" "Mozilla/5.0 (Windows NT 10.0; Win64; x64) AppleWebKit/537.36 (KHTML, like Gecko) Chrome/62.0.3202.94 Safari/537.36"
0:0:0:0:0:0:0:1 - - [16/Nov/2017:02:46:28 +0000] "GET /assets/css/filetree/jqueryFileTree.css HTTP/1.1" 200 6597 "http://localhost:8080/" "Mozilla/5.0 (Windows NT 10.0; Win64; x64) AppleWebKit/537.36 (KHTML, like Gecko) Chrome/62.0.3202.94 Safari/537.36"
0:0:0:0:0:0:0:1 - - [16/Nov/2017:02:46:28 +0000] "GET /assets/js/script/icpay.js HTTP/1.1" 200 654 "http://localhost:8080/" "Mozilla/5.0 (Windows NT 10.0; Win64; x64) AppleWebKit/537.36 (KHTML, like Gecko) Chrome/62.0.3202.94 Safari/537.36"
0:0:0:0:0:0:0:1 - - [16/Nov/2017:02:46:28 +0000] "GET /assets/css/themes.css HTTP/1.1" 200 5054 "http://localhost:8080/" "Mozilla/5.0 (Windows NT 10.0; Win64; x64) AppleWebKit/537.36 (KHTML, like Gecko) Chrome/62.0.3202.94 Safari/537.36"
0:0:0:0:0:0:0:1 - - [16/Nov/2017:02:46:28 +0000] "GET /assets/css/mystyles.css HTTP/1.1" 200 0 "http://localhost:8080/" "Mozilla/5.0 (Windows NT 10.0; Win64; x64) AppleWebKit/537.36 (KHTML, like Gecko) Chrome/62.0.3202.94 Safari/537.36"
0:0:0:0:0:0:0:1 - - [16/Nov/2017:02:46:28 +0000] "GET /assets/css/stylesheet.css HTTP/1.1" 200 70906 "http://localhost:8080/" "Mozilla/5.0 (Windows NT 10.0; Win64; x64) AppleWebKit/537.36 (KHTML, like Gecko) Chrome/62.0.3202.94 Safari/537.36"
0:0:0:0:0:0:0:1 - - [16/Nov/2017:02:46:28 +0000] "GET /assets/js/plugins/mcustomscrollbar/jquery.mCustomScrollbar.min.js HTTP/1.1" 200 24110 "http://localhost:8080/" "Mozilla/5.0 (Windows NT 10.0; Win64; x64) AppleWebKit/537.36 (KHTML, like Gecko) Chrome/62.0.3202.94 Safari/537.36"
0:0:0:0:0:0:0:1 - - [16/Nov/2017:02:46:28 +0000] "GET /assets/js/plugins/uniform/jquery.uniform.min.js HTTP/1.1" 200 8308 "http://localhost:8080/" "Mozilla/5.0 (Windows NT 10.0; Win64; x64) AppleWebKit/537.36 (KHTML, like Gecko) Chrome/62.0.3202.94 Safari/537.36"
0:0:0:0:0:0:0:1 - - [16/Nov/2017:02:46:28 +0000] "GET /assets/js/plugins/knob/jquery.knob.js HTTP/1.1" 200 24766 "http://localhost:8080/" "Mozilla/5.0 (Windows NT 10.0; Win64; x64) AppleWebKit/537.36 (KHTML, like Gecko) Chrome/62.0.3202.94 Safari/537.36"
0:0:0:0:0:0:0:1 - - [16/Nov/2017:02:46:28 +0000] "GET /assets/js/plugins/sparkline/jquery.sparkline.min.js HTTP/1.1" 200 43231 "http://localhost:8080/" "Mozilla/5.0 (Windows NT 10.0; Win64; x64) AppleWebKit/537.36 (KHTML, like Gecko) Chrome/62.0.3202.94 Safari/537.36"
0:0:0:0:0:0:0:1 - - [16/Nov/2017:02:46:28 +0000] "GET /assets/js/plugins/flot/jquery.flot.resize.js HTTP/1.1" 200 3195 "http://localhost:8080/" "Mozilla/5.0 (Windows NT 10.0; Win64; x64) AppleWebKit/537.36 (KHTML, like Gecko) Chrome/62.0.3202.94 Safari/537.36"
0:0:0:0:0:0:0:1 - - [16/Nov/2017:02:46:28 +0000] "GET /assets/js/plugins/flot/jquery.flot.js HTTP/1.1" 200 122463 "http://localhost:8080/" "Mozilla/5.0 (Windows NT 10.0; Win64; x64) AppleWebKit/537.36 (KHTML, like Gecko) Chrome/62.0.3202.94 Safari/537.36"
0:0:0:0:0:0:0:1 - - [16/Nov/2017:02:46:28 +0000] "GET /assets/img/background/bg_num1.jpg HTTP/1.1" 200 14495 "http://localhost:8080/assets/css/stylesheet.css" "Mozilla/5.0 (Windows NT 10.0; Win64; x64) AppleWebKit/537.36 (KHTML, like Gecko) Chrome/62.0.3202.94 Safari/537.36"
0:0:0:0:0:0:0:1 - - [16/Nov/2017:02:46:28 +0000] "GET /common/footer.html HTTP/1.1" 200 287 "http://localhost:8080/" "Mozilla/5.0 (Windows NT 10.0; Win64; x64) AppleWebKit/537.36 (KHTML, like Gecko) Chrome/62.0.3202.94 Safari/537.36"
0:0:0:0:0:0:0:1 - - [16/Nov/2017:02:46:28 +0000] "GET /common/header-test.html HTTP/1.1" 200 685 "http://localhost:8080/" "Mozilla/5.0 (Windows NT 10.0; Win64; x64) AppleWebKit/537.36 (KHTML, like Gecko) Chrome/62.0.3202.94 Safari/537.36"
0:0:0:0:0:0:0:1 - - [16/Nov/2017:02:46:28 +0000] "GET /content/login.html HTTP/1.1" 200 2285 "http://localhost:8080/" "Mozilla/5.0 (Windows NT 10.0; Win64; x64) AppleWebKit/537.36 (KHTML, like Gecko) Chrome/62.0.3202.94 Safari/537.36"
0:0:0:0:0:0:0:1 - - [16/Nov/2017:02:46:29 +0000] "GET /assets/js/script/login.js?_=1510800388498 HTTP/1.1" 200 146 "http://localhost:8080/" "Mozilla/5.0 (Windows NT 10.0; Win64; x64) AppleWebKit/537.36 (KHTML, like Gecko) Chrome/62.0.3202.94 Safari/537.36"
0:0:0:0:0:0:0:1 - - [16/Nov/2017:02:46:29 +0000] "GET /assets/img/background/bt_cubs.png HTTP/1.1" 200 193 "http://localhost:8080/assets/css/stylesheet.css" "Mozilla/5.0 (Windows NT 10.0; Win64; x64) AppleWebKit/537.36 (KHTML, like Gecko) Chrome/62.0.3202.94 Safari/537.36"
0:0:0:0:0:0:0:1 - - [16/Nov/2017:02:46:29 +0000] "GET /assets/css/fonts/fontawesome-webfont.woff?v=3.2.1 HTTP/1.1" 200 43572 "http://localhost:8080/assets/css/icons/font-awesome.min.css" "Mozilla/5.0 (Windows NT 10.0; Win64; x64) AppleWebKit/537.36 (KHTML, like Gecko) Chrome/62.0.3202.94 Safari/537.36"
0:0:0:0:0:0:0:1 - - [16/Nov/2017:02:46:29 +0000] "GET /assets/img/example/user/dmitry_b.jpg HTTP/1.1" 200 21402 "http://localhost:8080/" "Mozilla/5.0 (Windows NT 10.0; Win64; x64) AppleWebKit/537.36 (KHTML, like Gecko) Chrome/62.0.3202.94 Safari/537.36"
0:0:0:0:0:0:0:1 - - [16/Nov/2017:02:46:30 +0000] "GET /favicon.ico HTTP/1.1" 404 326 "http://localhost:8080/" "Mozilla/5.0 (Windows NT 10.0; Win64; x64) AppleWebKit/537.36 (KHTML, like Gecko) Chrome/62.0.3202.94 Safari/537.36"
0:0:0:0:0:0:0:1 - - [16/Nov/2017:02:46:33 +0000] "GET /admin HTTP/1.1" 302 0 "http://localhost:8080/" "Mozilla/5.0 (Windows NT 10.0; Win64; x64) AppleWebKit/537.36 (KHTML, like Gecko) Chrome/62.0.3202.94 Safari/537.36"
0:0:0:0:0:0:0:1 - - [16/Nov/2017:02:46:33 +0000] "GET /admin/ HTTP/1.1" 200 1605 "http://localhost:8080/" "Mozilla/5.0 (Windows NT 10.0; Win64; x64) AppleWebKit/537.36 (KHTML, like Gecko) Chrome/62.0.3202.94 Safari/537.36"
0:0:0:0:0:0:0:1 - - [16/Nov/2017:02:46:33 +0000] "GET /assets/js/script/admin.js HTTP/1.1" 200 623 "http://localhost:8080/admin/" "Mozilla/5.0 (Windows NT 10.0; Win64; x64) AppleWebKit/537.36 (KHTML, like Gecko) Chrome/62.0.3202.94 Safari/537.36"
0:0:0:0:0:0:0:1 - - [16/Nov/2017:02:46:33 +0000] "GET /content/admin/.html HTTP/1.1" 404 334 "http://localhost:8080/admin/" "Mozilla/5.0 (Windows NT 10.0; Win64; x64) AppleWebKit/537.36 (KHTML, like Gecko) Chrome/62.0.3202.94 Safari/537.36"
0:0:0:0:0:0:0:1 - - [16/Nov/2017:02:46:33 +0000] "GET /common/header.html HTTP/1.1" 200 1305 "http://localhost:8080/admin/" "Mozilla/5.0 (Windows NT 10.0; Win64; x64) AppleWebKit/537.36 (KHTML, like Gecko) Chrome/62.0.3202.94 Safari/537.36"
0:0:0:0:0:0:0:1 - - [16/Nov/2017:02:46:33 +0000] "GET /content/admin/index.html HTTP/1.1" 200 1740 "http://localhost:8080/admin/" "Mozilla/5.0 (Windows NT 10.0; Win64; x64) AppleWebKit/537.36 (KHTML, like Gecko) Chrome/62.0.3202.94 Safari/537.36"
0:0:0:0:0:0:0:1 - - [16/Nov/2017:02:46:33 +0000] "GET /assets/js/script/header.js?_=1510800393418 HTTP/1.1" 200 309 "http://localhost:8080/admin/" "Mozilla/5.0 (Windows NT 10.0; Win64; x64) AppleWebKit/537.36 (KHTML, like Gecko) Chrome/62.0.3202.94 Safari/537.36"
0:0:0:0:0:0:0:1 - - [16/Nov/2017:02:46:47 +0000] "GET /assets/img/background/bt_cubs_a.png HTTP/1.1" 200 193 "http://localhost:8080/assets/css/stylesheet.css" "Mozilla/5.0 (Windows NT 10.0; Win64; x64) AppleWebKit/537.36 (KHTML, like Gecko) Chrome/62.0.3202.94 Safari/537.36"
0:0:0:0:0:0:0:1 - - [16/Nov/2017:02:47:00 +0000] "GET /content/admin/secman.html HTTP/1.1" 200 717 "http://localhost:8080/admin/" "Mozilla/5.0 (Windows NT 10.0; Win64; x64) AppleWebKit/537.36 (KHTML, like Gecko) Chrome/62.0.3202.94 Safari/537.36"
0:0:0:0:0:0:0:1 - - [16/Nov/2017:02:47:00 +0000] "GET /assets/js/script/monitoring.js?_=1510800393419 HTTP/1.1" 200 123 "http://localhost:8080/admin/" "Mozilla/5.0 (Windows NT 10.0; Win64; x64) AppleWebKit/537.36 (KHTML, like Gecko) Chrome/62.0.3202.94 Safari/537.36"
0:0:0:0:0:0:0:1 - - [16/Nov/2017:02:47:03 +0000] "GET /content/admin/produk.html HTTP/1.1" 200 4292 "http://localhost:8080/admin/" "Mozilla/5.0 (Windows NT 10.0; Win64; x64) AppleWebKit/537.36 (KHTML, like Gecko) Chrome/62.0.3202.94 Safari/537.36"
0:0:0:0:0:0:0:1 - - [16/Nov/2017:02:47:03 +0000] "GET /assets/js/script/produk.js?_=1510800393420 HTTP/1.1" 200 678 "http://localhost:8080/admin/" "Mozilla/5.0 (Windows NT 10.0; Win64; x64) AppleWebKit/537.36 (KHTML, like Gecko) Chrome/62.0.3202.94 Safari/537.36"
0:0:0:0:0:0:0:1 - - [16/Nov/2017:02:47:36 +0000] "GET /admin/ HTTP/1.1" 304 0 "-" "Mozilla/5.0 (Windows NT 10.0; Win64; x64) AppleWebKit/537.36 (KHTML, like Gecko) Chrome/62.0.3202.94 Safari/537.36"
0:0:0:0:0:0:0:1 - - [16/Nov/2017:02:47:36 +0000] "GET /assets/js/script/header.js?_=1510800456515 HTTP/1.1" 200 309 "http://localhost:8080/admin/" "Mozilla/5.0 (Windows NT 10.0; Win64; x64) AppleWebKit/537.36 (KHTML, like Gecko) Chrome/62.0.3202.94 Safari/537.36"
0:0:0:0:0:0:0:1 - - [16/Nov/2017:02:47:36 +0000] "GET /assets/js/script/produk.js?_=1510800456516 HTTP/1.1" 200 678 "http://localhost:8080/admin/" "Mozilla/5.0 (Windows NT 10.0; Win64; x64) AppleWebKit/537.36 (KHTML, like Gecko) Chrome/62.0.3202.94 Safari/537.36"
0:0:0:0:0:0:0:1 - - [16/Nov/2017:02:48:05 +0000] "GET /admin/ HTTP/1.1" 200 1605 "-" "Mozilla/5.0 (Windows NT 10.0; Win64; x64) AppleWebKit/537.36 (KHTML, like Gecko) Chrome/62.0.3202.94 Safari/537.36"
0:0:0:0:0:0:0:1 - - [16/Nov/2017:02:48:05 +0000] "GET /assets/css/stylesheets.css HTTP/1.1" 200 2864 "http://localhost:8081/admin/" "Mozilla/5.0 (Windows NT 10.0; Win64; x64) AppleWebKit/537.36 (KHTML, like Gecko) Chrome/62.0.3202.94 Safari/537.36"
0:0:0:0:0:0:0:1 - - [16/Nov/2017:02:48:05 +0000] "GET /assets/js/plugins/jquery/globalize.js HTTP/1.1" 200 46821 "http://localhost:8081/admin/" "Mozilla/5.0 (Windows NT 10.0; Win64; x64) AppleWebKit/537.36 (KHTML, like Gecko) Chrome/62.0.3202.94 Safari/537.36"
0:0:0:0:0:0:0:1 - - [16/Nov/2017:02:48:05 +0000] "GET /assets/js/plugins/datatables/jquery.dataTables.min.js HTTP/1.1" 200 71012 "http://localhost:8081/admin/" "Mozilla/5.0 (Windows NT 10.0; Win64; x64) AppleWebKit/537.36 (KHTML, like Gecko) Chrome/62.0.3202.94 Safari/537.36"
0:0:0:0:0:0:0:1 - - [16/Nov/2017:02:48:05 +0000] "GET /assets/js/plugins/bootstrap/bootstrap.min.js HTTP/1.1" 200 34659 "http://localhost:8081/admin/" "Mozilla/5.0 (Windows NT 10.0; Win64; x64) AppleWebKit/537.36 (KHTML, like Gecko) Chrome/62.0.3202.94 Safari/537.36"
0:0:0:0:0:0:0:1 - - [16/Nov/2017:02:48:05 +0000] "GET /assets/js/plugins/jquery/jquery-ui.min.js HTTP/1.1" 200 228143 "http://localhost:8081/admin/" "Mozilla/5.0 (Windows NT 10.0; Win64; x64) AppleWebKit/537.36 (KHTML, like Gecko) Chrome/62.0.3202.94 Safari/537.36"
0:0:0:0:0:0:0:1 - - [16/Nov/2017:02:48:05 +0000] "GET /assets/js/script/admin.js HTTP/1.1" 200 623 "http://localhost:8081/admin/" "Mozilla/5.0 (Windows NT 10.0; Win64; x64) AppleWebKit/537.36 (KHTML, like Gecko) Chrome/62.0.3202.94 Safari/537.36"
0:0:0:0:0:0:0:1 - - [16/Nov/2017:02:48:05 +0000] "GET /assets/js/plugins/jquery/jquery.min.js HTTP/1.1" 200 83618 "http://localhost:8081/admin/" "Mozilla/5.0 (Windows NT 10.0; Win64; x64) AppleWebKit/537.36 (KHTML, like Gecko) Chrome/62.0.3202.94 Safari/537.36"
0:0:0:0:0:0:0:1 - - [16/Nov/2017:02:48:05 +0000] "GET /assets/js/plugins/jquery/jquery-migrate.min.js HTTP/1.1" 200 7200 "http://localhost:8081/admin/" "Mozilla/5.0 (Windows NT 10.0; Win64; x64) AppleWebKit/537.36 (KHTML, like Gecko) Chrome/62.0.3202.94 Safari/537.36"
0:0:0:0:0:0:0:1 - - [16/Nov/2017:02:48:05 +0000] "GET /assets/js/plugins/uniform/jquery.uniform.min.js HTTP/1.1" 200 8308 "http://localhost:8081/admin/" "Mozilla/5.0 (Windows NT 10.0; Win64; x64) AppleWebKit/537.36 (KHTML, like Gecko) Chrome/62.0.3202.94 Safari/537.36"
0:0:0:0:0:0:0:1 - - [16/Nov/2017:02:48:05 +0000] "GET /assets/js/plugins/mcustomscrollbar/jquery.mCustomScrollbar.min.js HTTP/1.1" 200 24110 "http://localhost:8081/admin/" "Mozilla/5.0 (Windows NT 10.0; Win64; x64) AppleWebKit/537.36 (KHTML, like Gecko) Chrome/62.0.3202.94 Safari/537.36"
0:0:0:0:0:0:0:1 - - [16/Nov/2017:02:48:05 +0000] "GET /assets/js/plugins/knob/jquery.knob.js HTTP/1.1" 200 24766 "http://localhost:8081/admin/" "Mozilla/5.0 (Windows NT 10.0; Win64; x64) AppleWebKit/537.36 (KHTML, like Gecko) Chrome/62.0.3202.94 Safari/537.36"
0:0:0:0:0:0:0:1 - - [16/Nov/2017:02:48:05 +0000] "GET /assets/js/plugins/sparkline/jquery.sparkline.min.js HTTP/1.1" 200 43231 "http://localhost:8081/admin/" "Mozilla/5.0 (Windows NT 10.0; Win64; x64) AppleWebKit/537.36 (KHTML, like Gecko) Chrome/62.0.3202.94 Safari/537.36"
0:0:0:0:0:0:0:1 - - [16/Nov/2017:02:48:05 +0000] "GET /assets/js/plugins/flot/jquery.flot.js HTTP/1.1" 200 122463 "http://localhost:8081/admin/" "Mozilla/5.0 (Windows NT 10.0; Win64; x64) AppleWebKit/537.36 (KHTML, like Gecko) Chrome/62.0.3202.94 Safari/537.36"
0:0:0:0:0:0:0:1 - - [16/Nov/2017:02:48:05 +0000] "GET /assets/css/bootstrap/bootstrap.min.css HTTP/1.1" 200 114015 "http://localhost:8081/admin/" "Mozilla/5.0 (Windows NT 10.0; Win64; x64) AppleWebKit/537.36 (KHTML, like Gecko) Chrome/62.0.3202.94 Safari/537.36"
0:0:0:0:0:0:0:1 - - [16/Nov/2017:02:48:05 +0000] "GET /assets/css/jquery/jquery-ui.min.css HTTP/1.1" 200 27289 "http://localhost:8081/admin/" "Mozilla/5.0 (Windows NT 10.0; Win64; x64) AppleWebKit/537.36 (KHTML, like Gecko) Chrome/62.0.3202.94 Safari/537.36"
0:0:0:0:0:0:0:1 - - [16/Nov/2017:02:48:05 +0000] "GET /assets/css/icons/font-awesome.min.css HTTP/1.1" 200 22492 "http://localhost:8081/admin/" "Mozilla/5.0 (Windows NT 10.0; Win64; x64) AppleWebKit/537.36 (KHTML, like Gecko) Chrome/62.0.3202.94 Safari/537.36"
0:0:0:0:0:0:0:1 - - [16/Nov/2017:02:48:05 +0000] "GET /assets/css/mcustomscrollbar/jquery.mCustomScrollbar.css HTTP/1.1" 200 13765 "http://localhost:8081/admin/" "Mozilla/5.0 (Windows NT 10.0; Win64; x64) AppleWebKit/537.36 (KHTML, like Gecko) Chrome/62.0.3202.94 Safari/537.36"
0:0:0:0:0:0:0:1 - - [16/Nov/2017:02:48:05 +0000] "GET /assets/css/select2/select2.css HTTP/1.1" 200 13406 "http://localhost:8081/admin/" "Mozilla/5.0 (Windows NT 10.0; Win64; x64) AppleWebKit/537.36 (KHTML, like Gecko) Chrome/62.0.3202.94 Safari/537.36"
0:0:0:0:0:0:0:1 - - [16/Nov/2017:02:48:06 +0000] "GET /assets/css/shbrush/shCoreDefault.css HTTP/1.1" 200 8921 "http://localhost:8081/admin/" "Mozilla/5.0 (Windows NT 10.0; Win64; x64) AppleWebKit/537.36 (KHTML, like Gecko) Chrome/62.0.3202.94 Safari/537.36"
0:0:0:0:0:0:0:1 - - [16/Nov/2017:02:48:06 +0000] "GET /assets/css/shbrush/shThemeDefault.css HTTP/1.1" 200 3023 "http://localhost:8081/admin/" "Mozilla/5.0 (Windows NT 10.0; Win64; x64) AppleWebKit/537.36 (KHTML, like Gecko) Chrome/62.0.3202.94 Safari/537.36"
0:0:0:0:0:0:0:1 - - [16/Nov/2017:02:48:06 +0000] "GET /assets/css/cleditor/jquery.cleditor.css HTTP/1.1" 200 1429 "http://localhost:8081/admin/" "Mozilla/5.0 (Windows NT 10.0; Win64; x64) AppleWebKit/537.36 (KHTML, like Gecko) Chrome/62.0.3202.94 Safari/537.36"
0:0:0:0:0:0:0:1 - - [16/Nov/2017:02:48:06 +0000] "GET /assets/css/codemirror/codemirror.css HTTP/1.1" 200 6355 "http://localhost:8081/admin/" "Mozilla/5.0 (Windows NT 10.0; Win64; x64) AppleWebKit/537.36 (KHTML, like Gecko) Chrome/62.0.3202.94 Safari/537.36"
0:0:0:0:0:0:0:1 - - [16/Nov/2017:02:48:06 +0000] "GET /assets/css/validationengine/validationEngine.css HTTP/1.1" 200 2889 "http://localhost:8081/admin/" "Mozilla/5.0 (Windows NT 10.0; Win64; x64) AppleWebKit/537.36 (KHTML, like Gecko) Chrome/62.0.3202.94 Safari/537.36"
0:0:0:0:0:0:0:1 - - [16/Nov/2017:02:48:06 +0000] "GET /assets/css/filetree/jqueryFileTree.css HTTP/1.1" 200 6597 "http://localhost:8081/admin/" "Mozilla/5.0 (Windows NT 10.0; Win64; x64) AppleWebKit/537.36 (KHTML, like Gecko) Chrome/62.0.3202.94 Safari/537.36"
0:0:0:0:0:0:0:1 - - [16/Nov/2017:02:48:06 +0000] "GET /assets/css/fancybox/jquery.fancybox.css HTTP/1.1" 200 4372 "http://localhost:8081/admin/" "Mozilla/5.0 (Windows NT 10.0; Win64; x64) AppleWebKit/537.36 (KHTML, like Gecko) Chrome/62.0.3202.94 Safari/537.36"
0:0:0:0:0:0:0:1 - - [16/Nov/2017:02:48:06 +0000] "GET /assets/css/fullcalendar/fullcalendar.css HTTP/1.1" 200 10711 "http://localhost:8081/admin/" "Mozilla/5.0 (Windows NT 10.0; Win64; x64) AppleWebKit/537.36 (KHTML, like Gecko) Chrome/62.0.3202.94 Safari/537.36"
0:0:0:0:0:0:0:1 - - [16/Nov/2017:02:48:06 +0000] "GET /assets/css/elfinder/elfinder.min.css HTTP/1.1" 200 33738 "http://localhost:8081/admin/" "Mozilla/5.0 (Windows NT 10.0; Win64; x64) AppleWebKit/537.36 (KHTML, like Gecko) Chrome/62.0.3202.94 Safari/537.36"
0:0:0:0:0:0:0:1 - - [16/Nov/2017:02:48:06 +0000] "GET /assets/css/stylesheet.css HTTP/1.1" 200 70906 "http://localhost:8081/admin/" "Mozilla/5.0 (Windows NT 10.0; Win64; x64) AppleWebKit/537.36 (KHTML, like Gecko) Chrome/62.0.3202.94 Safari/537.36"
0:0:0:0:0:0:0:1 - - [16/Nov/2017:02:48:06 +0000] "GET /assets/css/mystyles.css HTTP/1.1" 200 0 "http://localhost:8081/admin/" "Mozilla/5.0 (Windows NT 10.0; Win64; x64) AppleWebKit/537.36 (KHTML, like Gecko) Chrome/62.0.3202.94 Safari/537.36"
0:0:0:0:0:0:0:1 - - [16/Nov/2017:02:48:06 +0000] "GET /assets/css/backgrounds.css HTTP/1.1" 200 6244 "http://localhost:8081/admin/" "Mozilla/5.0 (Windows NT 10.0; Win64; x64) AppleWebKit/537.36 (KHTML, like Gecko) Chrome/62.0.3202.94 Safari/537.36"
0:0:0:0:0:0:0:1 - - [16/Nov/2017:02:48:06 +0000] "GET /assets/js/plugins/flot/jquery.flot.resize.js HTTP/1.1" 200 3195 "http://localhost:8081/admin/" "Mozilla/5.0 (Windows NT 10.0; Win64; x64) AppleWebKit/537.36 (KHTML, like Gecko) Chrome/62.0.3202.94 Safari/537.36"
0:0:0:0:0:0:0:1 - - [16/Nov/2017:02:48:06 +0000] "GET /assets/css/themes.css HTTP/1.1" 200 5054 "http://localhost:8081/admin/" "Mozilla/5.0 (Windows NT 10.0; Win64; x64) AppleWebKit/537.36 (KHTML, like Gecko) Chrome/62.0.3202.94 Safari/537.36"
0:0:0:0:0:0:0:1 - - [16/Nov/2017:02:48:06 +0000] "GET /assets/img/background/bg_num1.jpg HTTP/1.1" 200 14495 "http://localhost:8081/assets/css/stylesheet.css" "Mozilla/5.0 (Windows NT 10.0; Win64; x64) AppleWebKit/537.36 (KHTML, like Gecko) Chrome/62.0.3202.94 Safari/537.36"
0:0:0:0:0:0:0:1 - - [16/Nov/2017:02:48:06 +0000] "GET /common/header.html HTTP/1.1" 200 1305 "http://localhost:8081/admin/" "Mozilla/5.0 (Windows NT 10.0; Win64; x64) AppleWebKit/537.36 (KHTML, like Gecko) Chrome/62.0.3202.94 Safari/537.36"
0:0:0:0:0:0:0:1 - - [16/Nov/2017:02:48:06 +0000] "GET /common/footer.html HTTP/1.1" 200 287 "http://localhost:8081/admin/" "Mozilla/5.0 (Windows NT 10.0; Win64; x64) AppleWebKit/537.36 (KHTML, like Gecko) Chrome/62.0.3202.94 Safari/537.36"
0:0:0:0:0:0:0:1 - - [16/Nov/2017:02:48:06 +0000] "GET /content/admin/produk.html HTTP/1.1" 200 3575 "http://localhost:8081/admin/" "Mozilla/5.0 (Windows NT 10.0; Win64; x64) AppleWebKit/537.36 (KHTML, like Gecko) Chrome/62.0.3202.94 Safari/537.36"
0:0:0:0:0:0:0:1 - - [16/Nov/2017:02:48:06 +0000] "GET /content/admin/index.html HTTP/1.1" 200 1740 "http://localhost:8081/admin/" "Mozilla/5.0 (Windows NT 10.0; Win64; x64) AppleWebKit/537.36 (KHTML, like Gecko) Chrome/62.0.3202.94 Safari/537.36"
0:0:0:0:0:0:0:1 - - [16/Nov/2017:02:48:06 +0000] "GET /assets/js/script/header.js?_=1510800486326 HTTP/1.1" 200 309 "http://localhost:8081/admin/" "Mozilla/5.0 (Windows NT 10.0; Win64; x64) AppleWebKit/537.36 (KHTML, like Gecko) Chrome/62.0.3202.94 Safari/537.36"
0:0:0:0:0:0:0:1 - - [16/Nov/2017:02:48:06 +0000] "GET /assets/js/script/produk.js?_=1510800486327 HTTP/1.1" 200 678 "http://localhost:8081/admin/" "Mozilla/5.0 (Windows NT 10.0; Win64; x64) AppleWebKit/537.36 (KHTML, like Gecko) Chrome/62.0.3202.94 Safari/537.36"
0:0:0:0:0:0:0:1 - - [16/Nov/2017:02:48:06 +0000] "GET /assets/img/background/bt_cubs.png HTTP/1.1" 200 193 "http://localhost:8081/assets/css/stylesheet.css" "Mozilla/5.0 (Windows NT 10.0; Win64; x64) AppleWebKit/537.36 (KHTML, like Gecko) Chrome/62.0.3202.94 Safari/537.36"
0:0:0:0:0:0:0:1 - - [16/Nov/2017:02:48:06 +0000] "GET /assets/css/fonts/fontawesome-webfont.woff?v=3.2.1 HTTP/1.1" 200 43572 "http://localhost:8081/assets/css/icons/font-awesome.min.css" "Mozilla/5.0 (Windows NT 10.0; Win64; x64) AppleWebKit/537.36 (KHTML, like Gecko) Chrome/62.0.3202.94 Safari/537.36"
0:0:0:0:0:0:0:1 - - [16/Nov/2017:02:48:06 +0000] "GET /favicon.ico HTTP/1.1" 404 326 "http://localhost:8081/admin/" "Mozilla/5.0 (Windows NT 10.0; Win64; x64) AppleWebKit/537.36 (KHTML, like Gecko) Chrome/62.0.3202.94 Safari/537.36"
0:0:0:0:0:0:0:1 - - [16/Nov/2017:02:48:07 +0000] "GET /assets/img/background/bt_cubs_a.png HTTP/1.1" 200 193 "http://localhost:8081/assets/css/stylesheet.css" "Mozilla/5.0 (Windows NT 10.0; Win64; x64) AppleWebKit/537.36 (KHTML, like Gecko) Chrome/62.0.3202.94 Safari/537.36"
0:0:0:0:0:0:0:1 - - [16/Nov/2017:02:48:08 +0000] "GET /assets/js/script/produk.js?_=1510800486328 HTTP/1.1" 200 678 "http://localhost:8081/admin/" "Mozilla/5.0 (Windows NT 10.0; Win64; x64) AppleWebKit/537.36 (KHTML, like Gecko) Chrome/62.0.3202.94 Safari/537.36"
0:0:0:0:0:0:0:1 - - [16/Nov/2017:02:52:20 +0000] "GET /admin/ HTTP/1.1" 304 0 "-" "Mozilla/5.0 (Windows NT 10.0; Win64; x64) AppleWebKit/537.36 (KHTML, like Gecko) Chrome/62.0.3202.94 Safari/537.36"
0:0:0:0:0:0:0:1 - - [16/Nov/2017:02:52:21 +0000] "GET /assets/js/script/header.js?_=1510800740955 HTTP/1.1" 200 309 "http://localhost:8081/admin/" "Mozilla/5.0 (Windows NT 10.0; Win64; x64) AppleWebKit/537.36 (KHTML, like Gecko) Chrome/62.0.3202.94 Safari/537.36"
0:0:0:0:0:0:0:1 - - [16/Nov/2017:02:52:21 +0000] "GET /content/admin/produk.html HTTP/1.1" 200 3895 "http://localhost:8081/admin/" "Mozilla/5.0 (Windows NT 10.0; Win64; x64) AppleWebKit/537.36 (KHTML, like Gecko) Chrome/62.0.3202.94 Safari/537.36"
0:0:0:0:0:0:0:1 - - [16/Nov/2017:02:52:21 +0000] "GET /assets/js/script/produk.js?_=1510800740956 HTTP/1.1" 200 678 "http://localhost:8081/admin/" "Mozilla/5.0 (Windows NT 10.0; Win64; x64) AppleWebKit/537.36 (KHTML, like Gecko) Chrome/62.0.3202.94 Safari/537.36"
0:0:0:0:0:0:0:1 - - [16/Nov/2017:02:56:43 +0000] "GET /admin/ HTTP/1.1" 304 0 "-" "Mozilla/5.0 (Windows NT 10.0; Win64; x64) AppleWebKit/537.36 (KHTML, like Gecko) Chrome/62.0.3202.94 Safari/537.36"
0:0:0:0:0:0:0:1 - - [16/Nov/2017:02:56:43 +0000] "GET /content/admin/produk.html HTTP/1.1" 200 3897 "http://localhost:8081/admin/" "Mozilla/5.0 (Windows NT 10.0; Win64; x64) AppleWebKit/537.36 (KHTML, like Gecko) Chrome/62.0.3202.94 Safari/537.36"
0:0:0:0:0:0:0:1 - - [16/Nov/2017:02:56:44 +0000] "GET /assets/js/script/header.js?_=1510801003706 HTTP/1.1" 200 309 "http://localhost:8081/admin/" "Mozilla/5.0 (Windows NT 10.0; Win64; x64) AppleWebKit/537.36 (KHTML, like Gecko) Chrome/62.0.3202.94 Safari/537.36"
0:0:0:0:0:0:0:1 - - [16/Nov/2017:02:56:44 +0000] "GET /assets/js/script/produk.js?_=1510801003707 HTTP/1.1" 200 724 "http://localhost:8081/admin/" "Mozilla/5.0 (Windows NT 10.0; Win64; x64) AppleWebKit/537.36 (KHTML, like Gecko) Chrome/62.0.3202.94 Safari/537.36"
0:0:0:0:0:0:0:1 - - [16/Nov/2017:02:57:06 +0000] "GET /admin/ HTTP/1.1" 304 0 "-" "Mozilla/5.0 (Windows NT 10.0; Win64; x64) AppleWebKit/537.36 (KHTML, like Gecko) Chrome/62.0.3202.94 Safari/537.36"
0:0:0:0:0:0:0:1 - - [16/Nov/2017:02:57:07 +0000] "GET /content/admin/produk.html HTTP/1.1" 304 0 "http://localhost:8081/admin/" "Mozilla/5.0 (Windows NT 10.0; Win64; x64) AppleWebKit/537.36 (KHTML, like Gecko) Chrome/62.0.3202.94 Safari/537.36"
0:0:0:0:0:0:0:1 - - [16/Nov/2017:02:57:07 +0000] "GET /assets/js/script/header.js?_=1510801027037 HTTP/1.1" 200 309 "http://localhost:8081/admin/" "Mozilla/5.0 (Windows NT 10.0; Win64; x64) AppleWebKit/537.36 (KHTML, like Gecko) Chrome/62.0.3202.94 Safari/537.36"
0:0:0:0:0:0:0:1 - - [16/Nov/2017:02:57:07 +0000] "GET /assets/js/script/produk.js?_=1510801027038 HTTP/1.1" 200 722 "http://localhost:8081/admin/" "Mozilla/5.0 (Windows NT 10.0; Win64; x64) AppleWebKit/537.36 (KHTML, like Gecko) Chrome/62.0.3202.94 Safari/537.36"
0:0:0:0:0:0:0:1 - - [16/Nov/2017:02:57:34 +0000] "GET /admin/ HTTP/1.1" 304 0 "-" "Mozilla/5.0 (Windows NT 10.0; Win64; x64) AppleWebKit/537.36 (KHTML, like Gecko) Chrome/62.0.3202.94 Safari/537.36"
0:0:0:0:0:0:0:1 - - [16/Nov/2017:02:57:34 +0000] "GET /content/admin/produk.html HTTP/1.1" 304 0 "http://localhost:8081/admin/" "Mozilla/5.0 (Windows NT 10.0; Win64; x64) AppleWebKit/537.36 (KHTML, like Gecko) Chrome/62.0.3202.94 Safari/537.36"
0:0:0:0:0:0:0:1 - - [16/Nov/2017:02:57:35 +0000] "GET /assets/js/script/header.js?_=1510801054689 HTTP/1.1" 200 309 "http://localhost:8081/admin/" "Mozilla/5.0 (Windows NT 10.0; Win64; x64) AppleWebKit/537.36 (KHTML, like Gecko) Chrome/62.0.3202.94 Safari/537.36"
0:0:0:0:0:0:0:1 - - [16/Nov/2017:02:57:35 +0000] "GET /assets/js/script/produk.js?_=1510801054690 HTTP/1.1" 200 731 "http://localhost:8081/admin/" "Mozilla/5.0 (Windows NT 10.0; Win64; x64) AppleWebKit/537.36 (KHTML, like Gecko) Chrome/62.0.3202.94 Safari/537.36"
0:0:0:0:0:0:0:1 - - [16/Nov/2017:02:58:28 +0000] "GET /admin/ HTTP/1.1" 304 0 "-" "Mozilla/5.0 (Windows NT 10.0; Win64; x64) AppleWebKit/537.36 (KHTML, like Gecko) Chrome/62.0.3202.94 Safari/537.36"
0:0:0:0:0:0:0:1 - - [16/Nov/2017:02:58:28 +0000] "GET /content/admin/produk.html HTTP/1.1" 304 0 "http://localhost:8081/admin/" "Mozilla/5.0 (Windows NT 10.0; Win64; x64) AppleWebKit/537.36 (KHTML, like Gecko) Chrome/62.0.3202.94 Safari/537.36"
0:0:0:0:0:0:0:1 - - [16/Nov/2017:02:58:28 +0000] "GET /assets/js/script/header.js?_=1510801108500 HTTP/1.1" 200 309 "http://localhost:8081/admin/" "Mozilla/5.0 (Windows NT 10.0; Win64; x64) AppleWebKit/537.36 (KHTML, like Gecko) Chrome/62.0.3202.94 Safari/537.36"
0:0:0:0:0:0:0:1 - - [16/Nov/2017:02:58:28 +0000] "GET /assets/js/script/produk.js?_=1510801108501 HTTP/1.1" 200 726 "http://localhost:8081/admin/" "Mozilla/5.0 (Windows NT 10.0; Win64; x64) AppleWebKit/537.36 (KHTML, like Gecko) Chrome/62.0.3202.94 Safari/537.36"
0:0:0:0:0:0:0:1 - - [16/Nov/2017:02:58:56 +0000] "GET /admin/ HTTP/1.1" 304 0 "-" "Mozilla/5.0 (Windows NT 10.0; Win64; x64) AppleWebKit/537.36 (KHTML, like Gecko) Chrome/62.0.3202.94 Safari/537.36"
0:0:0:0:0:0:0:1 - - [16/Nov/2017:02:58:57 +0000] "GET /content/admin/produk.html HTTP/1.1" 304 0 "http://localhost:8081/admin/" "Mozilla/5.0 (Windows NT 10.0; Win64; x64) AppleWebKit/537.36 (KHTML, like Gecko) Chrome/62.0.3202.94 Safari/537.36"
0:0:0:0:0:0:0:1 - - [16/Nov/2017:02:58:57 +0000] "GET /assets/js/script/header.js?_=1510801137014 HTTP/1.1" 200 309 "http://localhost:8081/admin/" "Mozilla/5.0 (Windows NT 10.0; Win64; x64) AppleWebKit/537.36 (KHTML, like Gecko) Chrome/62.0.3202.94 Safari/537.36"
0:0:0:0:0:0:0:1 - - [16/Nov/2017:02:58:57 +0000] "GET /assets/js/script/produk.js?_=1510801137015 HTTP/1.1" 200 742 "http://localhost:8081/admin/" "Mozilla/5.0 (Windows NT 10.0; Win64; x64) AppleWebKit/537.36 (KHTML, like Gecko) Chrome/62.0.3202.94 Safari/537.36"
0:0:0:0:0:0:0:1 - - [16/Nov/2017:02:59:11 +0000] "GET /admin/ HTTP/1.1" 304 0 "-" "Mozilla/5.0 (Windows NT 10.0; Win64; x64) AppleWebKit/537.36 (KHTML, like Gecko) Chrome/62.0.3202.94 Safari/537.36"
0:0:0:0:0:0:0:1 - - [16/Nov/2017:02:59:12 +0000] "GET /assets/js/script/header.js?_=1510801152363 HTTP/1.1" 200 309 "http://localhost:8081/admin/" "Mozilla/5.0 (Windows NT 10.0; Win64; x64) AppleWebKit/537.36 (KHTML, like Gecko) Chrome/62.0.3202.94 Safari/537.36"
0:0:0:0:0:0:0:1 - - [16/Nov/2017:02:59:12 +0000] "GET /assets/js/script/produk.js?_=1510801152364 HTTP/1.1" 200 743 "http://localhost:8081/admin/" "Mozilla/5.0 (Windows NT 10.0; Win64; x64) AppleWebKit/537.36 (KHTML, like Gecko) Chrome/62.0.3202.94 Safari/537.36"
0:0:0:0:0:0:0:1 - - [16/Nov/2017:02:59:46 +0000] "GET /admin/ HTTP/1.1" 304 0 "-" "Mozilla/5.0 (Windows NT 10.0; Win64; x64) AppleWebKit/537.36 (KHTML, like Gecko) Chrome/62.0.3202.94 Safari/537.36"
0:0:0:0:0:0:0:1 - - [16/Nov/2017:02:59:47 +0000] "GET /content/admin/produk.html HTTP/1.1" 304 0 "http://localhost:8081/admin/" "Mozilla/5.0 (Windows NT 10.0; Win64; x64) AppleWebKit/537.36 (KHTML, like Gecko) Chrome/62.0.3202.94 Safari/537.36"
0:0:0:0:0:0:0:1 - - [16/Nov/2017:02:59:47 +0000] "GET /assets/js/script/header.js?_=1510801187029 HTTP/1.1" 200 309 "http://localhost:8081/admin/" "Mozilla/5.0 (Windows NT 10.0; Win64; x64) AppleWebKit/537.36 (KHTML, like Gecko) Chrome/62.0.3202.94 Safari/537.36"
0:0:0:0:0:0:0:1 - - [16/Nov/2017:02:59:47 +0000] "GET /assets/js/script/produk.js?_=1510801187030 HTTP/1.1" 200 742 "http://localhost:8081/admin/" "Mozilla/5.0 (Windows NT 10.0; Win64; x64) AppleWebKit/537.36 (KHTML, like Gecko) Chrome/62.0.3202.94 Safari/537.36"
0:0:0:0:0:0:0:1 - - [16/Nov/2017:03:01:52 +0000] "GET /admin/ HTTP/1.1" 304 0 "-" "Mozilla/5.0 (Windows NT 10.0; Win64; x64) AppleWebKit/537.36 (KHTML, like Gecko) Chrome/62.0.3202.94 Safari/537.36"
0:0:0:0:0:0:0:1 - - [16/Nov/2017:03:01:53 +0000] "GET /content/admin/produk.html HTTP/1.1" 304 0 "http://localhost:8081/admin/" "Mozilla/5.0 (Windows NT 10.0; Win64; x64) AppleWebKit/537.36 (KHTML, like Gecko) Chrome/62.0.3202.94 Safari/537.36"
0:0:0:0:0:0:0:1 - - [16/Nov/2017:03:01:53 +0000] "GET /assets/js/script/header.js?_=1510801312843 HTTP/1.1" 200 309 "http://localhost:8081/admin/" "Mozilla/5.0 (Windows NT 10.0; Win64; x64) AppleWebKit/537.36 (KHTML, like Gecko) Chrome/62.0.3202.94 Safari/537.36"
0:0:0:0:0:0:0:1 - - [16/Nov/2017:03:01:53 +0000] "GET /assets/js/script/produk.js?_=1510801312844 HTTP/1.1" 200 757 "http://localhost:8081/admin/" "Mozilla/5.0 (Windows NT 10.0; Win64; x64) AppleWebKit/537.36 (KHTML, like Gecko) Chrome/62.0.3202.94 Safari/537.36"
0:0:0:0:0:0:0:1 - - [16/Nov/2017:03:04:23 +0000] "GET /admin/ HTTP/1.1" 304 0 "-" "Mozilla/5.0 (Windows NT 10.0; Win64; x64) AppleWebKit/537.36 (KHTML, like Gecko) Chrome/62.0.3202.94 Safari/537.36"
0:0:0:0:0:0:0:1 - - [16/Nov/2017:03:04:24 +0000] "GET /content/admin/produk.html HTTP/1.1" 200 3895 "http://localhost:8081/admin/" "Mozilla/5.0 (Windows NT 10.0; Win64; x64) AppleWebKit/537.36 (KHTML, like Gecko) Chrome/62.0.3202.94 Safari/537.36"
0:0:0:0:0:0:0:1 - - [16/Nov/2017:03:04:24 +0000] "GET /assets/js/script/header.js?_=1510801464010 HTTP/1.1" 200 309 "http://localhost:8081/admin/" "Mozilla/5.0 (Windows NT 10.0; Win64; x64) AppleWebKit/537.36 (KHTML, like Gecko) Chrome/62.0.3202.94 Safari/537.36"
0:0:0:0:0:0:0:1 - - [16/Nov/2017:03:04:24 +0000] "GET /assets/js/script/produk.js?_=1510801464011 HTTP/1.1" 200 726 "http://localhost:8081/admin/" "Mozilla/5.0 (Windows NT 10.0; Win64; x64) AppleWebKit/537.36 (KHTML, like Gecko) Chrome/62.0.3202.94 Safari/537.36"
0:0:0:0:0:0:0:1 - - [16/Nov/2017:03:04:31 +0000] "GET /admin/ HTTP/1.1" 304 0 "-" "Mozilla/5.0 (Windows NT 10.0; Win64; x64) AppleWebKit/537.36 (KHTML, like Gecko) Chrome/62.0.3202.94 Safari/537.36"
0:0:0:0:0:0:0:1 - - [16/Nov/2017:03:04:32 +0000] "GET /content/admin/produk.html HTTP/1.1" 200 3888 "http://localhost:8081/admin/" "Mozilla/5.0 (Windows NT 10.0; Win64; x64) AppleWebKit/537.36 (KHTML, like Gecko) Chrome/62.0.3202.94 Safari/537.36"
0:0:0:0:0:0:0:1 - - [16/Nov/2017:03:04:32 +0000] "GET /assets/js/script/header.js?_=1510801472305 HTTP/1.1" 200 309 "http://localhost:8081/admin/" "Mozilla/5.0 (Windows NT 10.0; Win64; x64) AppleWebKit/537.36 (KHTML, like Gecko) Chrome/62.0.3202.94 Safari/537.36"
0:0:0:0:0:0:0:1 - - [16/Nov/2017:03:04:32 +0000] "GET /assets/js/script/produk.js?_=1510801472306 HTTP/1.1" 200 726 "http://localhost:8081/admin/" "Mozilla/5.0 (Windows NT 10.0; Win64; x64) AppleWebKit/537.36 (KHTML, like Gecko) Chrome/62.0.3202.94 Safari/537.36"
0:0:0:0:0:0:0:1 - - [16/Nov/2017:03:05:19 +0000] "GET /admin/ HTTP/1.1" 304 0 "-" "Mozilla/5.0 (Windows NT 10.0; Win64; x64) AppleWebKit/537.36 (KHTML, like Gecko) Chrome/62.0.3202.94 Safari/537.36"
0:0:0:0:0:0:0:1 - - [16/Nov/2017:03:05:19 +0000] "GET /content/admin/produk.html HTTP/1.1" 200 3895 "http://localhost:8081/admin/" "Mozilla/5.0 (Windows NT 10.0; Win64; x64) AppleWebKit/537.36 (KHTML, like Gecko) Chrome/62.0.3202.94 Safari/537.36"
0:0:0:0:0:0:0:1 - - [16/Nov/2017:03:05:19 +0000] "GET /assets/js/script/header.js?_=1510801519653 HTTP/1.1" 200 309 "http://localhost:8081/admin/" "Mozilla/5.0 (Windows NT 10.0; Win64; x64) AppleWebKit/537.36 (KHTML, like Gecko) Chrome/62.0.3202.94 Safari/537.36"
0:0:0:0:0:0:0:1 - - [16/Nov/2017:03:05:20 +0000] "GET /assets/js/script/produk.js?_=1510801519654 HTTP/1.1" 200 726 "http://localhost:8081/admin/" "Mozilla/5.0 (Windows NT 10.0; Win64; x64) AppleWebKit/537.36 (KHTML, like Gecko) Chrome/62.0.3202.94 Safari/537.36"
0:0:0:0:0:0:0:1 - - [16/Nov/2017:03:05:38 +0000] "GET /admin/ HTTP/1.1" 304 0 "-" "Mozilla/5.0 (Windows NT 10.0; Win64; x64) AppleWebKit/537.36 (KHTML, like Gecko) Chrome/62.0.3202.94 Safari/537.36"
0:0:0:0:0:0:0:1 - - [16/Nov/2017:03:05:39 +0000] "GET /content/admin/produk.html HTTP/1.1" 200 3895 "http://localhost:8081/admin/" "Mozilla/5.0 (Windows NT 10.0; Win64; x64) AppleWebKit/537.36 (KHTML, like Gecko) Chrome/62.0.3202.94 Safari/537.36"
0:0:0:0:0:0:0:1 - - [16/Nov/2017:03:05:39 +0000] "GET /assets/js/script/header.js?_=1510801539336 HTTP/1.1" 200 309 "http://localhost:8081/admin/" "Mozilla/5.0 (Windows NT 10.0; Win64; x64) AppleWebKit/537.36 (KHTML, like Gecko) Chrome/62.0.3202.94 Safari/537.36"
0:0:0:0:0:0:0:1 - - [16/Nov/2017:03:05:39 +0000] "GET /assets/js/script/produk.js?_=1510801539337 HTTP/1.1" 200 726 "http://localhost:8081/admin/" "Mozilla/5.0 (Windows NT 10.0; Win64; x64) AppleWebKit/537.36 (KHTML, like Gecko) Chrome/62.0.3202.94 Safari/537.36"
0:0:0:0:0:0:0:1 - - [16/Nov/2017:03:05:59 +0000] "GET /admin/ HTTP/1.1" 304 0 "-" "Mozilla/5.0 (Windows NT 10.0; Win64; x64) AppleWebKit/537.36 (KHTML, like Gecko) Chrome/62.0.3202.94 Safari/537.36"
0:0:0:0:0:0:0:1 - - [16/Nov/2017:03:06:00 +0000] "GET /content/admin/produk.html HTTP/1.1" 200 3895 "http://localhost:8081/admin/" "Mozilla/5.0 (Windows NT 10.0; Win64; x64) AppleWebKit/537.36 (KHTML, like Gecko) Chrome/62.0.3202.94 Safari/537.36"
0:0:0:0:0:0:0:1 - - [16/Nov/2017:03:06:00 +0000] "GET /assets/js/script/header.js?_=1510801559846 HTTP/1.1" 200 309 "http://localhost:8081/admin/" "Mozilla/5.0 (Windows NT 10.0; Win64; x64) AppleWebKit/537.36 (KHTML, like Gecko) Chrome/62.0.3202.94 Safari/537.36"
0:0:0:0:0:0:0:1 - - [16/Nov/2017:03:06:00 +0000] "GET /assets/js/script/produk.js?_=1510801559847 HTTP/1.1" 200 726 "http://localhost:8081/admin/" "Mozilla/5.0 (Windows NT 10.0; Win64; x64) AppleWebKit/537.36 (KHTML, like Gecko) Chrome/62.0.3202.94 Safari/537.36"
0:0:0:0:0:0:0:1 - - [16/Nov/2017:03:06:42 +0000] "GET /admin/ HTTP/1.1" 304 0 "-" "Mozilla/5.0 (Windows NT 10.0; Win64; x64) AppleWebKit/537.36 (KHTML, like Gecko) Chrome/62.0.3202.94 Safari/537.36"
0:0:0:0:0:0:0:1 - - [16/Nov/2017:03:06:42 +0000] "GET /content/admin/produk.html HTTP/1.1" 304 0 "http://localhost:8081/admin/" "Mozilla/5.0 (Windows NT 10.0; Win64; x64) AppleWebKit/537.36 (KHTML, like Gecko) Chrome/62.0.3202.94 Safari/537.36"
0:0:0:0:0:0:0:1 - - [16/Nov/2017:03:06:42 +0000] "GET /assets/js/script/header.js?_=1510801602462 HTTP/1.1" 200 309 "http://localhost:8081/admin/" "Mozilla/5.0 (Windows NT 10.0; Win64; x64) AppleWebKit/537.36 (KHTML, like Gecko) Chrome/62.0.3202.94 Safari/537.36"
0:0:0:0:0:0:0:1 - - [16/Nov/2017:03:06:42 +0000] "GET /assets/js/script/produk.js?_=1510801602463 HTTP/1.1" 200 744 "http://localhost:8081/admin/" "Mozilla/5.0 (Windows NT 10.0; Win64; x64) AppleWebKit/537.36 (KHTML, like Gecko) Chrome/62.0.3202.94 Safari/537.36"
0:0:0:0:0:0:0:1 - - [16/Nov/2017:03:07:02 +0000] "GET /admin/ HTTP/1.1" 304 0 "-" "Mozilla/5.0 (Windows NT 10.0; Win64; x64) AppleWebKit/537.36 (KHTML, like Gecko) Chrome/62.0.3202.94 Safari/537.36"
0:0:0:0:0:0:0:1 - - [16/Nov/2017:03:07:03 +0000] "GET /content/admin/produk.html HTTP/1.1" 304 0 "http://localhost:8081/admin/" "Mozilla/5.0 (Windows NT 10.0; Win64; x64) AppleWebKit/537.36 (KHTML, like Gecko) Chrome/62.0.3202.94 Safari/537.36"
0:0:0:0:0:0:0:1 - - [16/Nov/2017:03:07:03 +0000] "GET /assets/js/script/header.js?_=1510801622785 HTTP/1.1" 200 309 "http://localhost:8081/admin/" "Mozilla/5.0 (Windows NT 10.0; Win64; x64) AppleWebKit/537.36 (KHTML, like Gecko) Chrome/62.0.3202.94 Safari/537.36"
0:0:0:0:0:0:0:1 - - [16/Nov/2017:03:07:03 +0000] "GET /assets/js/script/produk.js?_=1510801622786 HTTP/1.1" 200 761 "http://localhost:8081/admin/" "Mozilla/5.0 (Windows NT 10.0; Win64; x64) AppleWebKit/537.36 (KHTML, like Gecko) Chrome/62.0.3202.94 Safari/537.36"
0:0:0:0:0:0:0:1 - - [16/Nov/2017:03:07:24 +0000] "GET /admin/ HTTP/1.1" 304 0 "-" "Mozilla/5.0 (Windows NT 10.0; Win64; x64) AppleWebKit/537.36 (KHTML, like Gecko) Chrome/62.0.3202.94 Safari/537.36"
0:0:0:0:0:0:0:1 - - [16/Nov/2017:03:07:24 +0000] "GET /content/admin/produk.html HTTP/1.1" 304 0 "http://localhost:8081/admin/" "Mozilla/5.0 (Windows NT 10.0; Win64; x64) AppleWebKit/537.36 (KHTML, like Gecko) Chrome/62.0.3202.94 Safari/537.36"
0:0:0:0:0:0:0:1 - - [16/Nov/2017:03:07:24 +0000] "GET /assets/js/script/header.js?_=1510801644443 HTTP/1.1" 200 309 "http://localhost:8081/admin/" "Mozilla/5.0 (Windows NT 10.0; Win64; x64) AppleWebKit/537.36 (KHTML, like Gecko) Chrome/62.0.3202.94 Safari/537.36"
0:0:0:0:0:0:0:1 - - [16/Nov/2017:03:07:24 +0000] "GET /assets/js/script/produk.js?_=1510801644444 HTTP/1.1" 200 761 "http://localhost:8081/admin/" "Mozilla/5.0 (Windows NT 10.0; Win64; x64) AppleWebKit/537.36 (KHTML, like Gecko) Chrome/62.0.3202.94 Safari/537.36"
0:0:0:0:0:0:0:1 - - [16/Nov/2017:03:51:04 +0000] "GET /admin/ HTTP/1.1" 304 0 "-" "Mozilla/5.0 (Windows NT 10.0; Win64; x64) AppleWebKit/537.36 (KHTML, like Gecko) Chrome/62.0.3202.94 Safari/537.36"
0:0:0:0:0:0:0:1 - - [16/Nov/2017:03:51:05 +0000] "GET /content/admin/produk.html HTTP/1.1" 200 3914 "http://localhost:8081/admin/" "Mozilla/5.0 (Windows NT 10.0; Win64; x64) AppleWebKit/537.36 (KHTML, like Gecko) Chrome/62.0.3202.94 Safari/537.36"
0:0:0:0:0:0:0:1 - - [16/Nov/2017:03:51:05 +0000] "GET /assets/js/script/header.js?_=1510804264936 HTTP/1.1" 200 309 "http://localhost:8081/admin/" "Mozilla/5.0 (Windows NT 10.0; Win64; x64) AppleWebKit/537.36 (KHTML, like Gecko) Chrome/62.0.3202.94 Safari/537.36"
0:0:0:0:0:0:0:1 - - [16/Nov/2017:03:51:05 +0000] "GET /assets/js/script/produk.js?_=1510804264937 HTTP/1.1" 200 740 "http://localhost:8081/admin/" "Mozilla/5.0 (Windows NT 10.0; Win64; x64) AppleWebKit/537.36 (KHTML, like Gecko) Chrome/62.0.3202.94 Safari/537.36"
0:0:0:0:0:0:0:1 - - [16/Nov/2017:03:51:40 +0000] "GET /admin/ HTTP/1.1" 304 0 "-" "Mozilla/5.0 (Windows NT 10.0; Win64; x64) AppleWebKit/537.36 (KHTML, like Gecko) Chrome/62.0.3202.94 Safari/537.36"
0:0:0:0:0:0:0:1 - - [16/Nov/2017:03:51:41 +0000] "GET /content/admin/produk.html HTTP/1.1" 304 0 "http://localhost:8081/admin/" "Mozilla/5.0 (Windows NT 10.0; Win64; x64) AppleWebKit/537.36 (KHTML, like Gecko) Chrome/62.0.3202.94 Safari/537.36"
0:0:0:0:0:0:0:1 - - [16/Nov/2017:03:51:41 +0000] "GET /assets/js/script/header.js?_=1510804301240 HTTP/1.1" 200 309 "http://localhost:8081/admin/" "Mozilla/5.0 (Windows NT 10.0; Win64; x64) AppleWebKit/537.36 (KHTML, like Gecko) Chrome/62.0.3202.94 Safari/537.36"
0:0:0:0:0:0:0:1 - - [16/Nov/2017:03:51:41 +0000] "GET /assets/js/script/produk.js?_=1510804301241 HTTP/1.1" 200 750 "http://localhost:8081/admin/" "Mozilla/5.0 (Windows NT 10.0; Win64; x64) AppleWebKit/537.36 (KHTML, like Gecko) Chrome/62.0.3202.94 Safari/537.36"
0:0:0:0:0:0:0:1 - - [16/Nov/2017:03:52:13 +0000] "GET /admin/ HTTP/1.1" 304 0 "-" "Mozilla/5.0 (Windows NT 10.0; Win64; x64) AppleWebKit/537.36 (KHTML, like Gecko) Chrome/62.0.3202.94 Safari/537.36"
0:0:0:0:0:0:0:1 - - [16/Nov/2017:03:52:14 +0000] "GET /content/admin/produk.html HTTP/1.1" 304 0 "http://localhost:8081/admin/" "Mozilla/5.0 (Windows NT 10.0; Win64; x64) AppleWebKit/537.36 (KHTML, like Gecko) Chrome/62.0.3202.94 Safari/537.36"
0:0:0:0:0:0:0:1 - - [16/Nov/2017:03:52:14 +0000] "GET /assets/js/script/header.js?_=1510804334123 HTTP/1.1" 200 309 "http://localhost:8081/admin/" "Mozilla/5.0 (Windows NT 10.0; Win64; x64) AppleWebKit/537.36 (KHTML, like Gecko) Chrome/62.0.3202.94 Safari/537.36"
0:0:0:0:0:0:0:1 - - [16/Nov/2017:03:52:14 +0000] "GET /assets/js/script/produk.js?_=1510804334124 HTTP/1.1" 200 751 "http://localhost:8081/admin/" "Mozilla/5.0 (Windows NT 10.0; Win64; x64) AppleWebKit/537.36 (KHTML, like Gecko) Chrome/62.0.3202.94 Safari/537.36"
0:0:0:0:0:0:0:1 - - [16/Nov/2017:03:52:50 +0000] "GET /admin/ HTTP/1.1" 304 0 "-" "Mozilla/5.0 (Windows NT 10.0; Win64; x64) AppleWebKit/537.36 (KHTML, like Gecko) Chrome/62.0.3202.94 Safari/537.36"
0:0:0:0:0:0:0:1 - - [16/Nov/2017:03:52:50 +0000] "GET /content/admin/produk.html HTTP/1.1" 304 0 "http://localhost:8081/admin/" "Mozilla/5.0 (Windows NT 10.0; Win64; x64) AppleWebKit/537.36 (KHTML, like Gecko) Chrome/62.0.3202.94 Safari/537.36"
0:0:0:0:0:0:0:1 - - [16/Nov/2017:03:52:51 +0000] "GET /assets/js/script/header.js?_=1510804370694 HTTP/1.1" 200 309 "http://localhost:8081/admin/" "Mozilla/5.0 (Windows NT 10.0; Win64; x64) AppleWebKit/537.36 (KHTML, like Gecko) Chrome/62.0.3202.94 Safari/537.36"
0:0:0:0:0:0:0:1 - - [16/Nov/2017:03:52:51 +0000] "GET /assets/js/script/produk.js?_=1510804370695 HTTP/1.1" 200 754 "http://localhost:8081/admin/" "Mozilla/5.0 (Windows NT 10.0; Win64; x64) AppleWebKit/537.36 (KHTML, like Gecko) Chrome/62.0.3202.94 Safari/537.36"
