0:0:0:0:0:0:0:1 - - [21/Nov/2017:01:31:37 +0000] "GET /admin/ HTTP/1.1" 304 0 "-" "Mozilla/5.0 (Windows NT 10.0; Win64; x64) AppleWebKit/537.36 (KHTML, like Gecko) Chrome/62.0.3202.94 Safari/537.36"
0:0:0:0:0:0:0:1 - - [21/Nov/2017:01:31:38 +0000] "GET /assets/js/plugins/jquery/globalize.js HTTP/1.1" 304 0 "http://localhost:8888/admin/" "Mozilla/5.0 (Windows NT 10.0; Win64; x64) AppleWebKit/537.36 (KHTML, like Gecko) Chrome/62.0.3202.94 Safari/537.36"
0:0:0:0:0:0:0:1 - - [21/Nov/2017:01:31:38 +0000] "GET /assets/js/plugins/jquery/jquery.min.js HTTP/1.1" 304 0 "http://localhost:8888/admin/" "Mozilla/5.0 (Windows NT 10.0; Win64; x64) AppleWebKit/537.36 (KHTML, like Gecko) Chrome/62.0.3202.94 Safari/537.36"
0:0:0:0:0:0:0:1 - - [21/Nov/2017:01:31:38 +0000] "GET /assets/js/plugins/jquery/jquery-migrate.min.js HTTP/1.1" 304 0 "http://localhost:8888/admin/" "Mozilla/5.0 (Windows NT 10.0; Win64; x64) AppleWebKit/537.36 (KHTML, like Gecko) Chrome/62.0.3202.94 Safari/537.36"
0:0:0:0:0:0:0:1 - - [21/Nov/2017:01:31:38 +0000] "GET /assets/js/plugins/bootstrap/bootstrap.min.js HTTP/1.1" 304 0 "http://localhost:8888/admin/" "Mozilla/5.0 (Windows NT 10.0; Win64; x64) AppleWebKit/537.36 (KHTML, like Gecko) Chrome/62.0.3202.94 Safari/537.36"
0:0:0:0:0:0:0:1 - - [21/Nov/2017:01:31:38 +0000] "GET /assets/css/stylesheets.css HTTP/1.1" 304 0 "http://localhost:8888/admin/" "Mozilla/5.0 (Windows NT 10.0; Win64; x64) AppleWebKit/537.36 (KHTML, like Gecko) Chrome/62.0.3202.94 Safari/537.36"
0:0:0:0:0:0:0:1 - - [21/Nov/2017:01:31:38 +0000] "GET /assets/js/plugins/jquery/jquery-ui.min.js HTTP/1.1" 304 0 "http://localhost:8888/admin/" "Mozilla/5.0 (Windows NT 10.0; Win64; x64) AppleWebKit/537.36 (KHTML, like Gecko) Chrome/62.0.3202.94 Safari/537.36"
0:0:0:0:0:0:0:1 - - [21/Nov/2017:01:31:38 +0000] "GET /assets/js/plugins/datatables/jquery.dataTables.min.js HTTP/1.1" 304 0 "http://localhost:8888/admin/" "Mozilla/5.0 (Windows NT 10.0; Win64; x64) AppleWebKit/537.36 (KHTML, like Gecko) Chrome/62.0.3202.94 Safari/537.36"
0:0:0:0:0:0:0:1 - - [21/Nov/2017:01:31:38 +0000] "GET /assets/js/plugins/mcustomscrollbar/jquery.mCustomScrollbar.min.js HTTP/1.1" 304 0 "http://localhost:8888/admin/" "Mozilla/5.0 (Windows NT 10.0; Win64; x64) AppleWebKit/537.36 (KHTML, like Gecko) Chrome/62.0.3202.94 Safari/537.36"
0:0:0:0:0:0:0:1 - - [21/Nov/2017:01:31:38 +0000] "GET /assets/js/plugins/uniform/jquery.uniform.min.js HTTP/1.1" 304 0 "http://localhost:8888/admin/" "Mozilla/5.0 (Windows NT 10.0; Win64; x64) AppleWebKit/537.36 (KHTML, like Gecko) Chrome/62.0.3202.94 Safari/537.36"
0:0:0:0:0:0:0:1 - - [21/Nov/2017:01:31:38 +0000] "GET /assets/js/script/admin.js HTTP/1.1" 304 0 "http://localhost:8888/admin/" "Mozilla/5.0 (Windows NT 10.0; Win64; x64) AppleWebKit/537.36 (KHTML, like Gecko) Chrome/62.0.3202.94 Safari/537.36"
0:0:0:0:0:0:0:1 - - [21/Nov/2017:01:31:38 +0000] "GET /assets/js/plugins/sparkline/jquery.sparkline.min.js HTTP/1.1" 304 0 "http://localhost:8888/admin/" "Mozilla/5.0 (Windows NT 10.0; Win64; x64) AppleWebKit/537.36 (KHTML, like Gecko) Chrome/62.0.3202.94 Safari/537.36"
0:0:0:0:0:0:0:1 - - [21/Nov/2017:01:31:38 +0000] "GET /assets/js/plugins/knob/jquery.knob.js HTTP/1.1" 304 0 "http://localhost:8888/admin/" "Mozilla/5.0 (Windows NT 10.0; Win64; x64) AppleWebKit/537.36 (KHTML, like Gecko) Chrome/62.0.3202.94 Safari/537.36"
0:0:0:0:0:0:0:1 - - [21/Nov/2017:01:31:38 +0000] "GET /assets/js/plugins/flot/jquery.flot.resize.js HTTP/1.1" 304 0 "http://localhost:8888/admin/" "Mozilla/5.0 (Windows NT 10.0; Win64; x64) AppleWebKit/537.36 (KHTML, like Gecko) Chrome/62.0.3202.94 Safari/537.36"
0:0:0:0:0:0:0:1 - - [21/Nov/2017:01:31:38 +0000] "GET /assets/js/plugins/flot/jquery.flot.js HTTP/1.1" 304 0 "http://localhost:8888/admin/" "Mozilla/5.0 (Windows NT 10.0; Win64; x64) AppleWebKit/537.36 (KHTML, like Gecko) Chrome/62.0.3202.94 Safari/537.36"
0:0:0:0:0:0:0:1 - - [21/Nov/2017:01:31:39 +0000] "GET /assets/css/bootstrap/bootstrap.min.css HTTP/1.1" 304 0 "http://localhost:8888/admin/" "Mozilla/5.0 (Windows NT 10.0; Win64; x64) AppleWebKit/537.36 (KHTML, like Gecko) Chrome/62.0.3202.94 Safari/537.36"
0:0:0:0:0:0:0:1 - - [21/Nov/2017:01:31:39 +0000] "GET /assets/css/jquery/jquery-ui.min.css HTTP/1.1" 304 0 "http://localhost:8888/admin/" "Mozilla/5.0 (Windows NT 10.0; Win64; x64) AppleWebKit/537.36 (KHTML, like Gecko) Chrome/62.0.3202.94 Safari/537.36"
0:0:0:0:0:0:0:1 - - [21/Nov/2017:01:31:40 +0000] "GET /assets/css/mcustomscrollbar/jquery.mCustomScrollbar.css HTTP/1.1" 304 0 "http://localhost:8888/admin/" "Mozilla/5.0 (Windows NT 10.0; Win64; x64) AppleWebKit/537.36 (KHTML, like Gecko) Chrome/62.0.3202.94 Safari/537.36"
0:0:0:0:0:0:0:1 - - [21/Nov/2017:01:31:40 +0000] "GET /assets/css/icons/font-awesome.min.css HTTP/1.1" 304 0 "http://localhost:8888/admin/" "Mozilla/5.0 (Windows NT 10.0; Win64; x64) AppleWebKit/537.36 (KHTML, like Gecko) Chrome/62.0.3202.94 Safari/537.36"
0:0:0:0:0:0:0:1 - - [21/Nov/2017:01:31:40 +0000] "GET /assets/css/shbrush/shCoreDefault.css HTTP/1.1" 304 0 "http://localhost:8888/admin/" "Mozilla/5.0 (Windows NT 10.0; Win64; x64) AppleWebKit/537.36 (KHTML, like Gecko) Chrome/62.0.3202.94 Safari/537.36"
0:0:0:0:0:0:0:1 - - [21/Nov/2017:01:31:40 +0000] "GET /assets/css/select2/select2.css HTTP/1.1" 304 0 "http://localhost:8888/admin/" "Mozilla/5.0 (Windows NT 10.0; Win64; x64) AppleWebKit/537.36 (KHTML, like Gecko) Chrome/62.0.3202.94 Safari/537.36"
0:0:0:0:0:0:0:1 - - [21/Nov/2017:01:31:40 +0000] "GET /assets/css/shbrush/shThemeDefault.css HTTP/1.1" 304 0 "http://localhost:8888/admin/" "Mozilla/5.0 (Windows NT 10.0; Win64; x64) AppleWebKit/537.36 (KHTML, like Gecko) Chrome/62.0.3202.94 Safari/537.36"
0:0:0:0:0:0:0:1 - - [21/Nov/2017:01:31:40 +0000] "GET /assets/css/codemirror/codemirror.css HTTP/1.1" 304 0 "http://localhost:8888/admin/" "Mozilla/5.0 (Windows NT 10.0; Win64; x64) AppleWebKit/537.36 (KHTML, like Gecko) Chrome/62.0.3202.94 Safari/537.36"
0:0:0:0:0:0:0:1 - - [21/Nov/2017:01:31:40 +0000] "GET /assets/css/cleditor/jquery.cleditor.css HTTP/1.1" 304 0 "http://localhost:8888/admin/" "Mozilla/5.0 (Windows NT 10.0; Win64; x64) AppleWebKit/537.36 (KHTML, like Gecko) Chrome/62.0.3202.94 Safari/537.36"
0:0:0:0:0:0:0:1 - - [21/Nov/2017:01:31:41 +0000] "GET /assets/css/validationengine/validationEngine.css HTTP/1.1" 304 0 "http://localhost:8888/admin/" "Mozilla/5.0 (Windows NT 10.0; Win64; x64) AppleWebKit/537.36 (KHTML, like Gecko) Chrome/62.0.3202.94 Safari/537.36"
0:0:0:0:0:0:0:1 - - [21/Nov/2017:01:31:41 +0000] "GET /assets/css/fancybox/jquery.fancybox.css HTTP/1.1" 304 0 "http://localhost:8888/admin/" "Mozilla/5.0 (Windows NT 10.0; Win64; x64) AppleWebKit/537.36 (KHTML, like Gecko) Chrome/62.0.3202.94 Safari/537.36"
0:0:0:0:0:0:0:1 - - [21/Nov/2017:01:31:41 +0000] "GET /assets/css/elfinder/elfinder.min.css HTTP/1.1" 304 0 "http://localhost:8888/admin/" "Mozilla/5.0 (Windows NT 10.0; Win64; x64) AppleWebKit/537.36 (KHTML, like Gecko) Chrome/62.0.3202.94 Safari/537.36"
0:0:0:0:0:0:0:1 - - [21/Nov/2017:01:31:41 +0000] "GET /assets/css/filetree/jqueryFileTree.css HTTP/1.1" 304 0 "http://localhost:8888/admin/" "Mozilla/5.0 (Windows NT 10.0; Win64; x64) AppleWebKit/537.36 (KHTML, like Gecko) Chrome/62.0.3202.94 Safari/537.36"
0:0:0:0:0:0:0:1 - - [21/Nov/2017:01:31:41 +0000] "GET /assets/css/fullcalendar/fullcalendar.css HTTP/1.1" 304 0 "http://localhost:8888/admin/" "Mozilla/5.0 (Windows NT 10.0; Win64; x64) AppleWebKit/537.36 (KHTML, like Gecko) Chrome/62.0.3202.94 Safari/537.36"
0:0:0:0:0:0:0:1 - - [21/Nov/2017:01:31:41 +0000] "GET /assets/css/stylesheet.css HTTP/1.1" 304 0 "http://localhost:8888/admin/" "Mozilla/5.0 (Windows NT 10.0; Win64; x64) AppleWebKit/537.36 (KHTML, like Gecko) Chrome/62.0.3202.94 Safari/537.36"
0:0:0:0:0:0:0:1 - - [21/Nov/2017:01:31:41 +0000] "GET /assets/css/mystyles.css HTTP/1.1" 304 0 "http://localhost:8888/admin/" "Mozilla/5.0 (Windows NT 10.0; Win64; x64) AppleWebKit/537.36 (KHTML, like Gecko) Chrome/62.0.3202.94 Safari/537.36"
0:0:0:0:0:0:0:1 - - [21/Nov/2017:01:31:41 +0000] "GET /assets/css/backgrounds.css HTTP/1.1" 304 0 "http://localhost:8888/admin/" "Mozilla/5.0 (Windows NT 10.0; Win64; x64) AppleWebKit/537.36 (KHTML, like Gecko) Chrome/62.0.3202.94 Safari/537.36"
0:0:0:0:0:0:0:1 - - [21/Nov/2017:01:31:41 +0000] "GET /assets/css/themes.css HTTP/1.1" 304 0 "http://localhost:8888/admin/" "Mozilla/5.0 (Windows NT 10.0; Win64; x64) AppleWebKit/537.36 (KHTML, like Gecko) Chrome/62.0.3202.94 Safari/537.36"
0:0:0:0:0:0:0:1 - - [21/Nov/2017:01:31:41 +0000] "GET /assets/img/background/bg_num1.jpg HTTP/1.1" 304 0 "http://localhost:8888/assets/css/stylesheet.css" "Mozilla/5.0 (Windows NT 10.0; Win64; x64) AppleWebKit/537.36 (KHTML, like Gecko) Chrome/62.0.3202.94 Safari/537.36"
0:0:0:0:0:0:0:1 - - [21/Nov/2017:01:31:42 +0000] "GET /common/header.html HTTP/1.1" 304 0 "http://localhost:8888/admin/" "Mozilla/5.0 (Windows NT 10.0; Win64; x64) AppleWebKit/537.36 (KHTML, like Gecko) Chrome/62.0.3202.94 Safari/537.36"
0:0:0:0:0:0:0:1 - - [21/Nov/2017:01:31:42 +0000] "GET /common/footer.html HTTP/1.1" 304 0 "http://localhost:8888/admin/" "Mozilla/5.0 (Windows NT 10.0; Win64; x64) AppleWebKit/537.36 (KHTML, like Gecko) Chrome/62.0.3202.94 Safari/537.36"
0:0:0:0:0:0:0:1 - - [21/Nov/2017:01:31:42 +0000] "GET /content/admin/produk.html HTTP/1.1" 304 0 "http://localhost:8888/admin/" "Mozilla/5.0 (Windows NT 10.0; Win64; x64) AppleWebKit/537.36 (KHTML, like Gecko) Chrome/62.0.3202.94 Safari/537.36"
0:0:0:0:0:0:0:1 - - [21/Nov/2017:01:31:42 +0000] "GET /content/admin/index.html HTTP/1.1" 304 0 "http://localhost:8888/admin/" "Mozilla/5.0 (Windows NT 10.0; Win64; x64) AppleWebKit/537.36 (KHTML, like Gecko) Chrome/62.0.3202.94 Safari/537.36"
0:0:0:0:0:0:0:1 - - [21/Nov/2017:01:31:42 +0000] "GET /assets/js/script/header.js?_=1511227901727 HTTP/1.1" 200 309 "http://localhost:8888/admin/" "Mozilla/5.0 (Windows NT 10.0; Win64; x64) AppleWebKit/537.36 (KHTML, like Gecko) Chrome/62.0.3202.94 Safari/537.36"
0:0:0:0:0:0:0:1 - - [21/Nov/2017:01:31:42 +0000] "GET /assets/js/script/produk.js?_=1511227901728 HTTP/1.1" 200 800 "http://localhost:8888/admin/" "Mozilla/5.0 (Windows NT 10.0; Win64; x64) AppleWebKit/537.36 (KHTML, like Gecko) Chrome/62.0.3202.94 Safari/537.36"
0:0:0:0:0:0:0:1 - - [21/Nov/2017:01:31:42 +0000] "GET /assets/img/background/bt_cubs.png HTTP/1.1" 304 0 "http://localhost:8888/assets/css/stylesheet.css" "Mozilla/5.0 (Windows NT 10.0; Win64; x64) AppleWebKit/537.36 (KHTML, like Gecko) Chrome/62.0.3202.94 Safari/537.36"
0:0:0:0:0:0:0:1 - - [21/Nov/2017:01:31:42 +0000] "GET /assets/css/fonts/fontawesome-webfont.woff?v=3.2.1 HTTP/1.1" 304 0 "http://localhost:8888/assets/css/icons/font-awesome.min.css" "Mozilla/5.0 (Windows NT 10.0; Win64; x64) AppleWebKit/537.36 (KHTML, like Gecko) Chrome/62.0.3202.94 Safari/537.36"
0:0:0:0:0:0:0:1 - - [21/Nov/2017:01:31:44 +0000] "GET /favicon.ico HTTP/1.1" 404 326 "http://localhost:8888/admin/" "Mozilla/5.0 (Windows NT 10.0; Win64; x64) AppleWebKit/537.36 (KHTML, like Gecko) Chrome/62.0.3202.94 Safari/537.36"
0:0:0:0:0:0:0:1 - - [21/Nov/2017:01:32:07 +0000] "GET /assets/img/background/bt_cubs_a.png HTTP/1.1" 304 0 "http://localhost:8888/assets/css/stylesheet.css" "Mozilla/5.0 (Windows NT 10.0; Win64; x64) AppleWebKit/537.36 (KHTML, like Gecko) Chrome/62.0.3202.94 Safari/537.36"
0:0:0:0:0:0:0:1 - - [21/Nov/2017:01:32:08 +0000] "GET /assets/js/script/produk.js?_=1511227901729 HTTP/1.1" 200 800 "http://localhost:8888/admin/" "Mozilla/5.0 (Windows NT 10.0; Win64; x64) AppleWebKit/537.36 (KHTML, like Gecko) Chrome/62.0.3202.94 Safari/537.36"
0:0:0:0:0:0:0:1 - - [21/Nov/2017:03:04:54 +0000] "GET /assets/js/script/header.js?_=1511233493856 HTTP/1.1" 200 309 "http://localhost:8888/admin/" "Mozilla/5.0 (Windows NT 10.0; Win64; x64) AppleWebKit/537.36 (KHTML, like Gecko) Chrome/62.0.3202.94 Safari/537.36"
0:0:0:0:0:0:0:1 - - [21/Nov/2017:03:04:54 +0000] "GET /assets/js/script/produk.js?_=1511233493857 HTTP/1.1" 200 800 "http://localhost:8888/admin/" "Mozilla/5.0 (Windows NT 10.0; Win64; x64) AppleWebKit/537.36 (KHTML, like Gecko) Chrome/62.0.3202.94 Safari/537.36"
